0.107422,0.0144043,-1.03003,-0.00526593,-0.000917576,-0.00172721
0.11084,0.0102539,-1.03003,-0.00565833,-0.00245334,-0.00168559
0.110107,0.0124512,-1.02881,-0.00500269,-0.00291351,-0.00112569
0.113281,0.0131836,-1.02905,-0.00488214,-0.00284331,-0.00109856
0.109863,0.017334,-1.02808,-0.00424521,-0.00173621,-0.00211067
0.108154,0.0217285,-1.02783,-0.0051815,-0.000655795,-0.000501939
0.10498,0.0263672,-1.03003,-0.00557593,-0.00323644,-0.00204772
0.105713,0.0283203,-1.0293,-0.00284512,-0.00211988,-0.00147908
0.101562,0.0241699,-1.02563,-0.00485373,-0.0020688,0.00063372
0.104492,0.0187988,-1.02881,-0.00525606,-0.00253824,-0.001978
0.106689,0.0144043,-1.02417,-0.00253295,-0.00195778,-0.00141105
0.106201,0.012207,-1.0293,-0.00299121,-0.0024299,-0.00189634
0.110352,0.00854492,-1.02856,-0.00395771,-0.00185206,-0.000292773
0.110352,0.0126953,-1.02808,-0.00490093,-0.00284601,-0.0013243
0.108887,0.015625,-1.02979,-0.00426354,-0.00225814,-0.000773098
0.108643,0.017334,-1.03076,-0.00416081,-0.000645855,-0.00127376
0.109619,0.0209961,-1.0271,-0.00354126,-0.00114958,-0.00228165
0.105225,0.0253906,-1.02588,-0.00293664,-0.00164117,-0.00118809
0.106689,0.0246582,-1.021,-0.00338516,-0.00160163,-0.000120878
0.105469,0.0249023,-1.02661,-0.00226501,-0.000524451,-0.000637256
0.104248,0.0224609,-1.02563,-0.00324901,-0.000511814,-0.000102609
0.106934,0.0170898,-1.02637,-0.00265144,-0.000499481,-0.000619427
0.107666,0.0161133,-1.02539,-0.00310684,-0.00256461,-0.000604501
0.106201,0.0112305,-1.02637,-0.00407055,-0.000944939,-7.06445e-05
0.106201,0.00830078,-1.02515,-0.00293389,-0.00144146,-6.89421e-05
0.109375,0.0107422,-1.03003,-0.0023439,-0.000887435,-0.000586571
0.109375,0.0141602,-1.02979,-0.00176813,-0.00138534,-0.00109173
0.109131,0.0192871,-1.02563,-0.0027641,0.000205912,0.000492451
0.10791,0.0222168,-1.02856,-0.0026975,-0.00135692,-3.87062e-05
0.106201,0.0244141,-1.02344,-0.0026325,-0.000804934,-0.000557064
0.103271,0.0280762,-1.02246,-0.00204978,-0.00182412,-2.43504e-05
0.105225,0.0244141,-1.02539,-0.00200038,-0.00126087,-2.37636e-05
0.10376,0.0185547,-1.02368,-0.00143289,-0.000191909,0.0004961
0.105469,0.0168457,-1.02686,-0.00139836,-0.000187285,-3.51449e-05
0.110107,0.0107422,-1.02856,-0.000326087,-0.00122135,-0.00107288
0.109375,0.00976562,-1.02808,-0.00239539,-0.000153342,-0.00104703
0.11084,0.0117188,-1.02881,-0.00181838,-0.000149648,-0.0010218
0.109131,0.0136719,-1.02905,-0.00125527,-0.000146042,-0.000997175
0.106934,0.0214844,-1.0249,-0.00122503,-0.000142522,-0.00149244
0.107666,0.0258789,-1.02856,-0.00223409,-0.000658379,-0.00145647
0.108154,0.0195312,-1.02734,-0.00321884,-0.000123223,0.000136493
0.104004,0.0290527,-1.02124,-0.00210269,-0.00375529,-0.00194396
0.106201,0.0236816,-1.0271,-0.00153274,-0.00106835,0.000699337
0.104492,0.0144043,-1.02539,-0.00201509,-0.00208118,0.000163195
0.107178,0.0153809,-1.02783,-0.00196654,-0.000473163,0.000159262
0.107178,0.0129395,-1.02783,-0.00191915,-0.00253892,-0.00140245
0.108398,0.012207,-1.02783,-0.000315034,0.000637998,-0.000849362
0.113281,0.0131836,-1.02979,-0.00134602,-0.00145454,-0.00134819
0.108154,0.0131836,-1.02783,-0.00131359,-0.00141949,-0.000796409
0.108643,0.0178223,-1.0271,-0.000762647,-0.000865994,-0.000257928
0.109619,0.0239258,-1.02979,-0.00126356,0.00123204,0.000786868
0.102539,0.0263672,-1.02441,-0.00123311,-0.000355523,-0.000270674
0.102051,0.0327148,-1.0271,-0.00172269,-0.00138554,-0.000783443
0.108154,0.0183105,-1.02783,-0.000123308,0.00228288,-0.000245274
0.104492,0.0144043,-1.02441,-0.000639628,-0.00088787,-0.000239364
0.106934,0.0144043,-1.02734,-0.00218209,0.000172107,0.000285694
0.112061,0.010498,-1.02539,-0.00109093,0.00120654,-0.000240481
0.109375,0.00927734,-1.03076,-0.000545347,-0.000899696,0.000284605
0.110107,0.0153809,-1.02783,-0.0010515,-0.00243589,-0.000760834
0.11084,0.0146484,-1.02832,-0.00102616,-0.00081932,-0.000742501
0.108398,0.0217285,-1.02686,-0.00204001,0.000758295,0.000833263
0.106689,0.0239258,-1.02856,-0.000432986,-0.00185643,0.000293894
0.105713,0.0246582,-1.02441,-0.00146113,-0.000253825,-0.00230964
0.108154,0.0241699,-1.02271,-0.000906635,-0.00232487,-0.000696115
0.102295,0.0192871,-1.02271,-0.00244266,0.000327603,-0.00119863
0.106445,0.0180664,-1.02246,-0.00134522,-0.000199582,-0.000650459
0.108643,0.0114746,-1.02759,-0.000793514,-0.000194773,-0.000115494
0.109131,0.00976562,-1.02563,-0.00181297,-0.00019008,-0.000632002
0.111084,0.00927734,-1.02832,-0.000211416,-0.00070479,0.000421808
0.109863,0.013916,-1.03198,-0.0012449,-0.000687808,-0.00166552
0.108643,0.0180664,-1.02661,-0.000695615,-0.000151943,-6.75134e-05
0.108643,0.0229492,-1.02588,-0.000678853,-0.00170615,-0.000585177
0.105713,0.0234375,-1.02759,-0.000143204,-0.00114575,-0.00109037
0.106201,0.0246582,-1.02271,0.000379538,-0.000598853,-0.00158338
0.104248,0.0246582,-1.02734,-0.000148898,-0.000584423,0.00157051
0.105469,0.0209961,-1.02417,-0.00118389,0.000468242,0.00101338
0.107178,0.0166016,-1.02612,-0.000636073,-0.00110091,-4.96204e-05
0.106445,0.0131836,-1.02734,-0.000620746,0.000483488,-0.000567715
0.108398,0.00952148,-1.02637,-8.64975e-05,0.000991127,-0.000554035
0.11084,0.012207,-1.03027,-0.00112299,0.000447955,-0.000540685
0.109619,0.0129395,-1.0271,-0.000576644,-8.21305e-05,-0.000527657
0.10791,0.0180664,-1.02881,-0.00160133,-0.000599442,-0.00103423
0.106934,0.0256348,-1.0271,-0.000524162,-0.00162358,2.92696e-05
0.105713,0.0273438,-1.02637,0.00052705,-0.000545875,0.000547855
0.105713,0.0263672,-1.02588,-0.00104352,-0.00260988,1.53626e-05
0.104004,0.0251465,-1.02319,-0.000499086,0.000568749,1.49924e-05
0.106445,0.0178223,-1.02222,3.22303e-05,0.00107433,-0.00154324
0.106934,0.0153809,-1.02808,-0.00100713,0.000529157,5.18174e-05
0.109863,0.012207,-1.02954,-0.000982859,0.000516406,-0.000468722
0.108398,0.0117188,-1.02661,-0.00199776,-1.53286e-05,-0.00149601
0.112549,0.0126953,-1.03247,0.000127545,0.000504332,9.79118e-05
0.107422,0.0146484,-1.02637,-0.000394819,0.00101147,-0.000423738
0.107422,0.0202637,-1.02832,-0.000904595,-0.000570776,-0.000932818
0.105713,0.0251465,-1.02271,0.000675074,-0.00107631,0.00012824
0.104004,0.0229492,-1.02881,-0.00141835,-0.00105038,0.00220231
0.114502,0.0124512,-1.02954,-0.000864888,0.00209068,7.20825e-05
0.0949707,0.0124512,-1.02734,-0.000324757,-0.00730693,-0.000448945
0.103516,0.0146484,-1.02563,-0.000316931,-0.00713086,0.000600454
0.105957,0.00732422,-1.02637,0.000209997,0.0023882,-0.000452596
0.117676,0.00488281,-1.02979,0.000204938,0.00596568,-0.000960981
0.106445,0.015625,-1.02539,-0.00135787,-0.00508317,0.000100757
0.111572,0.0178223,-1.02881,-0.000286572,0.00386726,-0.00145954
0.108398,0.0214844,-1.02515,-0.000798956,-0.00245742,-0.000385792
0.103516,0.0263672,-1.0271,-0.000779704,-0.00291749,0.000662085
0.107422,0.0266113,-1.02026,0.00131625,0.00442288,-0.00039245
0.104492,0.0180664,-1.02148,-0.000792634,0.00483559,0.000655587
0.104248,0.0102539,-1.02173,-0.000254244,-0.00410887,0.00063979
0.0996094,0.0212402,-1.02881,-0.00180599,0.000144465,-0.000933498
0.111816,0.00585938,-1.02686,-0.000723889,-0.0112834,-0.000391714
0.113281,0.00756836,-1.02832,0.000332135,-0.00166429,0.000656306
0.108154,0.0131836,-1.02734,-0.000714449,0.000452977,-0.00091738
0.109619,0.0166016,-1.02832,0.000341347,0.00978929,0.000143306
0.110107,0.0246582,-1.03076,-0.000186169,0.0225357,-0.00297589
0.110107,0.0244141,-1.0249,-0.000181682,0.00433676,-0.00082702
0.102783,0.0217285,-1.02197,-0.00121588,-0.0103079,-0.000807092
0.10498,0.0266113,-1.02808,0.000371285,0.00292277,0.000770228
0.106201,0.0234375,-1.02686,0.000362338,-0.00493701,0.000751668
0.105957,0.0129395,-1.02881,0.00191148,0.00193273,0.00177214
0.105957,0.00830078,-1.02466,0.000826839,0.00240545,0.000690853
0.106934,0.012207,-1.02734,-0.000231666,0.00286677,0.000674206
0.110352,0.00878906,-1.02734,-0.00126466,-0.000837339,-0.000380621
0.114502,0.00683594,-1.03101,-0.00019561,-0.00133645,0.000667132
0.110352,0.0134277,-1.03491,0.000328395,-0.0251916,0.00117035
0.121338,0.015625,-1.06372,0.0294008,-0.126885,0.00477718
0.107666,0.0263672,-1.06104,0.1023,-0.459987,0.013291
0.0942383,0.0078125,-1.03491,0.161897,-0.693585,0.0186121
0.0847168,0.0102539,-1.02979,0.166686,-0.718594,0.0196763
0.067627,0.0065918,-1.01343,0.167218,-0.716466,0.0191442
0.0388184,0.020752,-0.962891,0.108686,-0.465841,0.00903408
0.0595703,0.00952148,-1.00146,-0.0341419,0.158667,-0.00572374
0.0876465,0.0166016,-1.06641,-0.0862889,0.390136,-0.0126412
0.0917969,0.0151367,-1.07446,0.000434725,0.01827,-0.00247008
0.0600586,0.0231934,-1.05273,0.103132,-0.415934,0.00391527
0.0158691,0.0551758,-1.0769,0.180289,-0.688375,-0.0961219
0.0012207,0.0842285,-1.08496,0.301078,-1.07043,-0.331848
0.0195312,0.172607,-1.0708,0.445813,-1.46473,-0.646858
0.0341797,0.0817871,-1.01294,0.511263,-1.64405,-1.03583
-0.0283203,-0.114014,-0.968262,0.433042,-1.00019,-1.13587
-0.0510254,-0.135986,-0.960938,0.425593,0.0214627,-0.704327
-0.0512695,-0.0703125,-1.00269,0.430382,0.658401,-0.0147087
0.045166,-0.0280762,-0.99292,0.348436,0.903705,0.545074
0.0397949,-0.0202637,-1.10425,0.245206,0.96277,0.61212
0.0771484,0.0170898,-1.10498,0.160068,0.52697,0.377458
-0.0297852,0.0244141,-1.17578,0.0195908,0.127885,0.0810716
-0.027832,-0.0515137,-1.15527,-0.214539,-0.231823,-0.0753695
-0.0114746,-0.118652,-1.14111,-0.460907,-0.406356,-0.0998467
0.0339355,-0.0915527,-1.10767,-0.576375,-0.474466,-0.0812227
0.0725098,-0.0524902,-1.10327,-0.513586,-0.45265,-0.0594061
0.097168,-0.0412598,-1.12061,-0.321493,-0.333456,-0.0237546
0.101807,-0.0529785,-1.13306,-0.12674,-0.157327,0.0321172
0.0791016,-0.0742188,-1.11011,0.0170415,0.0328892,0.0853495
0.052002,-0.0551758,-1.09058,0.110693,0.254248,0.150799
0.00439453,-0.0722656,-1.10938,0.183593,0.445809,0.208268
-0.0544434,-0.0983887,-1.13379,0.226694,0.422928,0.249772
-0.00512695,-0.0898438,-1.06836,0.163905,0.0845041,0.268396
0.0595703,-0.0678711,-1.02222,0.0984548,-0.158671,0.237534
0.11377,-0.0424805,-0.988525,0.0484362,-0.228378,0.214653
0.142334,-0.0422363,-1.01904,-0.023399,-0.129937,0.184855
0.156982,-0.0415039,-1.05371,-0.0555505,-0.00217651,0.123798
0.145508,-0.0124512,-1.07104,-0.0464226,0.0778467,0.0211107
0.119873,-0.0141602,-1.09473,-0.0665949,0.100897,-0.0983155
0.0883789,-0.00219727,-1.08643,-0.15865,0.110475,-0.18505
0.0300293,-0.00708008,-1.09814,-0.304981,0.232861,-0.218041
-0.026123,-0.012207,-1.10498,-0.499202,0.316934,-0.160573
-0.0549316,0.00463867,-1.09644,-0.655643,0.289265,-0.0759668
-0.0585938,0.00634766,-1.07983,-0.74291,0.155172,-0.0307372
-0.0324707,0.0124512,-1.0376,-0.764727,-0.0475626,-0.00785637
-0.00537109,0.0112305,-0.993896,-0.718965,-0.149196,-0.000938903
0.0158691,0.00292969,-1.00049,-0.633295,-0.119398,0.0453549
0.0507812,0.0200195,-1.00879,-0.520487,-0.0629939,0.116658
0.0715332,0.0446777,-1.01709,-0.407147,0.00618077,0.129961
0.0651855,0.0644531,-1.02881,-0.31988,0.0806765,0.0948414
0.0505371,0.0805664,-1.03491,-0.279972,0.112071,0.0677036
0.0412598,0.0839844,-1.04712,-0.290082,0.0982362,0.0650431
0.0473633,0.0786133,-1.05298,-0.343825,0.0561993,0.0607862
0.0549316,0.0742188,-1.0376,-0.410872,-0.0220212,0.0304557
0.0712891,0.0632324,-1.01196,-0.445459,-0.117269,-0.00838848
0.0869141,0.0458984,-0.986328,-0.426303,-0.179527,-0.0493611
0.109375,0.0446777,-0.972168,-0.348082,-0.227949,-0.0850127
0.119629,0.0498047,-0.96582,-0.218779,-0.270518,-0.13716
0.111084,0.0566406,-0.980713,-0.071916,-0.242316,-0.201545
0.0866699,0.0671387,-0.994873,0.0541947,-0.15771,-0.234536
0.0263672,0.0842285,-1.01831,0.220746,-0.110352,-0.248903
0.0297852,0.0878906,-1.00879,0.236177,-0.230609,-0.260078
0.0192871,0.0876465,-0.99707,0.198397,-0.312555,-0.269124
0.0119629,0.0827637,-0.979004,0.145186,-0.300848,-0.26061
0.00537109,0.0834961,-0.983887,0.0855893,-0.223692,-0.230812
0.00854492,0.100098,-0.982666,0.0126899,-0.155049,-0.211123
-0.00415039,0.104248,-0.981934,-0.0649985,-0.0991775,-0.235068
-0.0258789,0.108154,-0.98584,-0.124063,-0.0177643,-0.248903
-0.0275879,0.101074,-0.993896,-0.175146,0.0572636,-0.213784
-0.0339355,0.0844727,-0.962646,-0.264541,0.0375754,-0.135563
-0.0307617,0.0742188,-0.943359,-0.274651,0.0130982,-0.104701
-0.026123,0.0822754,-0.929688,-0.237935,-0.0363882,-0.0743704
-0.0256348,0.0959473,-0.927246,-0.150137,-0.108223,-0.0530859
-0.0158691,0.111816,-0.951172,0.0813324,-0.216774,-0.0642603
-0.0322266,0.106445,-0.953613,0.138801,-0.200279,-0.0796916
-0.0349121,0.0942383,-0.945801,0.133898,-0.136254,-0.0346702
-0.0334473,0.0957031,-0.962891,0.132749,-0.090908,0.0284801
0.00268555,0.104248,-0.981445,0.218951,-0.223404,0.00347084
-0.000732422,0.0834961,-0.984375,0.279612,-0.229789,-0.0736855
-0.0234375,0.057373,-1.00391,0.330163,-0.130284,-0.0891167
-0.032959,0.0627441,-1.01758,0.340805,-0.0472748,-0.0263275
-0.0227051,0.0952148,-1.03589,0.27908,-0.0520638,0.0449756
-0.0119629,0.110596,-1.04468,0.279612,-0.119642,0.027948
0.0012207,0.124023,-1.0459,0.272162,-0.181367,-0.0210063
0.0131836,0.124512,-1.04541,0.245025,-0.180303,-0.0566579
0.0400391,0.102051,-1.02832,0.0495793,-0.0175747,-0.109818
0.0290527,0.057373,-1.02808,-0.0403477,0.0712881,-0.189635
0.0168457,0.0314941,-1.00903,-0.0685497,0.0968295,-0.250828
-0.0134277,0.0236816,-1.00513,-0.0722745,0.174518,-0.272112
-0.0388184,0.0437012,-1.02539,0.0144599,0.312867,-0.182185
-0.0336914,0.0612793,-1.05103,0.0889556,0.344262,-0.128442
-0.0236816,0.0646973,-1.05615,0.126736,0.338941,-0.0800198
-0.0231934,0.0495605,-1.06494,0.119286,0.345858,-0.0363866
-0.0217285,0.0593262,-1.0686,0.0453224,0.322977,0.0152283
-0.0175781,0.0690918,-1.04883,0.00488186,0.261252,-0.0246801
-0.0146484,0.0708008,-1.03394,-0.0451367,0.236775,-0.071506
-0.00488281,0.0715332,-1.02539,-0.084513,0.262317,-0.0773593
-0.000488281,0.0546875,-1.03784,-0.0972838,0.441638,-0.00126718
-0,0.0524902,-1.04321,-0.104733,0.416097,0.037577
-0.00439453,0.0461426,-1.02588,-0.14411,0.320317,0.0216137
-0.0114746,0.0383301,-1.01831,-0.155284,0.2405,0.0157604
0.00439453,0.0424805,-1.02051,-0.0265128,0.189417,0.0971736
0.0148926,0.0449219,-1.0188,0.0144599,0.188353,0.132825
0.0263672,0.0539551,-1.01538,0.0240379,0.158555,0.151981
0.0393066,0.0600586,-1.01074,0.031248,0.0716475,0.134298
0.0883789,0.0690918,-0.98291,0.0578537,-0.0528668,0.0773621
0.101074,0.0654297,-0.972412,0.0782698,-0.00485677,0.0427827
0.0979004,0.0605469,-0.963623,0.100271,0.0747117,-0.00602294
0.0871582,0.0490723,-0.964844,0.112395,0.113416,-0.0624805
0.0512695,0.0244141,-0.976074,0.218286,0.0782967,-0.151875
0.0251465,0.015625,-0.990234,0.30502,0.060737,-0.167839
0.0109863,0.0270996,-0.999512,0.389094,0.0261496,-0.139105
0.0385742,0.0466309,-0.999268,0.451351,-0.0275937,-0.0874898
0.0847168,0.0246582,-1.01001,0.621095,-0.0467498,-0.103453
0.0559082,-0.00390625,-1.04102,0.704636,0.0633975,-0.127398
-0.0012207,-0.0178223,-1.14429,0.732306,0.161838,-0.0928109
0.0134277,0.0241699,-1.18164,0.591296,0.0261496,-0.00554444
0.0625,0.0678711,-1.11768,-0.136634,0.0240212,-0.00767289
0.0566406,0.0412598,-1.08569,-0.309038,0.0900031,-0.0124619
0.0307617,0.0126953,-1.08472,-0.369167,0.084682,-0.00128754
0.0236816,-0.0185547,-1.0437,-0.408011,0.0405167,0.0242539
0.0344238,-0.0339355,-0.967285,-0.187716,-0.0643095,0.0694834
0.0683594,-0.0651855,-0.967773,0.00842514,-0.112612,0.0937737
0.112061,-0.0437012,-1.01562,0.161141,-0.154649,0.127297
0.19458,0.03125,-1.01123,0.252665,-0.142942,0.0065072
0.0839844,-0.0012207,-1.01294,0.311729,-0.0221526,-0.129182
0.0571289,0.020752,-1.03613,0.208499,0.0438293,-0.0850162
0.0783691,0.0539551,-1.03247,0.0476882,0.0453697,-0.115164
0.0959473,0.0141602,-0.984131,-0.061927,-0.0365757,-0.235953
0.0661621,0.00463867,-1.01343,-0.0731013,-0.0951081,-0.422725
0.060791,0.102539,-1.04688,-0.0757619,-0.0998971,-0.566927
0.072998,0.0932617,-1.1001,-0.0911932,-0.2441,-0.877149
-0.000488281,-0.0405273,-1.18042,-0.197084,-0.529844,-1.16183
-0.111572,-0.0205078,-1.14111,0.0636516,-0.694799,-1.19003
-0.0405273,-0.015625,-1.08325,-0.139615,-0.355843,-0.902158
0.0148926,-0.00854492,-1.07202,-0.177395,-0.209512,-0.724965
0.0493164,0.0422363,-1.10034,-0.177928,-0.100961,-0.681863
0.0170898,0,-1.03516,-0.0507526,0.0687826,-0.693038
0.0200195,0.0449219,-1.06152,0.0327891,0.079957,-0.678139
0.0341797,0.0661621,-1.09424,-0.0842757,0.0778285,-0.714854
0.019043,0.0476074,-1.04492,-0.373213,-0.0328509,-0.939938
0.0356445,0.106445,-1.02075,-0.391837,-0.0339151,-1.06605
0.0117188,0.1875,-0.998291,-0.351928,-0.0110343,-1.34541
-0.00732422,0.272705,-1.0105,-0.353525,0.146471,-1.72746
0.0727539,0.101318,-0.957275,0.299377,0.456161,-2.11112
0.108398,0.0615234,-1.01587,0.38558,0.496069,-2.13506
0.119385,0.0280762,-1.04248,0.265322,0.494473,-2.18189
0.0844727,0.0214844,-1.0188,-0.00765149,0.186379,-2.20849
0.0854492,0.00878906,-1.01367,0.00937611,0.211921,-2.22659
0.106445,-0.00317383,-1.00439,0.0822755,0.241187,-2.30002
0.0324707,0.0161133,-1.06641,-0.10556,0.212985,-2.11591
0.0776367,0.0275879,-1.07153,-0.10556,-0.038172,-2.06003
0.0627441,0.0280762,-1.07104,-0.0874684,-0.0653098,-2.08877
0.168457,-0.00292969,-1.06689,-0.0800188,-0.233989,-2.42187
0.0993652,0.0300293,-1.07471,-0.155579,-0.210576,-2.64962
0.105469,0.0134277,-1.00366,-0.234331,-0.269641,-2.73901
0.0251465,-0.0134277,-1.08154,-0.149193,-0.266448,-2.42666
0.0566406,0.0290527,-1.09058,-0.19868,-0.317531,-2.14837
0.0358887,0.083252,-0.965088,-0.447709,-0.28188,-1.90572
0.0158691,0.133301,-1.03247,-0.319469,-0.0115664,-2.09462
0.0324707,0.125732,-1.03003,-0.363103,-0.0120985,-2.32769
0.0351562,0.0808105,-1.03809,-0.44558,-0.122778,-2.54798
-0.0158691,0.0227051,-0.9729,-0.674389,-0.489403,-2.59481
-0.0571289,0.0466309,-0.95752,-0.737178,-0.50856,-2.2931
-0.0739746,0.0383301,-0.965576,-0.711636,-0.365953,-1.89561
-0.0170898,0.059082,-0.898682,-0.545617,-0.173861,-1.63594
-0.012207,0.0942383,-0.898682,-0.268387,0.142746,-1.6668
0.0212402,0.126709,-1.01538,0.0668443,0.497133,-2.19892
0.0458984,0.108154,-1.04932,0.0524772,0.346013,-2.42294
-0.00219727,0.0512695,-1.0415,0.0120367,0.156581,-2.44741
-0.0214844,0.0305176,-1.02759,0.00990822,0.0719753,-2.18136
-0.052002,0.045166,-1.00659,0.0434313,0.0788927,-1.77323
-0.0688477,0.117188,-1.04468,0.0732296,0.150728,-1.4215
-0.0324707,0.179688,-0.998047,0.0391744,0.16882,-1.29273
0.00634766,0.203613,-1.02173,0.0264037,0.169884,-1.51994
0.0249023,0.171875,-1.02002,0.0189541,0.0772964,-1.94297
0.0310059,0.164062,-1.05591,0.0045871,-0.00464893,-2.32928
0.0119629,0.119385,-1.08228,-0.0129726,-0.174393,-2.59268
-0.0324707,0.0349121,-1.07129,0.0162936,-0.280283,-2.53255
-0.0461426,0.0483398,-1.03345,0.142936,-0.207384,-2.16539
-0.0612793,0.0561523,-1.02295,0.305763,-0.0232729,-1.72587
-0.0288086,0.0922852,-1.04858,0.475507,0.162967,-1.46939
-0.107666,0.0498047,-1.06714,0.543085,0.187976,-1.47524
-0.11499,-0.0012207,-1.03589,0.439323,0.0480302,-1.3353
-0.114502,0.114502,-1.10303,0.200405,-0.124906,-1.1581
-0.138672,0.0756836,-0.990967,-0.11567,-0.374467,-1.09798
-0.0708008,0.0888672,-0.967285,-0.238588,-0.350522,-1.03093
-0.098877,0.0778809,-1.05371,-0.144404,-0.331366,-1.14108
-0.0888672,0.0908203,-1.00439,-0.112478,-0.375531,-1.10968
-0.0705566,0.124268,-1.06445,-0.128441,-0.35744,-1.07509
-0.0805664,0.12207,-1.00732,-0.180056,-0.45322,-1.22994
-0.122314,0.146973,-1.10913,-0.257212,-0.556982,-1.3933
-0.117676,0.118896,-1.07202,-0.430681,-0.806543,-1.51249
-0.095459,0.0505371,-0.966064,-0.475911,-0.927332,-1.49493
-0.117188,0.00585938,-0.937744,-0.29446,-0.685221,-1.33955
-0.142334,0.0231934,-0.969971,-0.081083,-0.381917,-1.0602
-0.12207,0.0639648,-1.02441,-0.00445882,-0.155769,-0.765937
-0.119629,0.104248,-1.06445,-0.0374498,-0.158429,-0.653129
-0.11377,0.105225,-1.03955,-0.13323,-0.252081,-0.667496
-0.124756,0.113525,-1.04395,-0.175267,-0.349458,-0.746781
-0.146973,0.0561523,-1.01904,-0.174735,-0.379256,-0.754231
-0.154053,0.00976562,-1.00317,-0.107157,-0.288265,-0.591404
-0.147217,0.00878906,-1.03564,-0.0220185,-0.138741,-0.309385
-0.125,0.0161133,-1.02148,0.0101888,-0.0284243,-0.0235899
-0.145264,0.0544434,-1.00977,0.0379849,0.0382106,0.142113
-0.165283,0.0883789,-1.03906,0.0683154,0.0940824,0.208095
-0.172119,0.0732422,-1.04321,0.0720401,0.0951466,0.269288
-0.164307,0.0661621,-1.04102,0.000204946,0.0983393,0.57472
-0.167969,0.0305176,-1.0083,-0.0434283,0.116431,0.794483
-0.14624,0.0209961,-0.955566,0.0103151,0.293092,1.11801
-0.155273,0.0466309,-0.956055,0.124187,0.592672,1.43621
-0.161865,0.052002,-0.961182,0.224756,0.8566,1.69375
-0.141846,0.0874023,-1.00562,0.283289,0.961426,1.82944
-0.134521,0.101807,-1.03491,0.204536,0.872031,1.83796
-0.0844727,0.121582,-0.98291,0.0369207,0.728361,1.86669
-0.0849609,0.0891113,-0.991455,-0.107814,0.677278,1.93959
-0.0966797,0.0717773,-0.993164,-0.163154,0.698562,2.253
-0.0712891,0.116455,-0.986816,-0.100896,0.713993,2.42541
-0.0864258,0.107666,-0.999023,-0.0875936,0.75337,2.59462
-0.00927734,0.117188,-0.945801,-0.0412998,0.788489,2.72499
-0.00537109,0.072998,-0.988525,0.047563,0.925774,2.76596
-0.00317383,-0.0268555,-1.04858,0.0922604,0.966747,2.90058
0.00952148,-0.0563965,-1.04834,0.105031,0.894912,3.22996
0.0351562,0.0490723,-1.06909,0.0555447,0.813499,3.69982
0.0661621,0.143555,-1.09131,-0.136016,0.684195,4.06751
0.0473633,0.189941,-1.08032,-0.839469,0.352689,3.97918
0.134521,0.163574,-1.03906,-1.00336,-0.0485238,3.52688
0.151123,0.116943,-0.966309,-0.910772,-0.202304,3.00328
0.136475,0.0905762,-0.995361,-0.644715,-0.186341,2.75904
0.114502,0.136719,-1.05664,-0.325448,0.0653483,3.26721
0.193115,0.171631,-1.0332,-0.199337,0.150486,3.55987
0.195312,0.207031,-1.01831,-0.0945111,0.359074,3.58648
0.130371,0.187744,-1.05127,0.0411776,0.419735,3.41514
0.097168,0.102051,-0.996338,0.309894,0.315441,3.22198
0.116455,0.0983887,-1.01025,0.359381,0.330872,3.19325
0.147461,0.134766,-1.00415,0.325326,0.336726,3.11183
0.128174,0.143066,-1.02197,0.214646,0.331405,2.97774
0.0693359,0.0825195,-1.11353,0.0385171,0.0382106,2.92559
0.239502,0.0776367,-1.02539,-0.0923826,-0.124616,3.16132
0.177002,0.0209961,-1.05884,-0.170071,0.0147976,3.29062
0.262207,0.0361328,-0.954834,-0.143998,0.0930182,3.41301
0.240479,-0.0249023,-0.940918,0.205068,0.590011,3.60297
0.232666,-0.0112305,-0.939453,0.346078,0.70548,3.8387
0.232666,-0.0090332,-0.974365,0.363106,0.750709,4.06378
0.262207,0.0200195,-0.994141,0.269986,0.736874,4.18032
0.217773,-0.0483398,-1.01343,0.241252,0.442084,4.03186
0.222412,-0.0563965,-1.02075,0.391308,0.386212,3.89723
0.213867,-0.0688477,-1.02661,0.444519,0.410689,3.76793
0.179932,-0.0910645,-1.03833,0.342353,0.474543,3.67374
0.217041,-0.182861,-1.00781,-0.0875936,0.279258,3.56785
0.243164,-0.196045,-0.970703,-0.17486,0.182413,3.53486
0.209717,-0.225098,-0.956787,-0.211044,0.11111,3.49549
0.165283,-0.206055,-1.01318,-0.216365,-0.0272393,3.50985
0.23999,-0.150879,-1.00757,-0.291393,-0.256048,3.27892
0.22168,-0.176025,-0.976074,-0.219558,-0.389608,3.06075
0.210449,-0.184814,-0.927002,-0.00671252,-0.413021,2.93836
0.123779,-0.189453,-0.96582,0.201343,-0.335332,2.9538
0.067627,-0.209473,-0.990723,0.310427,-0.341186,3.2438
0.112061,-0.232178,-0.993164,0.239123,-0.293828,3.41354
0.179443,-0.207764,-0.996582,0.128444,-0.230506,3.4593
0.199219,-0.19043,-1.01685,-0.0444925,-0.117166,3.30871
0.117188,-0.206299,-0.98291,-0.317466,0.0722658,2.86813
0.0939941,-0.188477,-1.0022,-0.338219,0.19678,2.77554
0.10083,-0.175781,-0.979004,-0.308952,0.197844,2.70423
0.124512,-0.163086,-0.974609,-0.253613,0.193587,2.62229
0.108887,-0.13916,-1.02246,-0.321723,0.397387,2.48713
0.0891113,-0.130371,-1.02441,-0.411118,0.338322,2.45893
0.0703125,-0.195312,-0.964111,-0.451559,0.215936,2.48075
0.0419922,-0.24707,-0.969238,-0.287668,0.159,2.61537
0.0695801,-0.222168,-0.999023,0.152921,0.0594951,2.86334
0.0678711,-0.172363,-1.03442,0.229545,-0.00595479,2.924
0.0827637,-0.144775,-0.98291,0.172077,-0.0261751,2.90378
0.0605469,-0.178955,-0.96582,0.0965173,0.0839722,2.83141
0.0769043,-0.170166,-1.00439,0.10716,0.280322,2.74946
0.141846,-0.231445,-1.02734,0.138022,0.234028,2.67976
0.105713,-0.283691,-1.06421,0.166756,0.21434,2.53343
0.0930176,-0.316406,-1.0603,0.0842787,0.158468,2.43658
0.0339355,-0.312744,-1.02441,-0.42176,-0.0942855,2.71754
0.0192871,-0.276855,-1.01123,-0.609596,-0.165056,2.88835
0.046875,-0.23584,-0.983887,-0.67611,-0.189002,2.96231
0.0219727,-0.210205,-0.979004,-0.689945,-0.0884322,2.88356
0.00292969,-0.154785,-0.997803,-0.744221,0.121752,2.65954
-0.00512695,-0.136963,-1.03711,-0.831487,0.112706,2.48713
-0.0187988,-0.140869,-0.991455,-0.8549,0.0291646,2.31792
-0.0275879,-0.138672,-0.999756,-0.774019,0.0930182,2.21576
-0.0256348,-0.121826,-1.0354,-0.57022,0.354285,1.99919
-0.0200195,-0.109131,-1.03149,-0.517008,0.296817,1.79432
-0.0773926,-0.0949707,-1.03735,-0.464861,0.403772,1.60755
-0.0688477,-0.131836,-0.953857,-0.404733,0.642158,1.59744
-0.00952148,-0.101074,-0.992432,-0.313209,0.748581,1.68311
-0.0187988,-0.0935059,-1.01074,-0.246163,0.950251,1.71397
0.0380859,-0.0302734,-1.0647,-0.188695,0.93482,1.70227
0.103027,-0.0969238,-1.04419,-0.194548,0.190395,1.62777
0.131104,-0.119629,-1.04663,-0.135484,-0.0980103,1.68311
0.147461,-0.0646973,-1.09253,-0.0599238,-0.278396,1.68364
0.0817871,-0.0534668,-1.07593,-0.1573,-0.511994,1.51975
0.0876465,-0.0871582,-0.988037,-0.283943,-0.527425,1.48783
0.0849609,-0.107422,-1.00098,-0.306292,-0.402379,1.41865
0.0683594,-0.013916,-1.09717,-0.274365,-0.204965,1.23826
0.0593262,0.00292969,-1.00488,-0.25787,-0.127276,0.227783
0.00976562,-0.0136719,-1.00684,-0.0311897,-0.166121,-0.0297594
-0.0368652,-0.060791,-1.00024,0.151857,-0.216139,-0.190457
-0.0895996,-0.0783691,-1.0144,0.100774,-0.169313,0.102737
-0.0566406,-0.0458984,-1.01465,0.0661869,-0.204965,0.223526
-0.026123,-0.0209961,-1.0083,0.0624621,-0.193258,0.212352
-0.0178223,-0.0327148,-1.02026,0.130573,0.0110728,-0.326678
-0.0515137,-0.0686035,-1.02539,0.143875,-0.0288356,-0.372972
-0.083252,-0.0957031,-1.02173,0.145472,-0.103863,-0.303265
-0.102295,-0.095459,-1.05371,0.000204946,-0.203901,0.124021
-0.0744629,-0.0683594,-1.05786,-0.0615201,-0.195387,0.179361
-0.0622559,-0.048584,-1.05127,-0.113135,-0.134726,0.0942228
-0.0300293,-0.0356445,-1.07153,-0.0365108,0.068541,-0.424055
-0.0285645,-0.0446777,-1.06372,-0.00777674,0.0956787,-0.594863
-0.0339355,-0.0424805,-1.05225,0.02415,0.0919539,-0.727891
-0.0732422,-0.0610352,-1.02002,-0.00351984,0.12122,-0.714056
-0.0556641,-0.0532227,-1.03638,-0.00777674,0.137716,-0.701285
-0.027832,-0.0412598,-1.06812,-0.000859279,0.165918,-0.821011
0.00341797,-0.0559082,-1.02979,-0.0844009,0.365992,-1.83841
-0.0195312,-0.0654297,-1.00928,-0.0636486,0.382487,-2.06562
-0.0266113,-0.0534668,-1.02148,-0.00777674,0.361203,-2.1332
0.0634766,-0.0383301,-1.05493,-0.0125658,0.518176,-2.16619
0.123779,0.0078125,-1.09326,0.0113793,0.346304,-2.24282
0.151123,-0.00952148,-1.06689,0.0528841,0.0765227,-2.39287
0.143311,-0.074707,-1.04541,0.248701,-0.247534,-2.56474
0.141602,-0.0725098,-1.06567,0.297124,-0.406636,-2.66904
0.0866699,-0.083252,-1.08691,0.257215,-0.557223,-2.7563
0.0910645,-0.0910645,-1.04468,0.168353,-0.736545,-2.75737
-0.00292969,-0.124268,-0.975586,0.0991779,-0.66205,-2.67383
0.0478516,-0.0751953,-1.05615,0.0363886,-0.545517,-2.53654
0.0546875,-0.0317383,-1.08862,-0.154108,-0.457718,-2.76163
0.0273438,-0.0109863,-1.09961,-0.362164,-0.45825,-3.09898
-0.0136719,-0.140869,-0.95459,-0.681431,-0.617884,-3.51244
-0.101074,-0.215576,-0.911621,-0.527651,-0.387479,-3.30917
-0.123047,-0.235352,-0.92627,-0.323319,-0.228378,-2.7595
-0.0922852,-0.208008,-0.975586,-0.221686,-0.1459,-2.07148
-0.0681152,-0.150391,-1.05151,-0.252549,-0.160267,-1.49254
0.0351562,-0.059082,-1.05566,-0.397815,-0.308727,-1.05674
0.0334473,-0.0124512,-1.07007,-0.454219,-0.321498,-1.20786
0.0151367,0.0065918,-1.05493,-0.525522,-0.323094,-1.50584
0.00463867,0.00610352,-1.03271,-0.589908,-0.295956,-1.83788
0.0119629,-0.00439453,-1.00635,-0.634073,-0.202836,-2.10074
0.00415039,-0.000976562,-1.01001,-0.646312,-0.0203218,-2.32263
-0.0126953,-0.000732422,-0.989746,-0.652165,0.189331,-2.49876
-0.0163574,-0.0100098,-0.977783,-0.660679,0.43091,-2.59827
0.0307617,-0.0100098,-0.973633,-0.643119,0.676214,-2.6435
0.0507812,-0.0090332,-0.989746,-0.579266,0.936417,-2.743
0.0341797,0.00732422,-1.01123,-0.45954,1.10297,-2.88561
-0.0327148,-0.0234375,-1.09692,-0.32598,1.12266,-2.93935
0.0466309,-0.0324707,-0.967285,-0.121649,0.900233,-2.89199
0.00537109,-0.0270996,-0.938721,0.135362,0.856068,-2.71533
-0.0551758,-0.0288086,-0.973389,0.345014,0.840104,-2.34392
0.00292969,-0.0148926,-0.984619,0.490813,0.798067,-1.94483
0.0908203,0.0324707,-1.00317,0.62118,0.827333,-1.79424
0.105469,0.0532227,-1.05493,0.760062,0.895976,-1.95388
0.0766602,0.0324707,-1.08252,0.878723,0.930031,-2.21355
0.121094,0.0339355,-0.998291,0.929806,0.80871,-2.31571
0.183105,0.0349121,-1.11255,0.911182,0.497956,-2.19865
0.243652,0.0837402,-1.18384,0.860099,0.131862,-2.34764
0.236328,0.0197754,-1.08545,0.587125,-0.188469,-2.67489
0.167725,-0.027832,-1.03735,0.167288,-0.254451,-2.82069
0.212891,-0.0761719,-0.967773,-0.412182,-0.268818,-2.70575
0.1875,-0.0354004,-1.00928,-0.366953,-0.068212,-2.77812
0.0959473,-0.00927734,-1.0249,-0.181778,-0.0437348,-2.96223
0.103027,-0.00170898,-0.970215,0.0566089,-0.102267,-3.11176
0.179443,-0.0422363,-0.917236,0.549877,0.283514,-3.20328
0.184082,-0.0180664,-0.996582,0.739309,0.521369,-3.18838
0.157471,0.0166016,-1.02148,0.849457,0.572452,-3.19636
0.139893,0.0712891,-1.05249,0.917035,0.501681,-3.15645
0.129883,0.0566406,-1.04028,0.946301,0.281386,-3.1075
0.139404,0.00976562,-0.94873,0.983549,0.136119,-3.06972
0.0983887,-0.10083,-0.891113,1.02718,0.280854,-3.04577
0.0993652,-0.106445,-0.897461,1.09849,0.35801,-2.99416
0.122314,-0.0634766,-1.02271,1.08305,0.253716,-2.96436
0.249023,-0.118896,-1.05347,0.568501,-0.343846,-3.1506
0.220947,-0.168701,-1.01196,0.332775,-0.418874,-3.15698
0.144043,-0.143066,-1.05884,0.168353,-0.314048,-3.0032
0.162598,-0.095459,-1.06348,-0.0444925,-0.442819,-2.90849
0.19165,-0.0200195,-1.01904,-0.218493,-0.743463,-3.02342
0.244385,-0.0263672,-0.949951,-0.227539,-1.20587,-3.2964
0.237793,-0.0336914,-0.941406,-0.117924,-1.26653,-3.46082
0.189453,0.00170898,-1.00757,-0.0216117,-1.0308,-3.47838
0.141113,-0.00244141,-1.05981,-0.0519421,-0.742399,-3.41559
0.196533,0.017334,-1.02515,-0.109942,-0.529554,-3.34855
0.187988,-0.0119629,-1.01855,-0.138676,-0.212947,-3.36291
0.192871,-0.0529785,-1.05127,-0.0695018,-0.054377,-3.36291
0.187744,-0.0124512,-1.0957,0.0927925,-0.0336246,-3.30066
0.139893,-0.00292969,-1.05298,0.198683,-0.102799,-3.13251
0.118652,-0.000732422,-0.981934,0.276371,-0.0714046,-2.86964
0.106934,0.0144043,-0.980225,0.376409,0.0249077,-2.64882
0.104492,0.013916,-1.01953,0.502519,-0.000101552,-2.53973
0.130859,0.0109863,-1.03418,0.602024,-0.103331,-2.53654
0.110352,-0.0244141,-1.09375,0.569565,-0.186873,-2.60678
0.151855,-0.0620117,-1.02905,0.451969,-0.359278,-2.63658
0.128662,-0.0795898,-0.977539,0.372684,-0.373645,-2.59454
0.081543,-0.103027,-0.991211,0.399289,-0.330011,-2.49557
0.0737305,-0.107422,-1.0083,0.440262,-0.249662,-2.34072
0.041748,-0.119629,-1.02148,0.425895,-0.156543,-2.10234
1.06689,-1.06689,-1.06689,-2.32672,2.32896,2.31579
0.0185547,-0.0756836,-1.00586,0.249766,-0.126744,-1.31854
0.0439453,-0.0285645,-1.0332,0.144407,-0.154414,-1.14028
0.0351562,-0.0134277,-1.05884,0.0566089,-0.254983,-1.18498
0.0566406,0.0124512,-1.07983,-0.032786,-0.384819,-1.21584
0.116211,0.0129395,-1.06812,-0.124309,-0.465168,-1.26266
0.12207,0.0090332,-1.05176,-0.170603,-0.668435,-1.42336
0.0957031,0.0249023,-1.08423,-0.219025,-0.881812,-1.58566
0.0725098,0.0427246,-1.06201,-0.380788,-1.04304,-1.67505
0.043457,-0.00244141,-0.989746,-0.507963,-1.06646,-1.64472
0.020752,0.0283203,-1.00537,-0.455815,-0.874362,-1.54734
0.00756836,0.0246582,-1.01489,-0.221154,-0.511462,-1.50903
0.0249023,0.0129395,-0.996826,-0.110474,-0.384819,-1.5085
-0.0126953,0.0302734,-1.07275,-0.0492815,-0.284782,-1.48775
0.0361328,-0.00732422,-1.05591,-0.0732266,-0.356085,-1.44252
0.0153809,0.00170898,-1.0979,-0.116328,-0.428452,-1.41698
-0.015625,-0.0314941,-1.0293,-0.165282,-0.5966,-1.32705
0.00927734,-0.0332031,-0.97998,-0.124309,-0.519443,-1.13336
-0.0307617,0,-1.02368,0.0257463,-0.373645,-1.05674
-0.0166016,-0.0170898,-1.01831,0.132701,-0.338525,-1.01204
0.00146484,0.0114746,-0.980713,0.216243,-0.369388,-1.00831
-0.0141602,-0.015625,-1.00098,0.232738,-0.190066,-0.892846
-0.0307617,-0.0249023,-1.01685,0.250298,-0.12568,-0.807708
-0.0358887,-0.0437012,-1.02173,0.235931,-0.146965,-0.764075
-0.0454102,-0.0185547,-1.0459,0.201876,-0.255516,-0.743854
-0.015625,-0.0817871,-0.977295,0.131105,-0.32203,-0.575707
-0.0341797,-0.052002,-1.00757,0.118866,-0.154946,-0.330403
-0.0388184,-0.0185547,-1.02222,0.0981137,-0.0708725,-0.208017
-0.0439453,-0.0205078,-1.01221,0.0635535,0.00561309,-0.129265
-0.0432129,0.0065918,-1.05225,0.0495591,0.0392317,-0.0612392
-0.0419922,0.0249023,-1.04639,0.0260354,-0.0489544,-0.0774195
-0.0380859,0.0227051,-1.04834,-0.0187317,-0.0773744,-0.0693225
-0.0439453,-0.00244141,-1.05029,-0.0811145,-0.08278,-0.0432454
-0.0615234,0.0185547,-1.03906,-0.146564,-0.109918,0.0844616
-0.0625,0.0490723,-1.01636,-0.148745,-0.060533,0.10943
-0.0852051,0.074707,-1.05908,-0.103515,-0.0254135,-0.00710313
-0.0898438,0.0234375,-1.04639,-0.0859556,-0.0584045,-0.11459
-0.0805664,0.0129395,-1.05688,-0.0262431,-0.00247167,-0.00641268
-0.0727539,0.00878906,-1.04175,-0.0292458,0.0354961,0.0633268
-0.0705566,0.0180664,-1.05371,0.00157782,0.0497002,0.0347977
-0.0585938,0.00512695,-1.06714,0.000501216,0.0199416,0.0022825
-0.0432129,-0.0244141,-1.02515,-0.0612238,0.00291402,0.10232
-0.0476074,-0.000244141,-1.04614,-0.0606917,0.0657033,0.201293
-0.0356445,-0.00927734,-1.03223,-0.0511137,0.0699602,0.252908
-0.0251465,-0.0244141,-1.03491,-0.0266365,0.101887,0.310376
-0.0126953,-0.0441895,-1.06616,-0.0606917,0.207245,0.561001
-0.00830078,-0.0778809,-1.08618,-0.131995,0.205649,0.737662
-0.0280762,-0.0610352,-1.10474,-0.241078,0.109869,0.998397
-0.0354004,-0.034668,-1.08545,-0.426785,-0.0258201,1.32405
-0.0534668,0.0402832,-1.00562,-0.773723,-0.0513615,1.82424
-0.0517578,0.0703125,-0.994385,-0.781172,0.122639,1.95514
-0.036377,0.057373,-0.955322,-0.644419,0.360494,1.9993
-0.0266113,0.0222168,-0.940674,-0.398583,0.593559,1.99238
0.00683594,0.081543,-1.02539,-0.0277008,0.79523,1.9977
0.0444336,0.0578613,-1.03833,-0.0261044,0.772349,2.01793
0.102051,0.0275879,-1.01025,0.00316178,0.701578,2.08231
0.101318,0.0153809,-0.985352,0.079786,0.796294,2.3324
0.015625,-0.159912,-1.01074,0.21175,1.32628,3.60256
0.120361,-0.0375977,-0.974854,0.21441,1.45398,4.13467
0.159424,0.0693359,-1.05322,0.136722,1.4311,4.27674
0.172607,0.10376,-1.08423,-0.080912,1.2736,4.0905
0.231445,0.0571289,-1.03784,-0.350693,0.927194,3.28648
0.232178,0.0148926,-1.01172,-0.321959,0.883028,3.03053
0.25,0.0185547,-0.990967,-0.281518,0.894735,3.04011
0.223389,0.0351562,-1.01025,-0.349097,1.01286,3.24232
0.113037,-0.00732422,-0.987061,-0.603979,1.12141,3.72069
0.143799,0.010498,-1.0061,-0.523098,1.01074,3.73186
0.199219,0.0219727,-1.00244,-0.357611,0.861744,3.5834
0.251221,0.0339355,-0.986328,-0.159665,0.792037,3.3961
0.237305,-0.0471191,-0.830078,0.207493,1.02936,3.13749
0.264648,-0.0231934,-1.01489,0.475146,1.24806,3.22316
0.280518,0.0153809,-1.03955,0.505476,1.1842,3.35991
0.287354,-0.0202637,-1.02637,0.320301,1.03362,3.53445
0.149414,-0.207031,-0.97583,-0.104857,0.488733,4.18628
0.405029,-0.0415039,-0.923096,-0.314509,0.317393,4.80247
0.46167,0.0568848,-1.01392,-0.607703,0.556311,4.94029
0.383789,0.050293,-1.08765,-0.972201,0.594623,4.72744
0.307129,-0.0686035,-0.991211,-1.53464,0.253539,4.28951
0.280518,-0.111084,-0.953369,-1.6251,0.314732,4.2097
0.289307,-0.125244,-0.920166,-1.60488,0.405191,4.21395
0.283936,-0.124756,-0.934326,-1.5703,0.635064,4.28206
0.248779,-0.153809,-0.96167,-1.51283,0.814386,4.60718
0.291748,-0.144043,-0.910156,-1.33723,0.508953,4.62474
0.282959,-0.132812,-0.937012,-1.14461,0.255667,4.48373
0.231445,-0.108643,-0.991455,-1.03393,0.192878,4.27994
0.269043,-0.0910645,-1.02563,-0.913668,0.0353729,4.05485
0.327393,-0.095459,-0.999023,-0.703484,-0.135435,3.81859
0.313477,-0.0910645,-0.990967,-0.431574,-0.192903,3.53391
0.246338,-0.0700684,-1.00659,-0.164454,-0.334445,3.30511
0.292969,-0.0722656,-0.958252,-0.00375568,-0.497804,3.15824
0.251709,-0.128662,-0.956055,0.535806,-0.34828,2.6671
0.198486,-0.170898,-1.01196,0.622009,-0.458428,2.57505
0.13916,-0.250977,-1.05029,0.618816,-0.709053,2.57398
0.125244,-0.331543,-0.939209,0.776853,-0.944778,2.96509
0.180908,-0.221191,-0.955811,0.867313,-0.735658,3.11887
0.165527,-0.136475,-1.00342,0.77845,-0.52707,3.00659
0.111572,-0.181396,-0.97998,0.546449,-0.463749,2.75543
0.00512695,-0.296875,-1.03687,0.079786,-0.00879246,2.84483
-0.00341797,-0.436768,-1.08081,-0.232032,-0.0604074,2.95657
0.0949707,-0.403076,-0.951172,-0.527354,0.0162168,2.95019
0.106445,-0.225098,-0.999512,-0.918989,0.735101,2.31272
0.0751953,-0.204346,-1.04395,-0.917393,0.75,2.04453
0.0373535,-0.248535,-1.09326,-0.801925,0.555779,1.8386
0.00805664,-0.295166,-1.01147,-0.4204,0.102951,2.02378
0.0568848,-0.239258,-0.999023,-0.501813,0.0869878,2.18873
0.0812988,-0.209229,-1.01245,-0.626859,0.130621,2.20044
0.103516,-0.191162,-1.01074,-0.706676,0.0529326,2.05996
0.0483398,-0.18335,-1.00537,-0.891852,0.118915,1.88011
0.0671387,-0.165771,-1.01001,-0.974861,0.0864557,1.87372
0.0664062,-0.16333,-0.995117,-1.03871,0.0752813,1.81519
0.0124512,-0.135986,-0.979736,-0.969008,-0.0811598,1.76517
0.0090332,-0.100342,-1.00439,-0.881209,-0.110958,1.87798
-0.0012207,-0.104248,-1.00391,-0.854072,-0.151399,1.91469
0.0175781,-0.09375,-0.993652,-0.832255,-0.123729,1.83488
-0.00952148,-0.114014,-0.968262,-0.761484,-0.0109209,1.63055
-0.0166016,-0.0793457,-0.998535,-0.508198,0.180108,1.45229
-0.0090332,-0.0778809,-1.00488,-0.459776,0.259924,1.46612
0.0183105,-0.102539,-0.974365,-0.433703,0.318989,1.47038
-0.000488281,-0.050293,-1.0603,-0.391666,0.48288,1.51082
-0.0239258,-0.0834961,-1.02393,-0.450198,0.514274,1.41983
-0.0166016,-0.0712891,-1.04321,-0.442216,0.564825,1.43686
0.019043,-0.0463867,-1.0542,-0.431574,0.500971,1.45389
0.0512695,-0.0415039,-1.00732,-0.41029,0.356237,1.39748
0.0578613,-0.0224609,-1.01587,-0.348565,0.330163,1.35225
0.0717773,-0.0065918,-1.03174,-0.276729,0.279613,1.31181
0.0651855,-0.0136719,-1.05005,-0.220325,0.188089,1.24955
0.0712891,-0.0158691,-1.06543,-0.172435,0.0619785,1.20007
0.0783691,0.000244141,-1.04468,-0.146362,-0.0737102,1.14526
0.0686035,-0.00219727,-0.997559,-0.0931506,-0.136499,1.05799
0.0759277,0.0234375,-1.00342,0.0356206,-0.120536,0.998929
0.0756836,0.0239258,-1.02734,0.149493,-0.114151,0.920177
0.0800781,0.0146484,-1.04395,0.200043,-0.172151,0.790341
0.043457,-0.0356445,-1.03857,0.183548,-0.192371,0.627515
0.0102539,-0.0522461,-1.03247,0.126612,-0.197692,0.520028
-0.00341797,-0.0808105,-1.03979,0.0430702,-0.187582,0.515239
0.000976562,-0.0654297,-1.04761,-0.0085447,-0.200885,0.579093
0.0349121,-0.0339355,-1.06055,-0.0521779,-0.251436,0.632836
0.0512695,-0.0236816,-1.05469,-0.0915543,-0.321675,0.56579
0.0336914,-0.0246582,-1.03394,-0.095279,-0.365308,0.449789
0.00805664,-0.032959,-1.0354,-0.0771872,-0.347748,0.356137
0.00390625,-0.0288086,-1.03589,-0.0947469,-0.267399,0.287495
0.00170898,-0.0109863,-1.03491,-0.130398,-0.132243,0.184797
0.00268555,0.00219727,-1.04468,-0.128295,-0.0080613,0.0396164
-0.000488281,-0.00415039,-1.06226,-0.0670429,0.044062,-0.109855
-0.0185547,-0.0410156,-1.06567,0.0266089,-0.0123419,-0.230645
-0.0358887,-0.0683594,-1.0437,0.101637,-0.122489,-0.212021
-0.0461426,-0.0722656,-1.03076,0.0808844,-0.166122,-0.0773964
-0.0397949,-0.0600586,-1.04126,-0.0207685,-0.121615,0.0262495
-0.027832,-0.0385742,-1.02808,-0.110625,-0.0319628,0.0349642
-0.0214844,-0.0153809,-1.02759,-0.124576,0.0467009,-0.0120952
-0.00976562,0.00878906,-1.03174,-0.0795118,0.0528457,-0.0517891
0.0117188,0.00854492,-1.02563,-0.011646,-0.0112619,-0.0816986
0.0197754,0.0078125,-1.03979,0.0582196,-0.0364357,-0.141526
0.0134277,-0.00756836,-1.05542,0.0890821,-0.0444174,-0.282535
-0.00244141,-0.0231934,-1.04712,0.0635407,-0.0412247,-0.438444
-0.00610352,-0.0217285,-1.05591,0.0113937,-0.0502707,-0.532628
-0.00317383,-0.0317383,-1.03174,-0.0242579,-0.0907112,-0.587436
-0.00439453,-0.0141602,-1.04443,-0.0194689,-0.107207,-0.628941
0.00537109,-0.00561523,-1.04443,-0.0396891,-0.133812,-0.706097
0.00341797,0.0283203,-1.05762,-0.0859829,-0.106142,-0.849767
0.0410156,0.0466309,-1.0752,-0.162075,-0.099225,-1.10891
0.0458984,0.0380859,-1.0647,-0.222736,-0.111996,-1.45584
0.026123,0.0461426,-1.05444,-0.180167,-0.185959,-1.76819
0.0212402,0.00463867,-1.0542,-0.0881114,-0.292382,-2.00552
-0.0129395,-0.0344238,-1.04492,0.0709903,-0.375391,-2.113
-0.0390625,-0.0354004,-1.03857,0.249248,-0.49352,-2.10023
-0.0480957,-0.0297852,-1.03271,0.350349,-0.598879,-2.00711
-0.0554199,-0.0371094,-1.04053,0.363652,-0.658475,-1.94539
-0.074707,-0.0390625,-1.04761,0.326936,-0.735632,-1.95816
-0.0788574,-0.0551758,-1.06348,0.300331,-0.862806,-2.00924
-0.0725098,-0.0627441,-1.07617,0.290221,-0.959119,-2.10981
-0.078125,-0.097168,-1.052,0.260422,-1.02297,-2.24337
-0.104492,-0.144531,-1.00781,0.233817,-1.04426,-2.25295
-0.109131,-0.162598,-0.966064,0.206147,-0.941559,-2.06192
-0.133545,-0.156738,-0.994629,0.144954,-0.800549,-1.76394
-0.131104,-0.142578,-1.03589,0.0246965,-0.740953,-1.51118
-0.122559,-0.111084,-1.07056,-0.12057,-0.751063,-1.42498
-0.137207,-0.106934,-1.08887,-0.254663,-0.809595,-1.46861
-0.181641,-0.0505371,-1.15405,-0.314791,-1.11769,-1.49469
-0.16626,-0.0703125,-1.05298,-0.34725,-1.45345,-1.55162
-0.199951,-0.0922852,-1.11304,-0.315856,-1.39918,-1.61335
-0.116943,-0.0561523,-0.999023,-0.399397,-1.40556,-1.65113
-0.184082,-0.0632324,-0.960205,-0.548921,-1.27466,-1.7384
-0.0935059,-0.060791,-0.847656,-0.654279,-0.972954,-1.77671
-0.171875,-0.0561523,-0.975098,-0.568609,0.0832896,-2.13322
-0.169434,-0.0810547,-0.988281,-0.418021,0.221639,-2.31095
-0.149902,-0.0720215,-0.967529,-0.272754,0.278043,-2.4344
-0.137695,-0.0493164,-0.955566,-0.200919,0.37808,-2.4908
-0.143311,-0.046875,-0.952881,-0.222736,0.502594,-2.54082
-0.154297,-0.0830078,-0.962891,-0.269562,0.526539,-2.60627
-0.188232,-0.11792,-0.982422,-0.187616,0.470135,-2.63713
-0.213623,-0.161621,-0.95874,-0.0551204,0.446722,-2.50144
-0.174316,-0.178955,-0.965576,0.0576875,0.475457,-2.26678
-0.0996094,-0.0795898,-1.13086,-0.0710838,0.6601,-2.14759
-0.0637207,-0.0327148,-1.12451,-0.366406,0.537182,-2.229
-0.0458984,-0.0375977,-1.10132,-0.638848,0.354135,-2.39289
-0.128662,-0.046875,-1.12061,-0.751124,0.205675,-2.59989
-0.0986328,-0.115723,-0.966064,-0.695252,0.276979,-2.88989
-0.237305,-0.144775,-1.09131,-0.456865,0.401493,-2.80901
-0.032959,-0.116699,-0.947998,-0.252002,0.256226,-2.57168
-0.0617676,-0.105957,-1.0249,-0.0354322,0.395108,-2.47058
-0.0375977,-0.102783,-1.01147,0.359395,0.470668,-2.42748
-0.0495605,-0.0639648,-1.0083,0.515304,0.587732,-2.47324
-0.0498047,-0.0341797,-1.01465,0.574901,0.613274,-2.51634
-0.0581055,-0.0385742,-1.01904,0.567983,0.528136,-2.57222
-0.00146484,-0.0944824,-1.03735,0.666424,0.00134426,-2.61851
-0.00170898,-0.101807,-1.03198,0.581818,-0.0949681,-2.73132
0.00805664,-0.131348,-1.00464,0.44613,-0.129023,-2.87073
-0.019043,-0.151123,-0.916992,0.271065,-0.100289,-2.90851
0.0725098,-0.19043,-0.926025,0.000219302,-0.00238053,-2.59084
-0.0195312,-0.1875,-0.982666,-0.0710838,0.255694,-2.56796
0.0141602,-0.178711,-0.964844,-0.0524598,0.35041,-2.58924
0.0246582,-0.194092,-0.966553,0.0401277,0.470668,-2.58871
0.0141602,-0.173584,-1.00537,0.185927,0.674999,-2.38225
0.0517578,-0.138428,-1.03955,0.204551,0.551017,-2.24922
0.079834,-0.156738,-1.06006,0.159853,0.381273,-2.12364
0.103027,-0.183838,-1.05737,0.101853,0.201419,-1.96082
0.113037,-0.216797,-1.06836,0.0481094,-0.164143,-1.5181
0.112305,-0.187012,-1.05786,-0.0215973,-0.323244,-1.27067
0.0612793,-0.165283,-1.05469,-0.119506,-0.464786,-1.00621
0.0563965,-0.164551,-1.04541,-0.18602,-0.607925,-0.733235
0.095459,-0.101318,-1.06201,-0.163671,-0.690402,-0.827419
0.0891113,-0.0351562,-1.07788,-0.360021,-0.705833,-1.20628
0.0854492,-0.0905762,-1.02368,-0.757509,-0.712751,-1.81502
0.0893555,-0.076416,-1.06226,-1.11881,-0.787779,-2.50517
0.00317383,-0.196289,-0.963867,-1.59293,-0.553649,-2.84785
0.0124512,-0.123779,-1.01538,-1.44766,-0.45574,-2.5802
0.0976562,-0.0705566,-1.00488,-1.32953,-0.0444174,-2.20399
0.10791,-0.0686035,-1.00024,-1.02569,0.160978,-1.97785
0.102539,0.0239258,-0.987305,0.107706,0.487695,-1.75915
0.133789,0.106445,-1.00366,0.764333,0.437677,-1.90441
0.072998,0.0915527,-1.02026,1.13149,0.521218,-2.08001
0.118164,0.0476074,-1.00684,1.27835,0.537714,-2.32425
0.0966797,-0.100586,-1.02075,1.14533,0.384997,-3.18148
0.0310059,-0.161865,-1.01709,0.935673,0.185987,-3.43743
-0.00537109,-0.19751,-0.996582,0.768058,-0.141262,-3.32462
0.0129395,-0.225098,-1.01294,0.761672,-0.62442,-2.87392
0.0605469,-0.216309,-0.961914,0.735599,-0.560567,-2.00552
0.0605469,-0.189941,-0.921875,0.944187,-0.558438,-1.80491
0.0219727,-0.163574,-0.949463,1.03411,-0.204051,-1.68997
0.0332031,-0.105713,-0.980225,0.994738,0.0252893,-1.64049
0.0944824,-0.147461,-1.00024,0.593525,-0.042289,-2.34979
0.0402832,-0.185791,-1.02295,0.429634,-0.267905,-2.74941
0.0544434,-0.19043,-1.021,0.338643,-0.645172,-2.88403
0.065918,-0.170166,-1.02783,0.306716,-1.00328,-2.80368
0.109131,-0.118408,-1.03979,0.0326782,-1.10811,-2.45302
0.0842285,-0.157715,-1.00513,-0.0407534,-1.06448,-2.37267
0.0979004,-0.133545,-1.02051,-0.0412855,-0.899522,-2.25721
0.0510254,-0.120361,-1.02393,-0.0301111,-0.754788,-2.10183
0.0380859,-0.138428,-0.974609,0.0630086,0.0279499,-1.61016
0.0556641,-0.148682,-1.01782,0.195505,0.307309,-1.45265
0.0830078,-0.16333,-1.03467,0.301395,0.328593,-1.44733
0.0705566,-0.165283,-1.06201,0.334918,0.20674,-1.59792
0.0922852,-0.157715,-1.01929,0.145486,-0.653154,-2.01616
0.0876465,-0.197266,-1.01904,0.0901463,-0.505759,-1.80491
0.0712891,-0.201416,-1.03101,0.0523663,-0.328033,-1.5761
0.0708008,-0.144287,-1.06641,-0.157286,-0.23651,-1.47553
0.0527344,-0.151367,-1.08496,-0.349379,-0.438181,-1.6655
0.0222168,-0.0935059,-1.09521,-0.525508,-0.838329,-1.79267
0.0283203,-0.105713,-1.02954,-0.72505,-1.06182,-1.68625
0.0253906,-0.0498047,-0.957764,-0.474957,-0.503098,-1.34463
0.00488281,-0.0437012,-0.976807,-0.234974,-0.297171,-1.56706
0.0112305,-0.101074,-0.98999,-0.057781,-0.183299,-1.79214
0.0419922,-0.154541,-0.949463,0.244459,-0.372199,-1.85333
0.050293,-0.141113,-0.956055,0.342368,0.00985806,-1.47181
0.0375977,-0.155762,-1.01953,0.377487,0.499934,-1.04931
0.0461426,-0.148438,-1.03784,0.426974,0.57709,-0.84285
0.0639648,-0.0905762,-1.08154,-0.0593773,-0.382309,-1.22704
0.0615234,-0.125977,-1.04395,-0.267965,-0.681888,-1.33027
0.0305176,-0.156982,-0.982666,-0.28925,-0.809063,-1.29195
-0.00390625,-0.0761719,-1.01465,0.110367,-0.146583,-0.788042
-0.0241699,-0.0917969,-1.02661,0.11622,-0.0907112,-0.824226
0.0229492,-0.0915527,-1.03052,0.0784398,-0.198198,-0.933841
-0.000976562,-0.109131,-1.00195,-0.473361,-0.855357,-1.22278
-0.00732422,-0.0993652,-0.998047,-0.471765,-0.794696,-1.13338
0.00610352,-0.101074,-1.021,-0.31692,-0.601539,-1.04931
-0.00878906,-0.102539,-1.0188,-0.201983,-0.618035,-1.12966
-0.0222168,-0.17334,-0.990234,-0.269562,-0.562695,-1.01472
-0.00268555,-0.199463,-0.971924,-0.270626,-0.420621,-0.658739
-0.013916,-0.133545,-1.00342,-0.108332,-0.0795369,0.0239615
-0.0126953,-0.107422,-0.999268,-0.0366556,0.0366236,0.0831025
-0.0439453,-0.0915527,-1.01953,0.0281004,0.0793615,0.0182659
-0.0512695,-0.060791,-1.05713,-0.00529203,0.0125379,-0.0751273
-0.0742188,-0.0605469,-1.05933,-0.146302,-0.150821,-0.172504
-0.0527344,-0.11084,-0.992188,-0.179825,-0.186472,-0.0373473
-0.0334473,-0.0930176,-0.999756,0.0119721,0.0813014,0.0897403
-0.0554199,-0.0522461,-1.05859,0.138083,0.284568,0.177539
-0.0439453,-0.0378418,-1.0437,0.0375135,0.180806,0.170089
-0.0378418,-0.0495605,-1.03027,-0.0101266,0.104788,0.0974444
-0.0466309,-0.0603027,-1.04321,-0.0150755,0.0674701,0.0146063
-0.0415039,-0.0683594,-1.04736,-0.0167894,0.000413715,-0.0252118
-0.0385742,-0.102783,-1.02612,-0.0236549,-0.0432167,0.0107075
-0.0356445,-0.090332,-1.01978,0.080107,0.237739,0.247498
-0.0334473,-0.0825195,-1.02734,0.130658,0.406951,0.332103
-0.0510254,-0.0678711,-1.06421,0.15886,0.472933,0.354452
-0.0546875,-0.090332,-1.09399,-0.000241948,0.237207,0.38904
-0.0268555,-0.107422,-1.08423,-0.167325,-0.00703301,0.476838
0.0109863,-0.128418,-1.02393,-0.361546,-0.182098,0.671591
0.0473633,-0.0991211,-0.960205,-0.574391,-0.0485378,0.996712
0.00708008,-0.0761719,-0.998291,-0.815438,0.303189,1.37025
-0.0354004,-0.0869141,-1.00391,-1.05436,0.535722,1.73528
-0.0773926,-0.0617676,-1.04028,-1.16184,0.538914,1.90503
-0.0332031,-0.019043,-1.00684,-1.07937,0.319152,1.85714
-0.017334,-0.00488281,-0.973877,-0.841512,0.274987,1.68686
-0.0251465,0.0109863,-1.00293,-0.532887,0.381409,1.49424
-0.00708008,0.0161133,-1.01367,-0.277473,0.454309,1.40218
0.0249023,-0.0114746,-1.01074,-0.154022,0.640016,1.41921
0.00488281,-0.00708008,-1.05054,-0.176371,0.894898,1.52776
0.0812988,-0.0361328,-1.06934,-0.245546,0.737925,1.74167
0.184326,-0.0327148,-0.976074,-0.400391,0.619263,1.91993
0.150879,-0.0231934,-0.972168,-0.527033,0.864567,2.08275
0.137451,-0.0185547,-1.03442,-0.577052,1.14659,2.33551
0.171387,0.0175781,-1.05835,-0.56641,1.35305,2.60103
0.119385,0.0217285,-1.02734,-0.470097,1.49831,2.78674
0.11792,0.0229492,-1.01685,-0.247142,1.51268,2.91179
0.214111,0.0759277,-1.06738,0.0237031,1.3424,2.86709
0.252686,0.0876465,-1.06714,0.163117,1.11679,2.61433
0.305664,0.0869141,-1.04565,0.203557,0.940659,2.36211
0.192627,0.0368652,-1.06421,0.162584,0.947045,2.26208
0.0510254,-0.0810547,-1.09839,0.107245,0.922568,2.42118
0.19751,-0.0437012,-1.03979,0.253576,0.615539,2.51536
0.256104,-0.0427246,-1.03442,0.530806,0.466015,2.31901
0.251953,-0.0861816,-1.03564,0.737798,0.486767,2.16151
0.277832,-0.14209,-0.992432,0.812294,0.496878,2.26527
0.245361,-0.114014,-1.00781,0.796331,0.568181,2.58028
0.248047,-0.0700684,-1.00537,0.678734,0.606493,2.94531
0.199463,-0.108154,-0.956055,0.555816,0.62352,3.20924
0.200928,-0.149414,-0.951172,0.581357,0.592126,3.39601
0.2229,-0.217041,-0.899658,0.697358,0.615539,3.45348
0.231689,-0.121094,-1.01538,0.818147,0.683117,3.42102
0.151367,-0.124756,-1.13354,0.551027,0.636291,3.36195
0.242432,-0.083252,-1.00049,-0.187546,0.285629,3.10335
0.25708,-0.143799,-0.929688,-0.371657,0.360657,2.82984
0.226807,-0.150635,-0.958008,-0.395069,0.49741,2.62019
0.210693,-0.149414,-1.00415,-0.425932,0.508052,2.52547
0.192871,-0.169678,-1.03076,-0.495107,0.322345,2.54942
0.203369,-0.191162,-0.98291,-0.559492,0.124399,2.65903
0.218506,-0.205811,-0.906738,-0.528098,0.0775729,2.79046
0.198242,-0.197266,-0.919922,-0.415822,0.177078,2.94744
0.138428,-0.210693,-0.92749,-0.328555,0.237739,3.15975
0.260498,-0.0908203,-0.845215,0.130658,0.31117,3.66739
0.243652,-0.0742188,-0.914062,0.354677,0.68897,3.61737
0.139404,-0.174561,-1.04126,0.469081,0.885852,3.47476
0.202637,-0.252441,-0.991699,0.605302,0.657043,3.37526
0.256348,-0.247803,-0.945068,0.845285,0.538914,3.19806
0.218262,-0.272461,-0.963379,1.00173,0.732071,2.99692
0.181885,-0.307373,-0.971191,1.02461,0.940127,2.94584
0.168945,-0.312256,-0.977051,0.918716,1.03059,3.00703
0.184082,-0.311035,-1.00415,0.638825,1.06996,3.11718
0.160156,-0.342529,-1.00122,-0.0917653,0.859246,3.33694
0.185303,-0.363281,-0.986328,-0.37006,0.84009,3.49711
0.23291,-0.380859,-0.987305,-0.584502,0.879466,3.59821
0.235352,-0.36377,-1.02734,-0.789365,0.856054,3.52478
0.191895,-0.313232,-0.968262,-1.09001,0.325537,2.88145
0.123047,-0.272217,-1.01123,-1.13524,0.21539,2.60635
0.121826,-0.264404,-1.01147,-1.14428,0.116417,2.3951
0.0703125,-0.279297,-1.00415,-1.11555,0.107903,2.21525
0.0732422,-0.315674,-0.907715,-0.784044,0.20528,2.1929
0.0915527,-0.3125,-0.963623,-0.563749,0.412272,2.21791
0.106934,-0.319336,-0.999512,-0.451473,0.495813,2.19822
0.117188,-0.318359,-1.00171,-0.46318,0.42451,2.17641
0.103271,-0.227295,-0.998535,-0.837255,0.249977,2.19077
0.095459,-0.22168,-0.97876,-1.03999,0.142491,2.21153
0.0805664,-0.227295,-0.965088,-1.10863,0.138234,2.29081
0.0568848,-0.244629,-0.993652,-1.07671,0.181335,2.41905
0.065918,-0.260986,-1.03564,-0.931971,-0.0809966,2.70799
0.0588379,-0.228516,-1.01489,-0.854815,-0.239034,2.73033
0.0351562,-0.197754,-0.991455,-0.842576,-0.319915,2.72927
-0.00463867,-0.181641,-0.960938,-0.910154,-0.235841,2.78461
-0.0283203,-0.170898,-1.06885,-1.11981,0.182931,2.88412
-0.00268555,-0.135742,-1.04907,-1.07351,0.249977,2.80536
-0.0371094,-0.147705,-1.04248,-0.855347,0.173885,2.62232
-0.0275879,-0.13916,-1.02441,-0.519584,0.000416568,2.50632
-0.0393066,-0.101807,-1.00732,-0.19127,-0.0831251,2.61114
-0.00976562,-0.0827637,-0.948242,-0.290775,-0.148043,2.62338
-0.0246582,-0.130371,-1.01611,-0.436574,-0.113456,2.52973
-0.0339355,-0.125732,-0.974121,-0.43551,-0.219878,2.5574
-0.0546875,-0.126709,-1.06396,-0.306207,-0.321512,2.47173
-0.0397949,-0.144775,-0.990234,-0.250867,-0.434851,2.43235
-0.112061,-0.198242,-0.967041,-0.179564,-0.342264,2.42969
-0.107422,-0.171875,-0.979004,-0.0896369,-0.215089,2.56644
-0.00878906,-0.083252,-0.964844,-0.0779304,0.0823619,2.66755
0.0305176,0.0163574,-0.992676,-0.0891047,0.294143,2.3802
-0.0236816,-0.0627441,-1.05664,-0.167857,0.45963,1.95824
0.041748,-0.0476074,-1.05566,-0.115178,0.403226,1.58363
0.0175781,-0.0283203,-1.05176,0.197172,0.149408,0.88284
-0.00415039,-0.0202637,-0.996582,0.31264,-0.035235,0.761518
-0.029541,-0.026123,-0.992188,0.301998,-0.0852536,0.771096
-0.0390625,-0.0668945,-0.984619,0.195043,-0.0597121,0.828565
-0.0532227,-0.106689,-1.01465,0.0763823,-0.144318,0.940308
-0.0461426,-0.0793457,-1.04688,0.163649,-0.17252,0.976492
-0.0227051,-0.0810547,-1.04663,0.147153,-0.137933,0.909978
-0.0507812,-0.114014,-1.07104,-0.042811,-0.0288496,0.70405
-0.0776367,-0.12207,-1.03442,-0.191802,0.0812977,0.495462
-0.0837402,-0.126221,-1.02466,-0.173179,0.0137194,0.616252
-0.0734863,-0.106689,-1.03662,-0.166793,-0.0554552,0.81739
-0.0539551,-0.0812988,-1.03198,-0.169454,-0.0953637,0.989263
-0.0639648,-0.0476074,-1.03125,-0.165729,-0.117712,1.03981
-0.125732,-0.0773926,-1.06348,-0.200848,0.00680192,0.912106
-0.114258,-0.107422,-1.02246,-0.182224,0.0807656,0.803555
-0.134033,-0.0837402,-1.06714,-0.14338,0.271794,0.717885
-0.118896,-0.101807,-1.03345,-0.164665,0.375556,0.815794
-0.0844727,-0.0620117,-1.02979,-0.127417,0.396308,0.949886
-0.0620117,-0.0432129,-1.00952,-0.0891047,0.409079,0.98607
-0.0236816,-0.013916,-1.02319,-0.0183338,0.418657,0.941904
0.0153809,-0.0126953,-1.03931,0.0763823,0.307445,0.679041
0.013916,-0.0209961,-1.03735,0.135979,0.119078,0.590178
0.013916,-0.000244141,-1.02173,0.175887,-0.0990885,0.566233
-0.0197754,-0.0847168,-0.986084,0.140768,-0.260851,0.629022
-0.017334,-0.0605469,-1.01978,0.018382,-0.215089,0.798234
-0.00805664,-0.0270996,-1.03906,0.0370059,-0.170392,0.705647
-0.0100098,-0.034668,-1.0293,0.0157214,-0.187419,0.583261
-0.0454102,-0.078125,-1.06641,0.0167857,-0.292777,0.547609
-0.0925293,-0.0876465,-1.09204,0.0268958,-0.467842,0.582196
-0.132568,-0.126953,-1.05273,-0.0609028,-0.580118,0.675848
-0.179199,-0.123779,-1.03955,-0.143912,-0.550852,0.865812
-0.0913086,0.0527344,-0.997803,-0.154555,-0.175181,1.17124
-0.0146484,0.119385,-1.00659,-0.0406825,-0.0368313,0.956272
-0.0148926,0.127686,-1.021,0.127997,0.00573769,0.614655
-0.119385,-0.0349121,-0.98877,0.456311,0.127059,-0.427753
-0.12207,-0.0546875,-1.00757,0.377558,0.228161,-0.548543
-0.064209,-0.0412598,-1.00195,0.32009,0.251042,-0.593772
-0.0263672,-0.0722656,-1.0271,0.196108,0.00360924,-0.84759
0.00805664,-0.0163574,-1.021,0.160988,0.025958,-0.963058
0.00415039,-0.00317383,-1.03735,0.0928777,0.128124,-1.32968
-0.0942383,-0.0778809,-1.00171,-0.0928295,0.498474,-2.50246
-0.0883789,-0.113037,-1.00684,-0.066756,0.568181,-2.6605
-0.0637207,-0.146973,-1.04858,-0.00556307,0.723557,-2.71477
0.0378418,-0.167236,-1.1167,0.424916,0.654383,-2.48969
0.10376,-0.138428,-1.09937,0.470146,0.549025,-2.59132
0.117188,-0.133057,-1.1394,0.435558,0.508052,-2.95795
0.113281,-0.285156,-1.00684,0.352549,0.340436,-4.30845
-0.0439453,-0.270996,-0.964355,0.359998,0.684713,-4.29887
-0.0266113,-0.276855,-1.03296,0.249319,1.03804,-3.92107
0.174805,-0.162842,-1.12085,-0.573859,0.538914,-3.8801
0.178955,-0.192139,-1.0105,-0.854815,0.464419,-3.99131
0.203369,-0.146973,-1.01196,-0.900044,0.552217,-3.9796
-0.00244141,0.0549316,-1.0061,-0.67975,0.37662,-3.7045
0.111816,0.0612793,-0.942383,-0.67975,0.237207,-3.54327
0.189697,0.0788574,-1.01196,-0.694649,0.368106,-3.67736
0.12085,0.0827637,-0.972412,-0.430189,0.203151,-4.85706
0.0847168,-0.0090332,-0.783203,0.00880396,0.142491,-4.57185
0.0939941,0.142334,-0.900391,0.605834,0.203151,-4.31377
0.128906,0.0270996,-0.802979,-0.0103521,0.193573,-3.61617
0.173096,0.0571289,-0.912354,0.36053,0.277647,-3.07235
0.145996,0.0876465,-0.986084,0.65266,0.421318,-2.55727
0.243652,0.17627,-1.07056,0.941065,-0.10441,-1.88574
0.226074,0.162842,-1.02246,0.820276,-0.254465,-1.77506
0.239746,0.173096,-1.00732,0.68033,-0.3992,-1.7293
0.143066,0.118652,-0.974121,0.489302,-0.446026,-1.69205
0.118896,0.0852051,-0.894043,0.374365,-0.440705,-1.55264
0.135498,0.106201,-1.02686,0.346163,-0.22786,-1.41535
0.150879,0.0695801,-1.01807,0.258897,-0.245419,-1.61543
0.118408,0.00488281,-0.978271,0.286567,-0.219878,-1.9049
0.12207,0.0998535,-1.03906,0.444072,0.169096,-2.43967
0.115479,0.100342,-1.13892,0.297209,0.282968,-2.74989
0.151611,0.0917969,-1.05811,-0.0162053,0.347354,-2.95688
0.137695,0.0759277,-1.03271,-0.177968,0.389923,-3.12929
0.124512,0.0732422,-1.00928,-0.132206,0.41174,-3.30116
0.174561,0.0998535,-0.987305,0.518568,0.466015,-3.83008
0.169922,0.0852051,-1.05933,0.943194,0.459098,-4.18074
0.141113,0.0358887,-1.02246,1.34813,0.317556,-4.37496
0.170654,0.0153809,-0.983154,1.70465,0.221775,-4.30739
0.166504,-0.00952148,-0.973633,1.93984,0.293078,-4.08496
0.17749,-0.050293,-0.933105,1.97922,0.428235,-3.75771
0.151123,-0.0371094,-1.04028,1.83023,0.47985,-3.37087
0.155029,-0.00561523,-1.08032,1.4934,0.335647,-2.95316
0.203857,-0.0583496,-1.11084,1.07675,0.078105,-2.6291
0.18335,-0.0793457,-1.07764,0.793138,-0.198061,-2.43701
0.134521,-0.0644531,-1.00171,0.503669,-0.235841,-2.10071
0.119629,-0.0456543,-1.01294,0.396182,-0.250208,-2.1369
0.20166,-0.0161133,-0.994141,0.27486,-0.383237,-2.37209
0.185303,-0.0117188,-1.02075,0.126401,-0.427402,-2.67327
0.153076,-0.0280762,-1.02197,-0.0215265,-0.485934,-2.80949
0.149658,-0.0395508,-0.983887,-0.138059,-0.507751,-2.73712
0.114502,-0.0148926,-0.979248,-0.21628,-0.394943,-2.62006
0.126221,-0.0168457,-0.962646,-0.250867,-0.445494,-2.55141
0.112793,-0.0461426,-0.973389,-0.333344,-0.433787,-2.53598
0.173828,0.000488281,-1.01123,-0.600465,-0.700376,-2.44606
0.148193,0.0666504,-1.04248,-0.70742,-0.783385,-2.37316
0.149414,0.11499,-1.06787,-0.822888,-0.855753,-2.28323
0.108154,0.167725,-1.08789,-0.828209,-0.912689,-2.22257
0.0822754,0.165527,-1.052,-0.678153,-0.737624,-2.15765
0.0234375,0.138428,-0.991211,-0.350372,-0.415695,-2.11881
0.060791,0.0935059,-1.00024,0.0380702,-0.186887,-2.08209
0.0703125,0.079834,-1.04077,0.29987,-0.235841,-2.15073
0.0688477,0.0773926,-1.04028,0.334457,-0.279475,-2.20022
0.0893555,0.012207,-1.08374,0.246126,-0.63599,-2.31037
0.0959473,0.0300293,-1.02515,0.169502,-0.724321,-2.27206
0.0668945,0.0808105,-0.995117,-0.00130617,-0.567348,-2.12785
0.0449219,0.10376,-0.989502,-0.270023,-0.270429,-1.91394
0.0117188,0.0922852,-1.05347,-0.414758,0.237739,-1.5984
0.027832,0.0744629,-1.03125,-0.263638,0.172289,-1.69418
0.019043,0.0915527,-1.04858,-0.0513248,-0.0655654,-1.89638
-0.00268555,0.104736,-1.02246,0.0827676,-0.363016,-2.07996
0.0336914,0.12915,-1.01196,0.093942,-0.222539,-2.17415
-0.0090332,0.0805664,-0.953857,0.0742538,0.102582,-2.06985
0.00976562,0.0930176,-0.97998,0.0444555,0.485171,-1.90809
0.0175781,0.0998535,-1.06372,-0.0651597,0.560199,-1.96237
0.00390625,0.115479,-1.08032,-0.491914,-0.604595,-2.36092
-0.0268555,0.122803,-0.979248,-0.588758,-0.863202,-2.32367
-0.0861816,0.10791,-0.942383,-0.403583,-0.584907,-2.05016
-0.0993652,0.153564,-0.925049,-0.105068,0.0195726,-1.69046
-0.00366211,0.103271,-1.10767,0.267943,0.475593,-1.76282
-0.0180664,0.0742188,-1.06519,0.331796,-0.136336,-1.91022
-0.0385742,0.0632324,-0.990967,0.214732,-0.583311,-1.87723
-0.0698242,0.0634766,-0.95166,-0.0507926,-0.498173,-1.70003
0.0441895,0.0134277,-0.953369,-0.364207,0.104179,-1.61702
0.0229492,0.0737305,-1.00293,-0.235436,0.301592,-1.66491
0.00634766,0.0805664,-1.0437,-0.226922,0.287757,-1.66119
-0.0576172,0.0720215,-0.984863,-0.363143,0.22284,-1.61011
0.941406,-0.941406,-0.941406,-2.03557,2.05171,2.0487
-0.109375,-0.0771484,-1.01709,-0.343455,0.752292,-1.91288
-0.212402,0.0805664,-1.23071,0.211007,1.38178,-2.15552
-0.112793,0.0556641,-1.06519,0.776642,1.52279,-1.85648
-0.118896,0.0783691,-1.22339,1.28268,1.18224,-1.33979
0.0834961,0.150391,-1.07349,1.11294,-0.311933,-1.21156
0.0100098,0.0866699,-1.02954,0.793138,-0.621623,-1.38928
-0.0397949,0.026123,-1.03125,0.50154,-0.783917,-1.39673
0.00756836,0.0380859,-1.02734,0.249851,-0.857349,-1.30627
0.0783691,-0.0927734,-0.963379,-0.0396183,-0.596082,-1.33554
0.0930176,-0.182129,-0.857422,0.0971346,-0.358227,-1.36853
0.000488281,-0.141113,-0.881348,0.395118,-0.063969,-1.38822
-0.1604,-0.0317383,-1.05273,0.607431,-0.0655654,-1.35416
-0.17334,0.123291,-1.07739,0.341374,-0.76689,-1.06363
-0.0683594,0.178711,-1.04175,0.0189141,-0.799349,-1.23976
-0.0703125,0.162354,-1.00488,-0.345583,-0.685477,-1.70429
-0.057373,0.150635,-1.02417,-0.637713,-0.574265,-2.1651
0.109131,-0.0209961,-1.06494,-0.935696,-0.31619,-2.69083
-0.012207,-0.184814,-0.970215,-0.71008,-0.0198037,-2.64347
-0.0942383,-0.125244,-0.835938,-0.192335,0.235078,-2.41466
-0.219971,-0.0358887,-0.895508,0.388732,0.467079,-2.23853
-0.273193,0.00976562,-1.07349,0.758551,0.310106,-2.07464
-0.218506,0.0913086,-1.04517,0.565926,-0.121437,-1.67715
-0.198975,0.0891113,-1.04517,0.301998,-0.040024,-1.61224
-0.0715332,0.0769043,-1.0354,0.0247673,-0.0261891,-1.66066
0.0314941,-0.00195312,-0.999023,-0.25406,0.0270222,-1.76336
0.0241699,-0.0175781,-1.00684,-0.350372,0.375024,-1.95013
-0.0476074,-0.067627,-1.06567,-0.22639,0.353739,-2.0209
-0.201172,-0.108643,-1.12769,-0.0491963,0.236675,-1.83998
-0.29834,0.00512695,-1.28369,0.0199783,0.00626981,-1.4244
-0.0891113,0.0559082,-1.09546,-0.477547,-0.213493,-1.08012
-0.0881348,0.0654297,-1.06665,-0.677089,-0.0618406,-1.24987
-0.079834,0.0654297,-1.00342,-0.751585,-0.0336386,-1.43079
-0.0827637,0.0612793,-0.952881,-0.695181,-0.0533268,-1.60851
-0.121094,0.0559082,-0.982666,-0.416886,0.208473,-1.83253
-0.12793,0.0734863,-1.02905,-0.372721,0.394712,-1.88308
-0.103516,0.0859375,-1.03271,-0.382299,0.555942,-1.94321
-0.0830078,0.110352,-1.03027,-0.398262,0.779429,-2.05761
-0.0336914,0.13501,-1.02197,-0.430721,1.10508,-2.27365
-0.00756836,0.115479,-1.0459,-0.431785,1.06092,-2.36464
0.0275879,0.0627441,-1.05518,-0.373253,0.903412,-2.4269
0.0393066,0.0393066,-1.05518,-0.22905,0.725154,-2.44552
0.0722656,0.0625,-1.05762,-0.000774061,0.415996,-2.38593
0.0737305,0.0788574,-1.04199,-0.00449885,0.268069,-2.38912
0.0778809,0.0686035,-1.00586,-0.0353614,0.177078,-2.42584
0.0910645,0.0439453,-0.991699,-0.0178017,0.252106,-2.43382
0.0366211,0.0224609,-1.00635,0.110437,0.353207,-2.33484
0.0170898,0.0297852,-0.994141,0.125869,0.245188,-2.22523
0.0524902,0.00683594,-0.966797,0.113098,0.226032,-2.06027
0.0917969,-0.0202637,-0.955322,0.14875,0.339372,-1.85488
0.0810547,-0.0100098,-1.01929,0.181208,0.493685,-1.53455
0.0515137,0.00976562,-1.03003,0.101392,0.436217,-1.40045
0.0427246,0.0598145,-1.02856,0.000290165,0.299464,-1.28712
0.0690918,0.0957031,-0.992432,-0.0672881,0.25317,-1.28392
-0.000732422,0.129883,-1.06348,-0.0236549,0.63097,-1.49836
0.0224609,0.128662,-1.04517,0.0540335,0.491556,-1.6266
0.0656738,0.104736,-1.02441,0.102988,0.282968,-1.7591
0.0961914,0.0661621,-0.985596,0.112034,0.192509,-1.86073
0.064209,0.012207,-0.968506,0.165245,0.475593,-1.77666
0.0639648,0.0148926,-1.01636,0.192915,0.510712,-1.65959
0.0700684,0.0129395,-1.06104,0.160988,0.438345,-1.61809
0.0529785,0.0256348,-1.08423,0.0859603,0.338308,-1.63458
0.0820312,0.0412598,-1.0332,0.0508409,0.26062,-1.71813
0.106201,0.0498047,-1.02637,0.133318,0.340436,-1.74633
0.147705,0.0571289,-1.04053,0.194511,0.392584,-1.7458
0.211426,0.0212402,-1.04346,0.191851,0.363317,-1.73356
0.132324,0.00463867,-1.03662,0.260493,0.343097,-1.88734
0.123291,0.0136719,-1.03589,0.325411,0.220711,-1.72398
0.111816,0.012207,-1.05371,0.331796,0.17016,-1.49198
0.117432,0.0124512,-1.07104,0.279117,0.1095,-1.29669
0.115234,0.0925293,-1.07202,0.167906,-0.2103,-1.12269
0.161865,0.0905762,-0.998291,0.123208,-0.488063,-1.26583
0.190186,0.0302734,-0.914062,0.0976668,-0.463053,-1.54253
0.141846,0.00415039,-0.890625,0.154071,-0.105474,-1.82402
0.0334473,0.0805664,-1.06763,0.336585,0.627245,-1.91607
0.0588379,0.12085,-1.14868,0.221649,0.294143,-1.72504
0.101562,0.00488281,-1.11816,0.00986819,-0.124098,-1.47814
0.103027,-0.0751953,-1.09277,-0.0364256,-0.269365,-1.34405
0.0690918,0.0495605,-0.96875,0.169502,-0.369934,-0.87792
0.101807,0.0334473,-0.938232,0.183869,-0.140061,-0.949756
0.128418,0.0285645,-0.918945,0.262622,0.111096,-1.3499
0.118652,0.0993652,-0.958496,0.428109,0.288289,-1.73356
0.104492,-0.0395508,-1.16357,0.296145,-0.0740792,-1.57339
0.137207,0.012207,-1.14282,0.232823,-0.402393,-1.37385
0.112549,0.0803223,-1.0957,0.257833,-0.654082,-1.30255
0.0319824,0.052002,-1.01099,0.194511,-0.718468,-1.46431
0.00170898,0.0366211,-0.961914,0.138639,-0.726449,-1.58669
-0.0258789,0.0197754,-0.96167,0.0763823,-0.668449,-1.63246
0.0202637,0.0153809,-0.967529,0.00401495,-0.497109,-1.62394
0.103271,0.0383301,-1.05908,0.24719,0.204748,-1.45579
0.113281,0.00195312,-1.08594,0.265814,0.365446,-1.27541
0.236084,-0.0297852,-1.05225,0.265814,0.337244,-1.23071
0.445557,-0.00512695,-1.01489,-0.283326,0.355868,-2.99786
0.209229,-0.105469,-0.99707,-0.330152,0.0860867,-3.8088
-0.135986,-0.223877,-0.98999,-0.112518,-0.474228,-4.01738
-0.250488,-0.0454102,-0.920654,1.35824,-0.20285,-2.11987
-0.114746,0.148926,-1.1897,1.29492,-0.187951,-1.2222
-0.0407715,0.190918,-1.32397,0.593596,-0.622687,-0.850783
-0.0385742,-0.0134277,-1.06079,-0.454666,-0.574265,-1.05724
-0.0422363,0.0119629,-1.08569,-0.345051,-0.381108,-1.30308
-0.0703125,-0.0119629,-1.00708,-0.310996,-0.401328,-1.4659
0.0708008,0.0524902,-1.03247,0.152474,0.526144,-0.892287
0.127441,0.0627441,-1.02222,0.14875,0.691631,-1.01042
0.088623,0.0322266,-1.0437,0.109905,0.854457,-1.25412
0.0131836,-0.00170898,-0.999023,0.0593547,1.01249,-1.43983
-0.00708008,-0.00732422,-1.0708,0.20675,1.11413,-1.426
-0.0610352,-0.0517578,-1.14453,0.145025,0.833705,-1.68035
-0.048584,-0.0339355,-1.11646,0.0540335,0.346822,-1.75963
-0.0153809,0.00146484,-1.15747,-0.0864442,-0.133144,-1.42919
-0.0446777,0.00683594,-1.17871,-0.333344,-0.190612,-1.20038
-0.0336914,0.0153809,-1.1521,-0.618557,-0.329493,-1.0035
-0.0158691,0.0209961,-1.08276,-0.829273,-0.559366,-0.838012
0.0166016,0.0131836,-0.981201,-0.938356,-0.717935,-0.680507
0.0600586,-0.0246582,-0.893066,-0.718062,-0.543935,-0.291532
0.0966797,0.0349121,-0.903564,-0.502556,-0.454008,-0.148926
0.112549,0.0600586,-0.902344,-0.311528,-0.433787,-0.0983756
0.0327148,0.0478516,-0.965088,-0.0140769,-0.137401,0.0218819
-0.0185547,0.0429688,-1.02295,0.06574,0.106307,0.209185
-0.0444336,0.0661621,-1.08032,0.0806392,0.261684,0.432141
-0.0236816,0.0871582,-1.12036,0.0173178,0.243592,0.6386
0.0212402,0.0949707,-1.11914,-0.111453,0.0956647,0.782271
0.0527344,0.0925293,-1.1084,-0.235968,-0.102813,0.854638
0.0524902,0.0874023,-1.08154,-0.31472,-0.268832,0.879647
0.0307617,0.0649414,-1.02393,-0.361014,-0.340668,0.906785
0.0078125,0.0388184,-0.949707,-0.386556,-0.250741,1.00895
-0.00463867,0.0288086,-0.916504,-0.353033,0.0190405,1.21328
-0.000488281,0.0344238,-0.925293,-0.227986,0.325005,1.44103
0.0236816,0.0490723,-0.945068,-0.0672881,0.486767,1.61822
0.043457,0.0524902,-0.975098,0.0790428,0.539447,1.72039
0.045166,0.0498047,-1.05029,0.176419,0.450584,1.79222
0.0595703,0.0673828,-1.10645,0.206218,0.176014,1.83692
0.081543,0.0859375,-1.12573,0.189722,-0.14219,1.79222
0.103516,0.0986328,-1.0896,0.141832,-0.375255,1.68154
0.109863,0.0822754,-1.00928,0.0955383,-0.400264,1.56927
0.0646973,0.0568848,-0.948975,0.0795749,-0.142722,1.4969
0.0012207,0.0446777,-0.955078,0.126933,0.263812,1.5384
-0.0488281,0.0439453,-1.00586,0.210475,0.561795,1.71666
-0.074707,0.0622559,-1.06641,0.230695,0.589465,1.99123
-0.0722656,0.0749512,-1.12598,0.135447,0.362253,2.23387
-0.0683594,0.09375,-1.17773,-0.0172695,-0.0251248,2.3802
-0.0263672,0.104736,-1.17529,-0.164133,-0.477953,2.44246
0.0214844,0.106689,-1.11401,-0.270555,-0.828083,2.41692
0.0466309,0.0786133,-0.975586,-0.334409,-0.736027,2.27378
0.03125,0.0478516,-0.958496,-0.318977,-0.518393,2.29081
0.0380859,0.0327148,-0.939453,-0.270023,-0.256594,2.38925
0.0180664,0.0102539,-0.96167,-0.197656,0.0738481,2.58134
0.00756836,-0.019043,-0.980469,-0.10294,0.332455,2.85325
0.000732422,-0.0385742,-1.00049,-0.00715941,0.569777,3.10388
-0.00439453,-0.0317383,-1.01147,0.0827676,0.732603,3.27203
-0.00146484,0.0100098,-1.08716,0.199832,0.686842,3.37738
0.0925293,0.0500488,-1.05298,0.328071,0.44952,3.38537
0.149902,0.0368652,-1.0957,0.354677,0.0578847,3.08313
0.135986,-0.00317383,-1.09204,0.179612,-0.2103,2.86815
0.12085,-0.000732422,-1.04419,-0.019398,-0.42953,2.66542
0.0891113,-0.00415039,-0.997803,-0.132738,-0.531696,2.45523
0.0849609,-0.0187988,-0.946533,0.089153,-0.851496,2.10404
0.0759277,-0.0593262,-0.966553,0.301466,-0.966964,2.02103
0.0917969,-0.0566406,-0.96582,0.487705,-1.0404,2.01358
0.081543,-0.0195312,-0.99707,0.579229,-0.947276,1.99389
0.15332,0.0275879,-0.995361,0.312108,-0.757844,1.9891
0.146973,0.00292969,-0.988037,0.000290165,-0.590761,2.01784
0.188232,-0.00390625,-0.942139,-0.313656,-0.382172,2.05189
0.157959,-0.0698242,-0.960205,-0.592483,-0.119841,2.07477
0.103271,-0.0412598,-0.982666,-0.770741,0.00839826,2.03274
0.0332031,-0.0012207,-1.07275,-0.554171,-0.0256569,1.85767
0.0341797,0.0512695,-1.08374,-0.174243,-0.323108,1.63897
0.0429688,0.0825195,-1.12915,0.261025,-0.629605,1.29416
-0.0756836,0.0812988,-1.21167,0.680862,-0.819569,0.746087
-0.137451,0.113281,-1.15356,0.661174,-0.883955,0.765775
-0.229248,0.120361,-1.11108,0.532935,-0.708889,0.947758
-0.188232,0.110596,-1.11694,0.280181,-0.199126,1.38622
-0.0605469,0.0100098,-1.04907,-0.262041,0.526676,2.12745
-0.0280762,-0.0151367,-1.03223,-0.406776,0.711851,2.22642
-0.0078125,-0.0249023,-0.989014,-0.462116,0.704401,2.19609
0.03125,-0.00146484,-1.00269,-0.415822,0.615539,2.0918
0.0991211,-0.019043,-1.04663,-0.313124,0.58308,2.05828
0.0253906,-0.0800781,-1.1853,-0.350904,0.549025,2.23387
0.0375977,-0.105957,-1.16528,-0.443492,0.156858,2.4861
0.0375977,-0.0808105,-1.13086,-0.499896,-0.196997,2.74736
0.0773926,0.0109863,-0.990234,-0.439235,-0.43698,3.22147
0.0197754,-0.0285645,-0.955078,-0.388152,-0.247016,3.37206
-0.00927734,-0.00634766,-0.916504,-0.275876,0.125463,3.47689
-0.0307617,0.0246582,-0.890625,-0.0720771,0.4144,3.57267
0.0686035,0.0236816,-0.809082,0.437155,0.81987,3.60247
0.017334,0.0273438,-0.842773,0.573375,1.39668,3.37898
-0.0493164,0.108643,-0.954346,0.611155,1.9671,3.26192
-0.0727539,0.175781,-1.0708,0.402035,2.29382,3.26936
0.2229,0.121338,-1.09326,-0.275344,2.07885,3.12942
0.140137,0.0327148,-1.12305,-0.371124,1.78033,2.85006
0.211914,-0.00952148,-1.04028,-0.308867,1.16574,2.82079
0.346924,-0.0427246,-0.958984,-0.202977,0.899155,2.86656
0.335205,-0.112061,-0.990723,0.220053,1.59409,2.59944
0.295166,-0.0842285,-1.04468,0.512715,1.20725,2.44246
0.306885,-0.048584,-1.04346,0.690972,0.599043,2.34721
0.291016,-0.0419922,-1.03052,0.752697,0.196766,2.28975
0.194336,-0.00268555,-0.901367,0.638293,0.172821,2.25995
0.194092,0.0102539,-0.842041,0.5191,0.704934,2.39244
0.0874023,-0.0429688,-0.898682,0.38554,1.29717,2.6271
0.300781,-0.0866699,-0.780029,0.262622,1.49831,2.87613
0.543457,-0.17749,-1.18115,0.352549,1.81013,2.76918
0.719482,-0.267578,-1.16138,0.543045,0.045114,2.27964
0.811279,-0.259033,-1.15894,0.548366,-1.44267,1.62833
0.674316,-0.243652,-1.22583,0.304659,-1.89124,1.10473
0.186523,-0.138184,-0.737305,-0.373785,-1.91519,1.0313
0.0307617,-0.0771484,-0.763428,-0.540868,-0.121969,1.4522
0.00219727,-0.132324,-0.824707,-0.546722,0.37662,2.05721
0.0546875,-0.178223,-0.873535,-0.489253,0.460694,2.58347
0.0693359,-0.107666,-1.01221,-0.209362,0.670346,3.36302
0.217041,-0.0500488,-0.982422,-0.00981998,0.489428,3.5716
0.393311,-0.0270996,-0.884521,0.0955383,0.539447,3.48061
0.35498,-0.0778809,-0.920166,0.162052,0.816145,3.09377
0.291016,-0.25293,-0.984131,0.419595,0.369703,1.7571
0.256592,-0.290771,-1.00806,0.478659,0.460694,1.62886
0.123535,-0.249512,-1.15137,0.530806,0.491024,1.79701
0.256348,-0.197021,-1.04858,0.390861,0.00839826,2.27059
0.186035,-0.2229,-1.0415,0.307851,0.158986,2.26314
0.222412,-0.240967,-0.945068,0.264218,0.216454,2.20301
0.198242,-0.300293,-0.921143,0.240805,0.34629,2.18918
0.202637,-0.330566,-1.03833,0.468549,0.583612,2.13118
0.178223,-0.307373,-1.05542,0.496219,0.570309,2.11521
0.198975,-0.265869,-1.06445,0.487705,0.330326,2.12319
0.132812,-0.401367,-0.868408,0.227502,-0.189548,2.23441
0.0783691,-0.470215,-0.894043,0.251447,0.0286185,2.23175
0.157715,-0.513672,-0.869141,0.294016,0.159518,2.27591
0.153809,-0.370361,-0.997559,0.0864924,0.429299,2.22642
0.183594,-0.3125,-0.957031,-0.0907011,0.370767,1.99921
0.136963,-0.335693,-0.998047,-0.241821,0.310106,1.6576
0.0827637,-0.393311,-0.960449,-0.881952,-0.0176753,0.785996
-0.0405273,-0.378662,-1.02368,-0.992632,0.140362,0.762583
-0.0637207,-0.385742,-0.992432,-0.966558,-0.137933,1.04513
-0.00634766,-0.539795,-0.970703,-0.938356,-0.548724,2.89742
0.0380859,-0.382812,-0.941162,-0.762759,-0.483274,3.19753
0.0527344,-0.259277,-0.934326,-0.333344,-0.498705,3.12942
0.815918,-0.815918,-0.815918,-1.76207,1.7782,1.77519
-0.0161133,-0.222412,-1.00513,-0.218408,-0.396007,2.46907
-0.0202637,-0.286621,-1.03491,-0.535547,-0.314062,2.30997
0.0212402,-0.309326,-0.955322,-0.790961,-0.294906,2.28017
0.0407715,-0.300049,-0.875977,-0.844172,-0.185823,2.21951
-0.00561523,-0.287109,-0.894287,-0.579713,0.245188,2.23973
-0.0568848,-0.259277,-0.953613,-0.434446,0.353207,2.13118
-0.0761719,-0.241455,-0.971436,-0.310996,0.291482,1.9013
-0.0874023,-0.264893,-0.95459,-0.220004,0.20528,1.78637
-0.0349121,-0.219238,-0.942383,-0.289711,0.328198,2.21844
0.0195312,-0.103516,-0.967285,-0.299821,0.516034,2.16044
0.00512695,-0.0908203,-0.995117,-0.233307,0.63842,1.71719
-0.0849609,-0.136719,-1.03076,-0.190738,0.635759,1.27447
-0.243408,-0.296875,-1.08154,-0.539272,0.502199,1.32609
-0.223389,-0.318115,-1.06616,-0.809585,0.389923,1.86299
-0.1604,-0.281982,-1.02563,-0.969219,0.292014,2.40309
1.00415,-1.00415,-1.00415,-2.17233,2.18846,2.18545
-0.00488281,-0.0847168,-1.00732,-0.650483,0.315959,1.6262
-0.0996094,-0.117188,-1.0437,-0.456795,0.299464,1.05046
-0.210693,-0.166016,-1.08984,-0.321638,0.248381,0.759922
0.878662,-0.878662,-0.878662,-1.89882,1.91496,1.91195
-0.146729,-0.230957,-1.07593,-0.338133,-0.0368313,1.47827
-0.0627441,-0.169678,-1.03979,-0.413693,-0.0208679,1.79701
-0.0141602,-0.104736,-1.00781,-0.444024,0.0408571,1.81829
-0.00976562,-0.0393066,-1.00586,-0.401455,0.068527,1.55117
-0.123047,-0.0852051,-1.01904,-0.283326,0.0105267,0.809941
-0.184326,-0.1521,-1.05249,-0.288115,-0.00277611,0.690215
-0.226318,-0.193604,-1.06006,-0.302482,-0.0389598,0.788124
-0.20752,-0.195068,-1.05884,-0.287051,-0.0581158,1.00203
-0.126709,-0.0795898,-1.00049,-0.0651597,-0.106006,1.19306
-0.13916,-0.0339355,-0.999023,0.0699969,-0.122501,1.10154
-0.125977,-0.0314941,-1.00342,0.148217,-0.149107,1.03875
-0.0529785,-0.0222168,-1.01807,0.170034,-0.183162,1.03715
-0.0966797,-0.0808105,-0.982178,0.0194462,0.035536,0.756729
-0.130371,-0.098877,-0.954346,0.0215747,0.113224,0.791849
-0.133545,-0.0683594,-0.94165,0.0976668,0.161647,0.889757
-0.176025,0.0090332,-0.971436,0.380751,0.187188,0.835482
-0.201172,0.00195312,-1.00757,0.48132,0.165371,0.832289
-0.20459,-0.0134277,-1.03613,0.455779,0.121206,0.93818
-0.155762,-0.0153809,-1.05005,0.306787,0.0775729,1.07334
-0.102783,-0.0883789,-1.04346,-0.0789946,0.0525636,1.07919
-0.101562,-0.11792,-1.01733,-0.196059,0.0930042,1.08717
-0.103516,-0.111084,-0.995605,-0.211491,0.141959,1.08557
-0.0742188,-0.0895996,-0.978027,-0.118371,0.121206,1.04354
-0.048584,-0.0512695,-0.963623,0.0364738,0.0738481,0.930198
-0.0827637,-0.0456543,-1.00977,0.258365,0.0435177,0.569958
-0.125488,-0.0856934,-1.0188,0.240273,0.0514994,0.596563
-0.113525,-0.0854492,-1.0625,0.119483,0.125995,0.800895
-0.101318,-0.0654297,-1.10669,-0.0816552,0.180271,0.970639
-0.106689,-0.107422,-1.06421,-0.308335,0.227097,0.987666
-0.139404,-0.0578613,-1.03198,-0.218408,0.0802335,0.667867
-0.162354,-0.00415039,-1.02026,-0.125288,0.00360924,0.544416
-0.164795,0.0632324,-1.0166,-0.0454715,-0.0533268,0.495462
-0.0144043,0.0551758,-1.04272,0.0401986,-0.185823,0.252287
-0.0134277,-0.00390625,-1.01367,-0.0609028,-0.0948316,0.101167
-0.112305,-0.0952148,-1.00098,-0.138591,0.0238295,0.0559371
-0.165771,-0.135254,-0.987305,-0.17105,0.0930042,0.246433
-0.175537,-0.132812,-0.983643,-0.147637,0.152069,0.546013
-0.127197,-0.126465,-0.998291,-0.0263155,0.154197,0.68649
-0.0722656,-0.0952148,-1.01123,0.190786,0.0754444,0.5806
-0.0847168,-0.0646973,-1.02417,0.410549,-0.0203358,0.308158
-0.13916,-0.0307617,-1.05078,0.495687,-0.0485378,0.134158
-0.134521,0.0783691,-1.07983,0.369044,-0.0187395,0.216635
-0.118896,0.0500488,-1.06201,0.127465,0.0296828,0.295388
-0.123291,-0.0129395,-1.03833,-0.0758019,0.0935363,0.375737
-0.0905762,-0.0283203,-1.01758,-0.185949,0.136105,0.4497
-0.0927734,-0.020752,-1.00171,-0.193931,0.150472,0.402342
-0.0947266,-0.0163574,-0.985596,-0.134334,0.136105,0.299645
-0.107422,-0.0327148,-0.968262,-0.066756,0.126527,0.217699
-0.101318,-0.0773926,-0.995361,0.0242352,0.136105,0.147993
-0.124023,-0.043457,-1.04419,0.142896,0.0754444,0.12458
-0.0776367,-0.0134277,-1.06421,0.154071,-0.00809723,0.102763
-0.0771484,0.00561523,-1.0791,0.0376721,0.0165045,0.0457612
-0.118652,-0.0200195,-1.07959,-0.125254,0.0493414,0.0270027
-0.126953,-0.0288086,-1.05103,-0.231677,0.0461488,0.0413697
-0.137207,-0.0461426,-1.03784,-0.235402,0.0546626,0.033388
-0.14502,-0.0629883,-1.04126,-0.234337,0.0796718,0.0381771
-0.140381,-0.0800781,-1.01343,-0.27531,0.117984,0.0184889
-0.148926,-0.0529785,-1.01758,-0.243915,0.0903141,-0.0560069
-0.12207,-0.0375977,-1.01953,-0.173677,0.0546626,-0.0171627
-0.101074,-0.0444336,-1.02637,-0.120678,0.025823,0.0881476
-0.0908203,-0.027832,-1.03687,0.00789795,-0.0298441,0.084985
-0.110352,0.00854492,-1.06128,0.0419808,0.0129376,0.0180258
-0.168701,-0.0725098,-1.01001,-0.0915794,0.200773,-0.0128367
-0.207764,-0.0292969,-1.05273,-0.150644,0.413618,0.156375
-0.170654,-0.026123,-1.10693,-0.0686986,0.359875,0.387844
-0.218018,-0.0527344,-1.12524,-0.0750839,-0.149889,0.480964
-0.0725098,-0.0739746,-1.03516,-0.14213,-0.917727,0.466065
0.026123,-0.00805664,-1.0625,-0.214497,-1.12898,0.421367
0.0700684,0.0515137,-1.00732,-0.34859,-0.9587,0.143604
0.0478516,0.0205078,-0.967041,-0.592297,-0.223852,-0.262397
-0.0541992,-0.0336914,-0.989258,-0.830152,0.639234,-0.497591
-0.140625,-0.0231934,-1.04468,-0.843987,1.02342,-0.558252
-0.151855,0.00366211,-1.05127,-0.654022,0.862189,-0.472582
-0.102783,0.0463867,-1.01685,-0.443306,0.549839,-0.34115
-0.0632324,0.0654297,-0.97998,-0.427875,0.417875,-0.238985
-0.0446777,0.0593262,-0.944824,-0.493857,0.485454,-0.194287
-0.0598145,0.0527344,-0.94043,-0.460333,0.604647,-0.181516
-0.0925293,0.0544434,-0.975098,-0.294314,0.56261,-0.119259
-0.0925293,0.052002,-0.974609,-0.0724234,0.250792,-0.0202863
-0.0571289,0.0463867,-0.932373,0.0962563,-0.113705,0.0675123
-0.0202637,0.0393066,-0.888428,0.223963,-0.263761,0.0621912
-0.0195312,0.032959,-0.875,0.312826,-0.125944,-0.0468919
-0.0620117,0.0322266,-0.912842,0.348478,0.188535,-0.16236
-0.112793,0.0446777,-1.02441,0.347946,0.448206,-0.133094
-0.125,0.0310059,-1.08374,0.324,0.410958,0.0781545
-0.0737305,0.0170898,-1.06934,0.356991,0.0869013,0.286211
-0.000488281,0.0246582,-1.02075,0.377744,-0.215339,0.349532
0.0327148,0.0185547,-0.978027,0.343689,-0.290367,0.206926
0.0065918,0.0170898,-0.987549,0.317083,-0.172238,-0.0314606
-0.0529785,0.0334473,-1.03052,0.284624,-0.0434663,-0.204929
-0.0864258,0.0297852,-1.05444,0.236734,0.00495593,-0.243241
-0.0800781,0.0227051,-1.05005,0.226624,0.024112,-0.183645
-0.052002,0.0180664,-1.03003,0.269193,0.0986077,-0.127241
-0.0366211,0.0100098,-1.03662,0.28356,0.258242,-0.140544
-0.0605469,0.00366211,-1.07031,0.217578,0.448206,-0.187902
-0.0969238,-0.0078125,-1.12451,0.120733,0.497692,-0.186838
-0.107666,0.0012207,-1.15015,0.0324028,0.330077,-0.0772223
-0.0673828,0.0219727,-1.12378,-0.00165242,0.0645525,0.0733655
0.0524902,0.0290527,-1.00342,-0.0341113,0.0342221,0.123916
0.0380859,0.00878906,-1.01587,-0.0112304,0.235361,-0.00591924
-0.00488281,-0.0109863,-1.05835,0.0669901,0.287508,-0.151186
-0.0371094,-0.0200195,-1.09473,0.144146,0.149158,-0.224085
-0.0344238,-0.0131836,-1.09033,0.185651,-0.0365488,-0.232067
-0.0302734,-0.0090332,-1.0791,0.190972,-0.098806,-0.246434
-0.0397949,-0.0212402,-1.08252,0.153724,-0.0115396,-0.263994
-0.0627441,-0.0383301,-1.09253,0.0685864,0.0964793,-0.249095
-0.0808105,-0.032959,-1.09448,-0.0170837,0.0938187,-0.221957
-0.0771484,-0.0129395,-1.03418,-0.20758,-0.0328241,-0.165553
-0.0654297,-0.00805664,-1.00049,-0.228332,0.00708438,-0.115002
-0.0563965,-0.000732422,-0.985352,-0.155433,0.113507,-0.0543415
-0.0524902,-0.00512695,-0.994385,-0.0585885,0.195984,0.0127047
-0.0390625,-0.0187988,-1.00391,0.105881,0.0172995,0.0331702
-0.0380859,-0.0144043,-1.01929,0.135525,-0.0511444,0.0053678
-0.0319824,-0.00610352,-1.02808,0.129144,-0.0156389,-0.00774381
-0.027832,0.00805664,-1.04395,0.0902009,0.114041,-0.00599934
-0.0263672,-0.00634766,-1.08594,-0.0364419,0.296024,0.111598
-0.00170898,-0.0129395,-1.06982,-0.0492126,0.166188,0.163212
0.0236816,-0.0236816,-1.04932,-0.0293323,0.0136667,0.124487
0.0393066,-0.0202637,-1.04077,-0.00318027,-0.0308023,0.0342466
0.00805664,-0.015625,-1.0625,0.0133152,0.163419,-0.153057
-0.0131836,-0.0131836,-1.08081,-0.0148867,0.15118,-0.177002
0.00244141,-0.00683594,-1.05615,-0.0664571,0.0374477,-0.150407
0.0410156,0.00634766,-1.01904,-0.116476,0.00605306,-0.147747
0.0175781,-0.0244141,-1.0188,-0.176604,0.307229,-0.276518
-0.0273438,-0.0371094,-1.05298,-0.138824,0.288605,-0.312702
-0.0539551,-0.03125,-1.0708,-0.0818884,0.0619249,-0.2845
-0.050293,-0.0197754,-1.05298,-0.0595396,-0.217434,-0.2265
-0.00805664,0.00683594,-1.00049,-0.0967875,-0.218498,-0.141894
-0.00927734,0.0197754,-1.00537,-0.10588,-0.00292074,-0.083949
-0.0227051,0.013916,-1.01514,-0.095539,0.111394,-0.0274006
-0.0256348,-0.0107422,-1.01025,-0.0672723,0.0344508,0.0225922
-0.0107422,0.00732422,-0.998535,0.0503246,-0.274174,0.0513263
0.00830078,0.0202637,-0.982178,0.0450034,-0.277899,0.0460052
0.0222168,0.0222168,-0.975586,0.0189931,-0.132033,0.0199707
0.0170898,0.0175781,-0.981689,0.00399526,0.072114,-0.0168609
-0.00341797,-0.00561523,-1.0105,0.0677717,0.161252,-0.0470927
-0.00317383,-0.000976562,-1.0127,0.128973,0.0451998,-0.0568631
-0.000976562,0.00708008,-1.00439,0.160658,-0.0514388,-0.0819767
0.000976562,0.020752,-1.00269,0.156267,-0.0813568,-0.107524
0.00415039,0.0263672,-1.00269,0.11719,-0.0321409,-0.065986
0.00317383,0.0102539,-1.01001,0.110212,0.0267941,-0.0124669
-0.000244141,0.00805664,-1.04395,0.0873035,0.0547094,-0.00178073
-0.00561523,0.00878906,-1.06494,0.0218464,0.038851,-0.0219902
0.0136719,0.0141602,-1.04395,-0.11058,0.0503778,-0.0593685
0.0180664,0.015625,-1.02441,-0.141442,0.125406,-0.0976806
0.00854492,0.0112305,-1.01562,-0.152085,0.189259,-0.143442
-0.00952148,-0.000244141,-1.02002,-0.138782,0.218525,-0.150892
-0.029541,-0.00585938,-1.04712,-0.0357339,0.126019,-0.0537836
-0.0153809,-0.0090332,-1.05127,-0.0218906,0.077804,0.0139816
-0.00219727,-0.0170898,-1.052,-0.0364225,0.0889115,0.0541494
0.0126953,-0.0209961,-1.05444,-0.0641058,0.114291,0.0850406
0.0397949,-0.0229492,-1.03687,-0.0755434,0.0632434,0.055469
0.041748,-0.0202637,-1.0271,-0.0690494,0.0492565,-0.0138947
0.0249023,-0.0170898,-1.02222,-0.069982,0.0568975,-0.0810676
0.00878906,-0.00952148,-1.01392,-0.0703729,0.0290427,-0.122215
-0.0185547,-0.00512695,-0.996826,-0.0406355,0.00653265,-0.107846
-0.0229492,0.00317383,-1.00488,0.00759914,-0.00401058,-0.0330659
-0.0119629,0.00366211,-1.01978,0.0499979,-0.0241663,0.0606839
-0,0.00927734,-1.04761,0.0617753,-0.0376048,0.133999
0.0375977,0.00830078,-1.04614,-0.0383784,0.0245776,0.0336632
0.0351562,0.00952148,-1.04712,-0.0712075,0.089416,-0.00142111
0.0314941,0.0129395,-1.04175,-0.0642988,0.100763,-0.0169656
0.0292969,0.0168457,-1.0332,0.070189,-0.0164283,-0.0248654
0.0310059,0.0205078,-1.05029,0.0991358,-0.0243411,0.0250663
0.0544434,0.0266113,-1.05811,0.0910348,-0.0367368,0.0727564
0.0397949,-0.0065918,-1.05225,-0.0394236,0.0285405,-0.132559
0.0175781,-0.00952148,-1.04443,-0.0633686,-0.0299919,-0.187366
0.0100098,-0.00244141,-1.04077,-0.0596438,-0.0858637,-0.179917
-0.0012207,0.00292969,-1.03418,-0.00316185,-0.0453672,-0.0384887
0.00878906,0.00585938,-1.04077,-0.000489205,-0.0640071,0.0174836
0.0195312,0.0107422,-1.03638,-0.0119018,-0.0785628,0.0461425
0.0285645,0.00561523,-1.0022,-0.0676984,-0.0320107,-0.0629818
0.0129395,0.0012207,-1.00659,-0.0468534,-0.00319766,-0.104565
-0.00170898,0.00708008,-1.02051,-0.0197598,-0.000524154,-0.105161
0.00976562,0.0100098,-1.04785,0.0440698,-0.079963,0.100935
0.0344238,0.0090332,-1.04199,0.032622,-0.0904991,0.131218
0.0537109,0.00610352,-1.02905,0.0011978,-0.0587189,0.0958598
0.0229492,0.000488281,-1.05005,-0.0746475,0.000337297,-0.113647
0.0229492,0.00463867,-1.03052,-0.0853117,-0.0355019,-0.113505
0.0258789,0.0065918,-1.0105,-0.0806596,-0.0273763,-0.0957105
0.0161133,0.0202637,-1.01929,0.0147563,-0.000752145,-0.00824054
0.0239258,0.0161133,-1.02856,0.0481547,-0.0656453,0.0412906
0.0400391,0.0141602,-1.03125,0.0610151,-0.117031,0.0672988
0.0473633,-0.000488281,-1.03955,-0.0250995,-0.0404719,-0.102054
0.0263672,0.00585938,-1.04199,-0.0458518,-0.0261048,-0.185063
0.00756836,0.0100098,-1.03906,-0.0575583,-0.0245085,-0.230293
-0.0180664,0.0239258,-1.0249,0.00354704,-0.0763663,-0.0959596
-0.0065918,0.027832,-1.02173,0.0268296,-0.0303864,-0.0245816
-0.00244141,0.0197754,-1.03052,0.00437294,0.0575866,0.0154768
-0.00585938,0.017334,-1.04248,-0.0326021,0.0863178,0.0587242
0.0205078,0.00830078,-1.02612,-0.0458373,0.0494454,0.0946981
0.0366211,-0.00341797,-1.02002,-0.034347,0.0711027,0.119419
0.0427246,-0.0065918,-1.03467,-0.0122284,0.104182,0.111349
0.046875,-0.00634766,-1.05322,-0.00674087,0.103749,0.0811434
0.0454102,-0.012207,-1.06274,-0.0512374,0.0695719,-0.0184385
0.0378418,-0.0090332,-1.06421,-0.0671394,0.0507589,-0.0460359
0.0302734,-0.00708008,-1.05542,-0.0675987,0.00903114,-0.0516774
0.0290527,0.00805664,-1.04785,-0.0104058,-0.0877745,-0.0348534
0.0251465,0.010498,-1.0564,-0.00703927,-0.104873,-0.0288207
0.0219727,0.0012207,-1.05444,-0.0214098,-0.105981,-0.0218947
0.0222168,0.00756836,-1.05444,-0.0234903,-0.104466,-0.00526914
0.027832,0.0222168,-1.06128,-0.0514853,-0.0889665,0.00576293
0.0195312,0.0205078,-1.0332,-0.130735,-0.0805912,-0.0566908
0.0144043,0.0285645,-1.00708,-0.131267,-0.100812,-0.0902139
0.00708008,0.0317383,-1.00171,-0.105255,-0.0999402,-0.0989452
-0.00488281,0.0332031,-1.0105,-0.0528668,-0.081434,-0.0846173
-0.0114746,0.0354004,-1.02686,0.00449046,-0.063893,-0.0420736
-0.00927734,0.0341797,-1.0437,0.0391747,-0.0498904,0.030083
0.0102539,0.0446777,-1.04883,0.0506937,-0.0403796,0.106732
0.0314941,0.0427246,-1.04858,0.0261041,-0.00876846,0.143627
0.0402832,0.0334473,-1.05127,0.00626134,0.0340247,0.147436
0.0437012,0.0344238,-1.05957,-0.00375605,0.0290505,0.13921
0.0627441,0.0498047,-1.03931,-0.0815591,-0.0651219,0.0605579
0.0637207,0.0405273,-1.02417,-0.154372,-0.0308373,0.0050925
0.0527344,0.0266113,-1.00903,-0.180977,0.0101353,-0.0619537
0.034668,0.0253906,-1.01782,-0.147454,0.0170528,-0.101862
0.0214844,0.0202637,-1.02563,-0.0935299,-0.0202278,-0.0905797
0.0205078,0.0227051,-1.01636,-0.0471365,-0.0789395,-0.0613939
0.0200195,0.0251465,-1.01611,-0.00705389,-0.125851,-0.0526445
0.0141602,0.0244141,-1.01001,0.0289471,-0.137358,-0.0534531
0.0131836,0.0327148,-1.01831,0.0646,-0.123143,-0.0438564
0.0148926,0.0231934,-1.01782,0.010595,-0.0168371,-0.0318945
0.0078125,0.00976562,-1.00977,0.00306961,0.0168032,-0.0420311
0.00463867,0.0153809,-1.01929,0.0320759,0.0210719,-0.0332289
0.000976562,0.0283203,-1.03003,0.0448046,-0.010074,-0.0147724
-0.00585938,0.0219727,-1.01587,0.038532,-0.118882,-0.0393424
-0.0158691,0.0236816,-1.0188,0.0272177,-0.11446,-0.0700711
-0.0317383,0.0251465,-1.03027,-0.00303767,-0.07639,-0.0891542
-0.0444336,0.020752,-1.03809,-0.0242554,-0.0574126,-0.0797359
-0.0407715,0.0307617,-1.02515,-0.0418461,-0.0555099,-0.00615243
-0.034668,0.0302734,-1.01221,-0.050185,-0.0193799,0.0173639
-0.0351562,0.0334473,-1.00977,-0.0391092,0.0200339,0.0257734
-0.0356445,0.0368652,-1.01172,-0.0329739,0.0470736,0.0303453
-0.0297852,0.0395508,-1.01221,-0.0233514,0.0755388,0.102315
-0.0200195,0.0400391,-1.01172,-0.023308,0.108511,0.147624
-0.00756836,0.0427246,-1.01807,-0.0190511,0.137777,0.207753
0.0217285,0.0444336,-1.01343,-0.0163905,0.146291,0.267882
0.0617676,0.0461426,-1.01172,0.0591694,0.13086,0.27746
0.0732422,0.0539551,-1.02808,0.0894998,0.0930798,0.222652
0.0725098,0.0437012,-1.03149,0.0733224,0.0415043,0.121218
0.0625,0.0314941,-1.02637,0.0575347,-0.00830909,0.00924614
0.052002,0.0349121,-1.0332,0.0509555,-0.0309577,-0.0875647
0.0263672,0.0349121,-1.04395,0.0331103,-0.00372787,-0.146731
0.00415039,0.0354004,-1.05005,0.00686723,0.0337509,-0.142676
0.00146484,0.0358887,-1.05249,-0.00368405,0.0547478,-0.0852318
0.00805664,0.043457,-1.052,-0.0254055,0.0902982,-0.0115159
0.0187988,0.0419922,-1.04297,-0.0497192,0.124992,0.0469221
0.0317383,0.0429688,-1.03442,-0.0630613,0.110036,0.0733138
0.041748,0.0471191,-1.01636,-0.0688118,0.069996,0.0632386
0.0463867,0.0478516,-1.01172,-0.064038,0.0397484,0.0352309
0.0439453,0.0444336,-1.01123,-0.0271831,0.00192099,-0.000410456
0.0231934,0.0351562,-1.03491,0.0482497,-0.0349949,-0.0653119
0.0124512,0.0275879,-1.05127,0.0585115,-0.0398639,-0.0746432
0.00415039,0.029541,-1.05591,0.0503508,-0.0482505,-0.068171
-0.00195312,0.0351562,-1.05688,0.0335588,-0.0517615,-0.0504303
0.0012207,0.0371094,-1.0542,0.00574702,-0.044802,-0.0279242
0.00561523,0.0390625,-1.04541,-0.0115281,-0.0255473,-0.00803756
0.00683594,0.0490723,-1.0437,-0.0257904,-0.00156361,0.00721554
0.0090332,0.0410156,-1.03516,-0.0568457,0.0161299,0.0127539
0.00830078,0.0427246,-1.03516,-0.0653424,0.0172991,0.0124466
0.0129395,0.0449219,-1.0271,-0.0575364,0.012728,0.00799231
0.0114746,0.0422363,-1.02173,-0.0457642,0.0124213,0.00987688
0.0112305,0.0429688,-1.01807,-0.017139,0.00277474,0.0122353
0.0141602,0.045166,-1.02197,0.0081999,-0.00560077,0.0160948
0.0129395,0.0449219,-1.03613,0.00748302,-0.00027291,0.0224578
0.0119629,0.046875,-1.04199,0.00107123,0.00233012,0.0193202
0.0153809,0.0522461,-1.04468,-0.026477,0.00902475,0.0240475
0.0197754,0.0544434,-1.04077,-0.0518035,0.0311368,0.0442397
0.0290527,0.0629883,-1.04053,-0.0500359,0.052716,0.0608296
0.0366211,0.0634766,-1.03491,-0.0446759,0.060793,0.0619603
0.0424805,0.0554199,-1.02441,-0.0378872,0.0463458,0.054755
0.0471191,0.0644531,-1.01367,-0.0229534,0.0192645,0.0337026
0.0446777,0.0688477,-1.00952,-0.021881,0.00893378,-0.00345986
0.032959,0.0622559,-1.00732,-0.0255081,0.00871851,-0.0319375
0.0302734,0.0561523,-1.00366,-0.022297,-0.000319515,-0.042073
0.029541,0.0561523,-1.00562,-0.00358455,0.00643896,-0.0358663
0.026123,0.0512695,-1.01709,0.0203892,0.0197854,-0.0178654
0.0241699,0.0551758,-1.03174,0.0422274,0.0167122,-0.00289481
0.0273438,0.0537109,-1.04028,0.0375748,-0.00965508,0.00392572
0.0307617,0.0571289,-1.03857,0.0205714,-0.0343484,-0.00499682
0.027832,0.0581055,-1.03394,-0.00433096,-0.0475415,-0.0422653
0.00756836,0.0593262,-1.02661,-0.0390191,-0.00277556,-0.11239
-0.00244141,0.059082,-1.03394,-0.0245773,0.0232558,-0.100854
-0.00732422,0.0571289,-1.03931,0.00146016,0.0294462,-0.0537644
0.00244141,0.0571289,-1.03638,0.0284281,0.0214666,0.0165968
0.0109863,0.0490723,-1.03638,0.0573426,0.00692852,0.071761
0.0202637,0.0493164,-1.03589,0.0886762,-0.0166065,0.0965156
0.0288086,0.050293,-1.04541,0.0979638,-0.0333429,0.0952285
0.0310059,0.048584,-1.05566,0.0800245,-0.0346167,0.0669693
0.0251465,0.0461426,-1.06738,0.0386301,-0.0322247,0.0279667
0.0239258,0.0461426,-1.0542,-0.0407136,-0.0428725,-0.0376185
0.0187988,0.0456543,-1.0481,-0.0641392,-0.0174328,-0.058003
0.00927734,0.0456543,-1.03979,-0.0714216,0.00427816,-0.0654333
0.00854492,0.0505371,-1.03369,-0.0619112,0.0083294,-0.0565865
0.0129395,0.0710449,-1.0271,-0.0391285,-0.000699249,-0.00277461
0.0197754,0.0773926,-1.02588,-0.0283191,-0.0172997,0.0258532
0.0300293,0.0822754,-1.01831,-0.020886,-0.0257108,0.0413283
0.0339355,0.0732422,-1.01294,-0.0193441,-0.0126283,0.0356588
0.0170898,0.057373,-1.01562,0.0153952,0.0100055,-0.0171295
0.00537109,0.0551758,-1.01685,0.0404695,-0.00789145,-0.0271026
-0.0012207,0.0615234,-1.03271,0.0607852,-0.0212029,-0.0124286
-0.000244141,0.0683594,-1.04541,0.0562048,-0.0134219,0.00552672
0.0114746,0.0585938,-1.04199,0.0226544,0.0362341,0.0703049
0.0263672,0.0620117,-1.0332,0.0143192,0.0197823,0.0831509
0.032959,0.065918,-1.02441,0.00618478,0.0151513,0.06453
0.0341797,0.0695801,-1.02832,0.000323549,0.0184213,0.0287019
0.0239258,0.074707,-1.0249,-0.015263,0.0242089,-0.0223609
0.0209961,0.0778809,-1.02539,-0.00710582,0.0225869,-0.0103977
0.0256348,0.079834,-1.02075,0.00604767,0.010099,0.0184138
0.0305176,0.0737305,-1.01343,0.025635,-0.00104947,0.0361453
0.0322266,0.0668945,-1.01685,0.0717534,-0.00413992,0.00567473
0.0205078,0.0615234,-1.01978,0.074698,0.00634565,-0.0209458
0.012207,0.0622559,-1.0249,0.078091,0.0108664,-0.0287498
0.00439453,0.0598145,-1.03271,0.0814022,0.00696948,-0.0109204
0.0090332,0.057373,-1.02832,0.0867108,-0.0165665,0.030886
0.0102539,0.060791,-1.01685,0.0815056,-0.0296689,0.0368925
0.0107422,0.0559082,-1.00562,0.0681172,-0.0372626,0.0152319
0.00219727,0.0490723,-0.997559,0.068553,-0.0301332,-0.00694532
