-0.029541,0.0234375,-1.03003,-0.00294926,-0.00245369,-0.00039155
-0.0322266,0.019043,-1.02319,-0.0028782,-0.0060296,-0.00193999
-0.0305176,0.0224609,-1.02686,-0.00280884,-0.00276856,-0.000854659
-0.0305176,0.0222168,-1.02368,-0.00274116,-0.00374043,-0.00187265
-0.027832,0.0290527,-1.02417,-0.00215582,-0.00313101,-0.00026965
-0.0268555,0.0358887,-1.03442,-0.00262316,0.000579471,-0.000782443
-0.026123,0.0429688,-1.03491,-0.00204066,-0.00151165,-0.00180217
-0.0268555,0.0332031,-1.04004,-0.00251078,-0.0030331,-0.00123945
-0.0253906,0.0378418,-1.04077,-0.00245028,-0.0034793,-0.00224817
-0.0270996,0.03125,-1.03589,-0.00135266,-0.00391476,-0.000636124
-0.0302734,0.0229492,-1.02295,-0.000800772,-0.00485901,-0.000101505
-0.0305176,0.0234375,-1.02271,-0.000781476,-0.00318405,-0.00113764
-0.0300293,0.0236816,-1.02539,-0.000762645,-0.00258804,-0.00162952
-0.032959,0.0219727,-1.02441,-0.00126356,-0.00200638,-0.00159025
-0.026123,0.0227051,-1.02441,-0.000713821,-0.000919455,-0.00155193
-0.0290527,0.0239258,-1.02734,-0.00069662,-0.000897299,-0.00203383
-0.026123,0.0266113,-1.02563,-0.00171841,-0.00347213,-0.00146553
-0.0275879,0.0339355,-1.02686,-0.00167701,-0.00183059,-0.000391634
-0.0244141,0.0410156,-1.03052,-0.00215589,-0.00178648,-0.00142078
-0.0270996,0.0383301,-1.03638,-0.00210394,-0.00174343,-0.00138654
-0.0288086,0.0319824,-1.03613,-0.00153395,-0.00170142,-0.000314551
-0.027832,0.029541,-1.03418,-0.00149699,-0.00269901,-0.000826262
-0.0266113,0.0236816,-1.03345,-0.00198021,-0.0010761,-0.00132564
-0.0283203,0.0246582,-1.03052,-0.00193249,-0.00260804,-0.00181299
-0.032959,0.0217285,-1.0249,-0.000847344,-0.00358378,-0.000211432
-0.0305176,0.0251465,-1.02197,0.000211654,-0.00505529,-0.000725628
-0.0307617,0.0273438,-1.02271,-0.000312736,0.00129801,-0.000708143
-0.0275879,0.0297852,-1.02759,-0.00134378,0.000228149,-0.00121037
-0.0283203,0.0324707,-1.02905,-0.0013114,-0.00289309,-0.00170049
-0.0253906,0.0380859,-1.03613,-0.00076051,-0.000746216,0.000417643
-0.0251465,0.0349121,-1.03394,-0.00126148,-0.000728235,-0.000631001
-0.0263672,0.0349121,-1.04053,-0.00123108,-0.00226856,-0.00113509
-0.0275879,0.0302734,-1.0354,-0.00120141,-0.00221389,0.000969427
-0.0332031,0.0234375,-1.0271,0.000385407,-0.00423771,-0.0011311
-0.0297852,0.0227051,-1.03003,-0.000143169,-0.00153914,-0.00058455
-0.0319824,0.0224609,-1.02661,0.000379571,-0.000982766,-5.11734e-05
-0.0297852,0.0234375,-1.02563,-0.000668156,-0.00199767,-0.00108852
-0.0270996,0.0307617,-1.02905,-0.00117135,-0.000391657,-0.000543001
-0.0280762,0.0319824,-1.02808,-0.00010454,-0.00090151,-1.06265e-05
-0.0266113,0.0366211,-1.03296,-0.000102021,-0.00243766,-0.000529661
-0.0280762,0.0393066,-1.03516,-0.000618853,-0.00134034,2.39257e-06
-0.0263672,0.0358887,-1.03857,-8.46507e-05,-0.00234662,-0.00103625
-0.0275879,0.0317383,-1.03589,-8.26111e-05,-0.000732206,-0.00101128
-0.0302734,0.0280762,-1.03174,-0.000599911,-0.00175314,-0.000986908
-0.0288086,0.0258789,-1.03027,-0.00110475,-0.00119161,-0.000963127
-0.0288086,0.0222168,-1.02734,-0.000558835,-0.000643604,-0.000939919
-0.0285645,0.0217285,-1.02637,-2.60789e-05,-0.00218597,-0.00039798
-0.0292969,0.0256348,-1.02417,-2.54503e-05,-0.00109471,-0.000388391
-0.0297852,0.0288086,-1.02954,-2.48374e-05,0.000489538,0.000659549
-0.0253906,0.0349121,-1.03296,-0.00158211,-0.00056084,-0.000914215
-0.0268555,0.0375977,-1.03564,-0.0010247,-0.00262449,-0.000372895
-0.0273438,0.0402832,-1.03442,-0.00100001,-0.00100338,0.000674671
-0.0268555,0.036377,-1.03784,-0.00097591,0.00109797,0.000658414
-0.0275879,0.0327148,-1.03394,8.61874e-05,0.000552218,-0.000915323
-0.0270996,0.0270996,-1.03125,-0.00147376,-0.00153825,0.000145314
-0.029541,0.0258789,-1.03027,-0.000399667,-0.00202047,-0.000896769
-0.0273438,0.0214844,-1.02759,-0.000909328,-0.00197179,0.000163421
-0.0310059,0.0251465,-1.02588,-0.000887416,0.000152887,0.00119806
-0.0290527,0.0263672,-1.02368,-0.000866033,-0.000370088,-0.000388676
-0.026123,0.03125,-1.02881,0.000193416,0.000158121,0.00013998
-0.0256348,0.0336914,-1.03003,-0.000330535,-0.000884271,-0.000382683
-0.0273438,0.0378418,-1.03418,-0.00032257,-0.00138225,-0.000373462
-0.0270996,0.0373535,-1.03662,-0.00135338,-0.000310366,0.000154828
-0.0270996,0.0339355,-1.03564,-0.00132077,-0.000822178,0.000151097
-0.0285645,0.0322266,-1.03662,0.00130751,-0.000283075,0.000147456
-0.0283203,0.0244141,-1.02856,-0.000801158,0.000243037,-0.000375388
-0.0300293,0.0231934,-1.02759,-0.000781853,-0.00132069,-0.000885633
-0.0300293,0.0217285,-1.02441,-0.000763013,-0.000250286,0.000174289
-0.0285645,0.0234375,-1.02344,0.000293954,0.000275035,0.00068938
-0.0302734,0.029541,-1.0293,0.000286871,-0.000250883,0.000672768
-0.0292969,0.0344238,-1.02954,-0.000758623,-0.000764129,-0.000382024
-0.0280762,0.0344238,-1.03052,-0.000221051,0.000812156,0.00118505
-0.0275879,0.0368652,-1.0332,-0.000215725,-0.000765286,-0.000401374
-0.026123,0.0361328,-1.03564,-0.000210526,0.000291736,-0.00143028
-0.0268555,0.0327148,-1.0332,0.000313837,-0.000234585,0.000162053
-0.0263672,0.045166,-1.05615,-0.000213016,-0.00126751,0.000158148
-0.0217285,0.0461426,-1.03906,0.000311407,0.00655239,0.000154337
-0.0290527,0.0212402,-1.02539,-0.000734678,0.0063945,0.000150618
-0.0288086,0.0224609,-1.02271,0.00136019,0.00468254,-0.000372302
-0.0292969,0.0214844,-1.01245,0.00132741,-0.00218107,0.00015596
-0.0249023,0.0344238,-1.02881,-0.00130103,-0.00524426,0.000152202
-0.0290527,0.0385742,-1.04077,-0.000750386,0.000594309,-0.000890047
-0.0258789,0.0361328,-1.03052,-0.000213014,0.000579988,-0.00034931
-0.0253906,0.0361328,-1.04004,-0.000727172,0.0010853,-0.000860183
-0.0258789,0.0288086,-1.03394,0.000328931,0.00261702,-0.000839456
-0.0300293,0.0236816,-1.03174,-0.000198285,-0.00367753,0.000738644
-0.0324707,0.0187988,-1.02588,-0.00175138,0.000565414,-0.000317736
-0.0297852,0.0227051,-1.02417,-0.00118989,-0.00204466,-0.00031008
-0.0285645,0.0256348,-1.02954,-0.00116122,-0.000956814,-0.000302608
-0.0275879,0.0319824,-1.02661,-9.46531e-05,0.000104824,-0.00185319
-0.0273438,0.0332031,-1.0293,-0.00113095,0.00114088,-0.00128924
-0.0234375,0.0356445,-1.03711,-0.000584411,-0.000963775,-0.000219595
-0.0244141,0.0354004,-1.03394,-0.000570329,-0.00042126,0.000304987
-0.0253906,0.0327148,-1.03687,-0.000556586,-0.00196898,0.000816928
-0.0288086,0.0241699,-1.02905,-0.00158175,-0.00192153,-0.000241338
-0.0297852,0.0205078,-1.02466,1.42315e-05,-0.000836653,0.000283768
-0.0275879,0.020752,-1.02271,0.000533178,0.00022209,0.000796221
-0.0273438,0.027832,-1.02319,-0.00103754,-0.00186042,-0.000261546
-0.0292969,0.03125,-1.02734,-0.00153183,-0.00181559,0.000783337
-0.0275879,0.034668,-1.03101,-0.000456338,-0.00177185,-0.000274119
-0.0285645,0.0373535,-1.03589,-0.000964633,-0.00120986,0.000771067
-0.0246582,0.0380859,-1.03735,9.71928e-05,0.000377165,-0.00132468
-0.0268555,0.0341797,-1.0293,9.48505e-05,-0.0011898,-0.000773465
-0.0292969,0.0290527,-1.03345,-0.000426726,-0.00219971,0.000283754
-0.0288086,0.026123,-1.02905,-0.000416444,-0.000588831,-0.000242374
-0.0297852,0.0212402,-1.02368,-0.0009257,-0.00109393,0.000282757
-0.03125,0.020752,-1.02319,-0.00194197,-0.00158686,0.000275944
-0.0297852,0.0227051,-1.02563,-0.000337308,-0.00154863,-0.000769287
-0.029541,0.0280762,-1.02466,0.000709401,-0.000992019,0.000287832
-0.029541,0.0314941,-1.02344,0.000173016,-0.000448825,0.00131948
-0.0288086,0.034668,-1.03125,-0.000350444,-0.0009573,-0.000270189
-0.0292969,0.0368652,-1.03418,-0.00086129,-0.00145352,-0.000263679
-0.0266113,0.0361328,-1.03589,-0.000321245,-0.0014185,-0.000257325
-0.0244141,0.0354004,-1.0415,0.000725077,0.000692844,-0.000251124
-0.0268555,0.0341797,-1.0376,-0.000330975,-0.000362433,-0.000764364
-0.0300293,0.03125,-1.03174,-0.00136158,-0.000872989,-0.000745945
-0.0317383,0.0253906,-1.02832,-0.000809482,-0.00137124,-0.000727971
-0.0297852,0.0222168,-1.02612,-0.000789977,0.000738962,-0.000710429
-0.0305176,0.0224609,-1.02637,-0.00025165,0.00124045,0.00138385
-0.0288086,0.020752,-1.02271,0.00183158,0.000171974,-0.000726656
-0.0290527,0.0253906,-1.02075,0.000229571,0.000687121,0.000329435
-0.0290527,0.0258789,-1.02393,-0.000295252,0.000151273,-0.00123638
-0.0292969,0.0310059,-1.02734,0.000750444,-0.000371663,-0.000687292
-0.0275879,0.0341797,-1.03125,-0.00186409,-0.000881997,-0.000151441
-0.0266113,0.0371094,-1.0332,-0.00233846,0.000697128,0.000371499
-0.0251465,0.0410156,-1.03711,-0.00124353,0.0022382,0.000362547
-0.0285645,0.0390625,-1.03638,-0.00069428,-0.00197006,-0.000165479
-0.0246582,0.036377,-1.03784,-0.000158259,0.000154577,-0.000680782
-0.029541,0.0314941,-1.03223,0.000364846,0.000150853,-0.000145087
-0.0268555,0.0253906,-1.03198,-0.000163237,-0.000891363,-0.000141591
-0.0290527,0.0222168,-1.03125,-0.000159304,0.000168696,-0.00065747
-0.0285645,0.0197754,-1.02515,-0.000155465,-0.00139324,-0.00168021
-0.0300293,0.0214844,-1.02686,0.000367573,0.00123678,0.000437441
-0.0290527,0.0236816,-1.02466,-0.000679866,-0.00035089,-0.00113097
-0.0300293,0.0270996,-1.02441,0.000894388,-0.000342434,-0.00162301
-0.0292969,0.0310059,-1.0293,0.000872836,0.000704399,0.000493261
-0.027832,0.0354004,-1.03027,-0.000186777,0.00120672,-3.79153e-05
-0.0270996,0.0354004,-1.03125,-0.00122086,0.000139057,-0.00107558
-0.0251465,0.0349121,-1.03394,-0.000152857,-0.00142216,-0.00156896
-0.0246582,0.0349121,-1.03516,0.000889407,0.000689266,-0.000492568
-0.0253906,0.03125,-1.03687,-0.000689896,-0.000885215,-0.000480699
-0.0266113,0.0336914,-1.03979,-0.000153981,-0.000863885,5.01743e-05
-0.0292969,0.0310059,-1.03296,-0.000150271,-0.00136236,-0.000989616
-0.0302734,0.0249023,-1.0332,0.000372641,-0.00236811,-0.00096577
-0.0290527,0.0251465,-1.0293,0.000363662,0.00132398,9.6083e-05
-0.0290527,0.0236816,-1.02515,-0.00120297,-0.00130437,0.000613058
-0.0290527,0.0234375,-1.02612,-0.000654696,0.000804222,-0.000959586
-0.0307617,0.0229492,-1.0271,0.000399661,-0.000253739,-0.000936463
-0.0283203,0.0270996,-1.02588,0.000909321,0.00131025,0.000643974
-0.0288086,0.0290527,-1.02905,-0.000151171,0.00127868,0.000109166
-0.0266113,0.0334473,-1.02954,0.000371763,-0.000310007,0.000625826
-0.0280762,0.0375977,-1.03125,-0.000675778,0.000216753,0.000610746
-0.0285645,0.0383301,-1.03564,0.000379088,0.00021153,0.00111532
-0.0246582,0.0366211,-1.03882,0.000369954,0.000725725,0.000569154
-0.0292969,0.0368652,-1.03662,-0.000677543,-0.000330345,-0.000483142
-0.027832,0.0307617,-1.03491,-0.00118051,0.00123549,4.77906e-05
-0.029541,0.0280762,-1.03345,-0.000113479,0.000686427,0.00108522
-0.0288086,0.0227051,-1.03076,-0.000110744,-0.000368696,-0.000498801
-0.0285645,0.0219727,-1.02588,0.000930505,-0.000879101,3.25084e-05
-0.0319824,0.0212402,-1.02832,-0.000649789,-0.000857919,0.000551016
-0.0290527,0.0251465,-1.02539,-0.000634132,0.000720627,0.00105703
-0.0275879,0.0297852,-1.02881,-9.95602e-05,0.00122255,0.000512268
-0.0273438,0.032959,-1.02832,-9.71612e-05,0.00327026,-0.000538657
-0.0270996,0.0375977,-1.03369,-9.48198e-05,0.00111429,-6.38701e-06
-0.027832,0.0358887,-1.03784,0.000946046,0.00108744,0.000513057
-0.0249023,0.0371094,-1.03516,0.000403959,0.0031384,-0.000537887
-0.0270996,0.034668,-1.03809,0.000394225,-0.000572257,-5.63485e-06
-0.0268555,0.0339355,-1.03149,0.000384726,-0.00211634,0.000513791
-0.0263672,0.0317383,-1.03345,-0.000143836,0.0010504,-1.78796e-05
-0.0314941,0.0268555,-1.03174,0.000898211,-1.34902e-05,-1.74488e-05
-0.0302734,0.0222168,-1.03076,0.000876567,-1.31652e-05,-1.70283e-05
-0.0297852,0.0202637,-1.02539,-0.000702427,-1.28476e-05,-0.000535909
-0.0322266,0.0231934,-1.02417,-0.000685501,-0.000531829,-3.70445e-06
-0.0297852,0.0290527,-1.02515,0.00088889,0.00103886,-3.61516e-06
-0.0288086,0.0319824,-1.02881,0.00138676,-0.00106334,0.000515762
-0.0275879,0.0349121,-1.03149,0.000834054,0.000520159,-1.59561e-05
-0.0275879,0.0361328,-1.03491,0.000813956,0.000507625,-1.55716e-05
-0.0249023,0.0383301,-1.03735,-0.000244238,-2.38977e-05,0.000504094
-0.0290527,0.0334473,-1.03516,-0.000238353,-0.0010619,-2.73433e-05
-0.0283203,0.0310059,-1.03638,-0.000751901,2.26591e-06,0.000492606
-0.0290527,0.0273438,-1.03369,0.000304799,2.21096e-06,-3.85544e-05
-0.0314941,0.0219727,-1.02759,-0.000741128,-0.00103642,-0.000556916
-0.0307617,0.0234375,-1.02832,-0.00072327,-0.00101145,0.000495085
-0.029541,0.0241699,-1.02393,0.00033274,-0.00150637,-3.61355e-05
-0.0270996,0.034668,-1.03809,-0.00241715,-0.00405003,-0.000923662
-0.0292969,0.0317383,-1.03467,-0.00339749,-0.00343314,-0.000901405
-0.0297852,0.0268555,-1.03247,-0.00175775,-0.00283113,-0.00191827
-0.0288086,0.0231934,-1.02856,-0.00379256,-0.00380149,-0.00187204
-0.0307617,0.0209961,-1.02441,-0.00162401,-0.00370989,-0.000788352
-0.0332031,0.0239258,-1.02441,-0.000546293,-0.00569765,-0.000250065
-0.0300293,0.0290527,-1.02515,-0.002091,-0.000886746,-0.00128262
-0.0288086,0.0322266,-1.02661,-0.0030792,-0.000346088,-0.000213133
-0.0270996,0.0356445,-1.03516,-0.00144713,-0.000857039,-0.000727288
-0.0253906,0.0373535,-1.03345,-0.00193155,-0.00135568,-0.00174834
-0.0251465,0.0368652,-1.0376,-0.00344288,-0.00132301,0.000890238
-0.0283203,0.0361328,-1.03467,-0.00180204,-0.00492617,0.000349495
-0.0297852,0.0275879,-1.03027,-0.00227791,-0.00117243,-0.0012168
-0.0292969,0.0249023,-1.03125,-0.00274231,-0.00322134,-0.000668187
-0.0310059,0.0217285,-1.02686,-0.00059907,-0.000547264,-0.000652086
-0.0319824,0.0224609,-1.0249,-0.0026618,-0.00313053,-0.00115566
-0.0319824,0.0258789,-1.02515,-0.000520496,-0.00357439,-8.92354e-05
-0.0300293,0.0290527,-1.02759,-0.00102724,-0.00193038,-0.000606376
-0.0275879,0.0319824,-1.02979,-0.00100249,-0.000325998,-0.00111105
-0.0256348,0.0344238,-1.03442,6.02454e-05,-0.000318143,-4.57012e-05
-0.0249023,0.0366211,-1.03735,-0.00201837,-0.00186835,-0.00108318
-0.0268555,0.0368652,-1.03394,-0.00196973,-0.00286191,-0.00105708
-0.029541,0.0327148,-1.03467,-0.000364398,-0.00331224,-0.00103161
-0.0288086,0.0305176,-1.03149,-0.000355617,-0.00115526,-0.00100675
-0.0300293,0.0236816,-1.03052,-0.00190492,-0.00164672,-0.00150178
-0.0302734,0.0229492,-1.02319,-0.000820436,-0.00108774,-0.00146559
-0.0290527,0.0227051,-1.0271,-0.00131996,-0.00106153,0.000127593
-0.0322266,0.0266113,-1.02417,-0.00336531,-0.00259383,-0.000914063
-0.0280762,0.0371094,-1.03125,-0.00120706,0.000584419,-0.000372747
-0.0285645,0.0373535,-1.0332,-0.00221655,0.000570336,0.000155526
-0.0270996,0.036377,-1.03906,-0.00164385,-0.00203986,-0.000886803
-0.0270996,0.0300293,-1.03589,-0.000565659,-0.000952125,-0.000346144
-0.0275879,0.0270996,-1.03442,-0.00107132,-0.000929182,-0.000337803
-0.0300293,0.0292969,-1.03467,-0.00208408,-0.000387502,0.000189628
-0.0300293,0.0234375,-1.02124,4.32953e-05,-0.00557107,-0.00137281
-0.0332031,0.0290527,-1.02856,-0.000477038,-0.00439825,-0.000820443
-0.0283203,0.0270996,-1.02441,-0.00150413,0.000381351,-0.000800673
-0.027832,0.032959,-1.02661,-0.000429299,-0.000147129,0.000776492
-0.0266113,0.0378418,-1.03174,-0.00145754,-0.00118217,-0.0002808
-0.0300293,0.0354004,-1.02319,-0.00142242,0.0284459,0.00128384
-0.0253906,0.0456543,-1.03784,-0.000349558,0.10098,0.000733612
-0.0249023,0.0351562,-1.02954,0.000697445,0.0788141,0.000196644
-0.026123,0.0310059,-1.03467,0.000161349,0.0348524,-0.000846676
-0.0246582,0.0244141,-1.02832,0.000676751,0.00493234,0.000212307
-0.0241699,0.0209961,-1.03296,0.000660444,-0.0102459,-0.000312099
-0.0273438,0.0229492,-1.03052,-0.000394051,-0.0359636,-0.00082387
-0.0273438,0.0270996,-1.02905,0.00117332,-0.0434056,-0.000284727
-0.0283203,0.0327148,-1.02759,-0.000412828,-0.0252231,-0.00131645
-0.0246582,0.0361328,-1.03662,-0.000402881,0.00965784,-0.00128473
-0.0239258,0.0327148,-1.03613,0.000126117,-0.0186166,0.000304104
-0.0292969,0.032959,-1.0249,-0.00143479,-0.046729,-0.000222515
-0.0129395,0.0319824,-1.0332,-0.00191951,0.043715,-0.00177502
0.111084,0.050293,-1.04199,-0.0210756,0.0724491,-0.0539221
0.102295,0.0302734,-1.02588,-0.0663051,0.224633,-0.280602
-0.0205078,0.0163574,-1.0686,-0.0950392,0.340634,-0.478016
0.122803,-0.0490723,-0.93335,0.0028695,0.780691,-0.0166742
-0.0705566,0.0463867,-1.18262,0.0943929,1.23139,0.297804
-0.116455,0.151855,-1.19385,0.0566129,0.432157,0.325474
1.00415,-1.00415,-1.00415,-2.17454,2.19292,2.1868
0.0708008,0.145508,-1.23779,-0.338215,0.783884,0.2563
0.00830078,0.10083,-1.29004,-0.350985,0.571571,0.0642069
0.0195312,0.0505371,-1.25269,-0.274361,0.158119,-0.034766
0.0200195,-0.0151367,-1.20776,-0.0625803,-0.178176,-0.10873
0.0112305,-0.0595703,-1.12451,0.515826,-0.439443,-0.082124
0.0119629,-0.0393066,-1.1062,0.726543,-0.510746,-0.062968
0.0090332,-0.0102539,-1.11353,0.831369,-0.51926,-0.0198669
0.00610352,0.0185547,-1.09863,0.770708,-0.478287,0.0471793
-0,0.0361328,-1.02295,0.401954,-0.28992,0.178079
0.00585938,0.0529785,-0.999512,0.198687,-0.193075,0.182336
0.0090332,0.0581055,-0.980713,0.00851255,-0.104817,0.144708
0.0078125,0.036377,-0.971191,-0.120996,-0.0737302,0.0872145
-0.00244141,-0.0246582,-0.914795,-0.246574,-0.122685,0.0473061
0.00390625,-0.0463867,-0.880127,-0.209859,-0.0912899,0.0542236
0.00415039,-0.0576172,-0.859619,-0.127947,-0.0496241,0.0617449
0.00561523,-0.0617676,-0.868896,-0.0454124,0.0159637,0.0696043
-0.00292969,0.00537109,-0.945068,0.0503679,0.201671,0.0850356
-0.00610352,-0.00219727,-0.941895,0.075638,0.141767,0.0539062
0.0187988,-0.00463867,-0.92334,0.0862784,0.028261,0.0437794
0.0478516,-0.0297852,-0.902344,0.150149,-0.0752395,-0.0107625
0.0554199,-0.0302734,-0.918213,0.131472,-0.015266,0.0175385
0.0522461,-0.0151367,-0.937256,0.0800098,0.0739006,0.0451576
0.0488281,0.0065918,-0.944336,0.0178442,0.119895,0.0466659
0.0314941,-0.0131836,-0.976318,-0.108267,0.168317,-0.00175631
0.010498,-0.0183105,-0.990234,-0.115184,0.196519,0.00250059
0.00268555,-0.0136719,-1.02002,-0.100285,0.220996,0.0381521
-0.0107422,0.012207,-1.07422,-0.0316423,0.195987,0.112648
-0.0119629,0.0493164,-1.07935,-0.0101082,0.144528,0.106298
-0.0065918,0.0800781,-1.06836,0.018177,0.0387451,0.0606359
-0.0175781,0.0820312,-1.05762,0.0250091,-0.0639695,0.00413002
-0.0253906,0.0354004,-1.00146,-0.0106424,-0.209236,0.0115796
-0.00244141,0.0195312,-0.951416,-0.0101103,-0.249677,0.032332
0.0253906,0.0178223,-0.918701,0.019688,-0.284796,0.0163686
0.0458984,0.0144043,-0.924805,0.0675781,-0.240099,-0.0049159
0.0527344,0.00634766,-0.94751,0.0877599,-0.101375,-0.00947106
0.0219727,0.0324707,-1.04297,0.0462551,0.148718,0.0272447
0.0351562,0.0632324,-1.07251,-0.00782708,0.156559,0.0260689
0.0310059,0.065918,-1.12036,-0.0559325,0.0982609,-0.0254497
0.000732422,0.0336914,-1.11963,-0.193218,0.0131229,0.0314863
-0.0065918,0.00732422,-1.05518,-0.191089,-0.0070974,0.0548993
-0.0200195,-0.0151367,-1.01343,-0.0888579,-0.0417188,0.0374784
-0.0256348,-0.0202637,-0.996582,0.0457023,-0.0573309,0.0293052
-0.03125,-0.00537109,-1.00391,0.168192,-0.0258306,0.0379463
-0.0212402,0.0146484,-1.02197,0.239495,0.00556409,0.0289004
-0.0290527,-0.00756836,-1.0708,0.273551,-0.0066745,-0.0397421
-0.0473633,-0.0390625,-1.10425,0.255459,-0.0476472,-0.0897607
-0.0500488,-0.0632324,-1.11572,0.179899,-0.125336,-0.0897607
-0.0205078,-0.0837402,-1.11353,0.0617697,-0.242932,-0.0418706
0.0112305,-0.100098,-1.10083,-0.078708,-0.278052,0.00229477
0.0458984,-0.0993652,-1.08325,-0.178213,-0.263153,0.0358179
0.0649414,-0.0837402,-1.06445,-0.215461,-0.211538,0.0422032
0.0634766,-0.0620117,-1.0542,-0.205351,-0.120014,0.041139
0.0581055,-0.0310059,-1.0376,-0.179631,-0.0402676,0.0339162
0.0471191,-0.0114746,-1.02319,-0.141549,-0.00138904,0.0076537
0.0412598,0.00341797,-1.0061,-0.099191,-0.016415,-0.0117445
0.0351562,0.0168457,-0.996582,-0.063047,-0.00459506,-0.00834573
0.0236816,0.0227051,-1.00586,-0.0241388,0.0375782,-0.0097025
0.00463867,0.0253906,-1.00049,0.00915813,0.0429042,-0.0151809
0.0119629,0.036377,-0.987061,0.022439,0.0101936,-0.0101415
0.0356445,0.074707,-0.973633,-0.00406622,-0.0352303,0.000488704
0.0749512,0.132568,-0.952881,-0.0817547,0.0169167,0.0270943
0.0554199,0.131348,-1.00122,-0.173278,0.200496,-0.017071
0.0134277,0.0935059,-1.03687,-0.247242,0.293083,-0.0819887
-0.00927734,0.0498047,-1.05176,-0.278636,0.254239,-0.118172
-0.00439453,0.00366211,-1.03809,-0.283957,0.149413,-0.137861
0.00146484,-0.03125,-1.02075,-0.271719,0.0786418,-0.144778
0.0102539,-0.0449219,-0.993408,-0.235535,0.0366049,-0.131475
0.0234375,-0.0339355,-0.984131,-0.1421,0.00508472,-0.12623
0.0212402,-0.0212402,-0.990723,-0.0124878,-0.0542369,-0.131497
0.0185547,0.00488281,-0.993896,0.028837,-0.00671315,-0.121058
0.0180664,0.0200195,-1.01025,-0.0071696,0.0915945,-0.105159
0.0825195,-0.0180664,-1.00391,-0.0571882,0.141081,-0.0609936
0.0236816,0.0100098,-1.18823,0.0258214,0.177265,0.124182
-0.14209,0.0163574,-1.27661,0.183327,-0.22182,0.0730988
-0.0827637,0.0078125,-1.25488,0.372227,-0.796501,0.0209517
-0.0473633,0.0185547,-1.16431,0.480245,-1.15674,0.00285991
-0.0441895,0.0305176,-1.05664,0.437144,-1.42386,-0.0567367
0.000976562,0.000488281,-0.964844,0.28496,-1.65214,-0.0790854
0.0576172,-0.0270996,-0.915527,0.152464,-1.37118,-0.0891956
0.0444336,0.00366211,-0.94458,0.0577481,-0.67784,0.0129701
0.00512695,0.0349121,-0.949951,-0.0545276,-0.282481,0.139081
-0.020752,-0.0102539,-0.977051,-0.173189,-0.0424978,0.226879
0.00976562,-0.00146484,-0.950195,-0.198198,0.0708421,0.36044
0.0183105,0.0673828,-0.900391,-0.0806011,0.144806,0.377467
0.0175781,0.155029,-0.798828,0.183327,0.39277,0.14387
-0.0522461,0.144043,-0.933594,0.502062,0.857837,-0.33716
-0.0913086,0.0153809,-1.02075,0.741513,0.760992,-0.686226
-0.0361328,-0.0791016,-1.11597,0.704265,0.419376,-0.789456
-0.0664062,-0.0605469,-1.18091,0.458429,0.0447686,-0.767107
-0.0324707,0.0178223,-1.15039,0.260483,-0.226609,-0.633547
-0.0639648,0.0378418,-1.20483,0.00879378,-0.130829,-0.522335
-0.0732422,0.0231934,-1.18237,-0.339208,-0.0957091,-0.371747
-0.0581055,0.00415039,-1.07593,-0.615374,-0.0462226,-0.214242
-0.0625,-0.012207,-1.00391,-0.68242,0.211852,-0.118462
-0.0974121,-0.0336914,-0.988281,-0.329098,0.535376,0.0778878
-0.074707,-0.0307617,-0.986084,-0.0779406,0.445982,0.198677
-0.0422363,-0.0136719,-1.00366,0.0790326,0.301247,0.289669
0.000488281,-0.0197754,-1.00635,0.140758,0.131503,0.300311
0.0297852,-0.00854492,-1.03101,0.109363,0.00698863,0.261467
0.065918,-0.00463867,-1.01807,0.0481701,-0.109012,0.231668
0.0847168,-0.0241699,-1.00391,0.019436,-0.107416,0.189631
0.0703125,-0.0366211,-1.03247,0.0335078,-0.0170671,0.105611
0.0605469,-0.0217285,-1.05591,0.0368547,-0.0260031,0.00440049
0.0400391,-0.010498,-1.03638,-0.0120996,-0.204793,-0.191949
0.0239258,-0.00708008,-1.02197,0.000138968,-0.252151,-0.231857
0.0200195,-0.0126953,-0.993896,0.0347263,-0.250023,-0.226004
-0.000732422,-0.0144043,-0.991211,0.0682494,-0.154242,-0.215362
-0.0310059,0.0136719,-1.00073,0.132635,-0.135618,-0.235582
-0.0576172,0.0209961,-1.00439,0.147002,-0.129233,-0.274959
-0.0944824,0.0200195,-0.997803,0.160305,-0.101563,-0.288261
-0.137207,0.00585938,-1.01514,0.172543,-0.100499,-0.248353
-0.150879,0.00878906,-1.0376,0.138488,-0.329839,0.0677219
-0.153809,0.0124512,-1.03296,0.0932587,-0.426152,0.181594
-0.159424,-0.0180664,-1.04565,0.0549466,-0.522464,0.2662
-0.126709,-0.0241699,-1.03882,0.0480291,-0.635272,0.385925
-0.0878906,0.00317383,-1.06006,0.0437722,-0.480959,0.513632
-0.0905762,0.00927734,-1.06909,-0.0147602,-0.443179,0.474788
-0.0991211,-0.0117188,-1.07275,-0.0700999,-0.542684,0.416256
-0.079834,-0.0314941,-1.03809,-0.153109,-0.733181,0.406678
-0.11084,-0.0187988,-0.982178,-0.240908,-0.85397,0.374219
-0.12793,-0.0197754,-0.955811,-0.141403,-0.918356,0.30664
-0.179688,-0.0151367,-0.981689,-0.00571427,-0.942833,0.248108
-0.226562,-0.0151367,-0.998779,0.0762311,-1.12269,0.268328
-0.235352,-0.0400391,-0.996826,0.19436,-1.89212,0.442861
-0.208008,-0.0405273,-0.994873,0.321535,-2.10656,0.512568
-0.22168,-0.0373535,-1.04761,0.387517,-2.10018,0.554073
-0.231445,-0.026123,-1.07153,0.381132,-2.12838,0.583871
-0.286621,-0.0119629,-1.07568,0.211388,-2.30398,0.464146
-0.319824,0.000244141,-1.0354,0.141681,-2.36464,0.357191
-0.362305,-0.0263672,-1.01733,0.100176,-2.32207,0.282695
-0.391113,-0.0541992,-1.02368,0.0496254,-2.32792,0.318347
-0.368896,0.0117188,-0.988281,0.0107812,-2.43434,0.351338
-0.393311,0.0078125,-0.958252,0.00865277,-2.27897,0.233209
-0.453613,-0.0166016,-0.962646,0.000671081,-2.11454,0.127851
-0.473389,-0.013916,-0.931152,0.00333164,-2.11508,0.0719788
-0.535156,0.0234375,-0.917725,-0.00731061,-2.28269,0.0432447
-0.554199,0.0209961,-0.9021,-0.0360447,-2.46255,0.0341988
-0.581299,0.0134277,-0.888428,-0.0935128,-2.61101,0.0459053
-0.606689,0.00146484,-0.855713,-0.15577,-2.7318,0.0496301
-0.591064,0.000732422,-0.777588,-0.0887238,-2.7318,0.0246208
-0.653809,0.0222168,-0.829102,-0.0541365,-2.33005,0.0118501
-0.706543,0.0200195,-0.870117,-0.1281,-2.08155,0.0203639
-0.765625,0.057373,-0.905762,-0.431404,-2.07889,0.102309
-0.783203,0.0454102,-0.717529,-0.993847,-2.76213,0.247044
-0.789307,0.0249023,-0.59375,-1.06462,-2.92229,0.239594
-0.8396,-0.0129395,-0.544434,-0.998636,-2.92868,0.227356
-0.85376,-0.017334,-0.516357,-0.843259,-3.02126,0.259282
-0.843994,0.0153809,-0.43042,-0.275495,-2.78181,0.241723
-0.881592,0.0136719,-0.45459,0.024084,-2.47319,0.230016
-0.915283,0.0361328,-0.473145,0.183718,-2.32845,0.269925
-0.916992,0.107422,-0.452148,0.228415,-2.43647,0.280567
-0.891113,0.0368652,-0.258789,0.144874,-2.60302,0.12519
-0.929932,0.0419922,-0.24585,0.165094,-2.44978,0.114548
-0.954102,0.0783691,-0.253418,0.264599,-2.46361,0.118805
-0.976807,0.0869141,-0.27002,0.277902,-2.54024,0.118273
-0.931396,0.057373,-0.256836,0.271516,-2.54662,0.222567
-0.90332,0.0705566,-0.256104,0.318342,-2.31568,0.258218
-0.90332,0.100342,-0.265869,0.318874,-2.02462,0.201282
-0.922363,0.114746,-0.275635,0.208727,-1.88733,0.0772999
-0.866455,0.0664062,-0.0949707,-0.196211,-1.98205,-0.107875
-0.855225,0.0493164,-0.0407715,-0.204724,-1.75909,-0.147784
-0.854004,0.0788574,-0.0490723,-0.0541365,-1.41482,-0.218023
-0.880371,0.106934,-0.0859375,0.0198271,-1.0152,-0.336152
-0.981689,0.0583496,-0.00976562,-0.307422,-0.734777,-0.558575
-0.989014,0.0476074,0.0551758,-0.285605,-0.904521,-0.577199
-0.995117,0.020752,0.0588379,-0.178651,-1.08704,-0.560171
-0.968018,0.0158691,0.0405273,-0.000925258,-1.44195,-0.47929
-0.916748,0.0244141,0.0839844,0.0703778,-1.45632,-0.516006
-0.933105,0,0.0627441,0.126782,-1.09555,-0.608061
-0.995361,0.0144043,0.0275879,0.151791,-0.668795,-0.65063
-1.05615,0.00317383,0.065918,-0.227605,-0.726263,-0.335619
-1.04248,-0.0480957,0.138672,-0.317532,-1.02744,-0.176518
-0.98877,-0.0410156,0.174561,-0.23878,-1.23762,-0.0504071
-0.896484,-0.0307617,0.223389,-0.0775495,-1.23549,-0.128096
-0.948242,-0.0673828,0.20166,0.00173531,-0.913035,-0.244096
-0.932373,-0.0202637,0.217041,0.189571,-0.608666,-0.360629
-1.0271,-0.0144043,0.17041,0.0554787,-0.184573,-0.110004
-0.984863,-0.0593262,0.23999,0.00652432,-0.258536,0.00493261
-0.95874,-0.0703125,0.240479,0.0567383,-0.160911,0.0676479
-0.92627,-0.0219727,0.188965,0.206262,0.473367,-0.126573
-0.980957,-0.0290527,0.149902,0.182849,0.719203,-0.198408
-1.00171,-0.0319824,0.150391,0.151454,0.888947,-0.171803
-1.0293,-0.045166,0.153564,0.0578025,1.13957,0.0958499
-1.00098,-0.0566406,0.145752,0.0785549,1.08264,0.193226
-0.922607,-0.0471191,0.140869,0.137087,1.02836,0.240584
-0.876221,-0.0195312,0.0375977,0.253088,1.69457,-0.121784
-0.916504,-0.0251465,-0.012207,0.260005,2.03778,-0.258537
-0.956543,-0.0341797,-0.0786133,0.241381,2.32512,-0.315473
-0.986084,-0.0522461,-0.109375,-0.170474,2.36024,-0.240445
-0.966797,-0.0822754,-0.0861816,-0.198144,2.28893,-0.211711
-0.934082,-0.0668945,-0.090332,-0.130033,2.28734,-0.184041
-0.916016,-0.0422363,-0.231201,0.158372,2.54169,-0.352189
-0.900635,-0.0683594,-0.197021,0.18817,2.68536,-0.458611
-0.97583,-0.0515137,-0.338135,0.28395,3.02006,-0.496391
-0.871094,-0.0395508,-0.410889,0.248299,3.04613,-0.186702
-0.843262,-0.0739746,-0.414551,0.247235,2.98866,-0.229271
-0.830811,-0.0878906,-0.470459,0.221161,2.93598,-0.25162
-0.790283,-0.060791,-0.509521,0.182317,2.79125,-0.266519
-0.758057,-0.0917969,-0.608154,0.0950504,2.65396,-0.458611
-0.764893,-0.115723,-0.651123,0.0492887,2.70718,-0.546942
-0.762451,-0.12207,-0.685791,0.0402428,2.83063,-0.605474
-0.724365,-0.0959473,-0.745117,-0.133758,2.90778,-0.493199
-0.69165,-0.102295,-0.718994,-0.206125,2.79923,-0.478832
-0.671387,-0.130371,-0.692383,-0.207722,2.70398,-0.534171
-0.671387,-0.142334,-0.725098,-0.138015,2.68749,-0.569291
-0.66626,-0.130127,-0.766113,-0.0752256,2.65769,-0.561309
-0.668701,-0.103516,-0.824707,0.0418391,2.70345,-0.537896
-0.692139,-0.0991211,-0.845215,0.103564,2.67951,-0.478832
-0.699219,-0.109131,-0.841797,0.207326,2.49007,-0.347932
-0.663574,-0.20166,-0.845459,0.486153,1.92125,0.111813
-0.601562,-0.178467,-0.896484,0.325987,1.60677,0.42842
-0.498535,-0.121826,-0.876953,0.136023,1.11297,0.680109
-0.421143,-0.108398,-0.908691,0.159436,0.710157,0.730128
-0.365967,-0.135742,-0.949219,0.204133,0.648964,0.666275
-0.341309,-0.158936,-1.0127,0.106225,0.99803,0.61466
-0.290039,-0.11377,-1.02661,-0.0129685,1.53387,0.572091
-0.276123,-0.0891113,-1.03345,-0.165685,2.17932,0.403411
-0.307861,-0.127197,-1.03296,-0.306162,2.69068,0.140547
-0.344482,-0.151123,-1.00903,-0.453026,2.87639,-0.106885
-0.352051,-0.133057,-0.9375,-0.514751,2.76198,-0.286207
-0.393311,-0.160889,-0.916992,-0.447704,2.61618,-0.385712
-0.384033,-0.18457,-0.930908,-0.304034,2.35971,-0.27184
-0.291748,-0.148193,-0.935791,-0.0832073,2.09365,-0.00578363
-0.20166,-0.140137,-0.966064,0.134427,2.09312,0.19163
-0.14502,-0.135742,-1.01929,0.307363,2.32193,0.275172
-0.0793457,-0.14209,-1.12305,0.17806,2.68642,0.230474
-0.0290527,-0.12207,-1.09473,-0.0470237,2.63055,0.117134
0.0131836,-0.110107,-1.06494,-0.17952,2.62097,-0.0919859
0.00976562,-0.12915,-1.04175,-0.193887,2.64917,-0.325051
0.00927734,-0.103027,-1.03442,-0.139079,2.60128,-0.471914
-0.00976562,-0.112061,-1.01953,-0.0954459,2.44484,-0.558116
-0.0231934,-0.110352,-1.03003,-0.0986386,2.17879,-0.537364
0.0161133,-0.0944824,-1,-0.0587301,1.78875,-0.413382
0.060791,-0.100586,-0.995361,0.0152335,1.53227,-0.278757
0.144775,-0.131836,-1.00732,0.126445,1.36359,-0.0579307
0.151611,-0.158203,-1.03784,0.182849,1.40084,-0.0653802
0.165771,-0.148926,-1.05859,0.136555,1.43596,-0.179784
0.179932,-0.133301,-1.04883,0.0487566,1.47267,-0.356978
0.200684,-0.136719,-1.03467,0.00299492,1.52535,-0.513951
0.234375,-0.119141,-1.02148,-0.025207,1.68499,-0.586851
0.218994,-0.110107,-1.06958,-0.062987,1.85473,-0.625695
0.244873,-0.10498,-1.05249,-0.147593,1.80844,-0.619842
0.292725,-0.0961914,-0.998779,-0.226346,1.77119,-0.602282
0.348633,-0.0964355,-0.930176,-0.176859,1.92657,-0.584722
0.359131,-0.105957,-0.930664,-0.140143,2.0447,-0.588979
0.367188,-0.0922852,-0.931396,-0.124712,2.07928,-0.565566
0.423584,-0.113037,-0.916748,-0.109281,2.08194,-0.549603
0.439697,-0.088623,-0.927246,0.0152335,1.87921,-0.462868
0.431396,-0.127197,-0.925293,0.116335,1.5924,-0.487345
0.442627,-0.141113,-0.940186,0.198812,1.35933,-0.505437
0.51001,-0.0681152,-0.946289,0.237124,1.23269,-0.51608
0.568115,-0.052002,-0.935547,0.157308,1.62539,-0.581529
0.535645,-0.0671387,-0.956787,0.00671971,2.08301,-0.553327
0.550049,-0.0598145,-0.903809,-0.137483,2.32352,-0.490006
0.536865,-0.0456543,-0.864502,-0.177391,2.4225,-0.432538
0.500244,-0.0805664,-0.831543,-0.0315924,2.17347,-0.302702
0.491699,-0.060791,-0.864746,-0.034253,1.83717,-0.242574
0.544922,-0.0397949,-0.824707,-0.0459594,1.39499,-0.209583
0.545166,-0.048584,-0.861084,-0.0299961,1.16458,-0.181381
0.610596,-0.0158691,-0.808594,-0.306695,0.829882,-0.0111048
0.635986,-0.0349121,-0.751465,-0.443448,0.691001,0.00326229
0.712891,-0.0112305,-0.70752,-0.509962,0.684083,0.0319964
0.770752,-0.0568848,-0.676514,-0.481227,0.953332,0.0181614
0.707031,-0.0649414,-0.706543,-0.515283,1.74033,0.00592285
0.697021,-0.0373535,-0.709717,-0.449833,1.68445,0.00858341
0.725342,-0.010498,-0.693359,-0.364695,1.38541,0.00751919
0.770264,0.00219727,-0.751465,-0.308823,1.05656,-0.0403709
0.889404,0.0324707,-0.775635,-0.55998,0.728781,-0.204794
0.876709,-0.0209961,-0.680176,-0.736109,0.869259,-0.396354
0.851074,-0.0908203,-0.545898,-0.813798,1.24014,-0.551199
0.808105,-0.0795898,-0.53833,-0.707375,1.76534,-0.563438
0.862061,0.0012207,-0.525879,-0.244437,2.28893,-0.481492
0.862793,0.0600586,-0.558838,-0.167813,2.41664,-0.420831
0.847656,0.0793457,-0.534424,-0.181116,2.2767,-0.362831
0.794434,0.0170898,-0.54834,-0.150786,1.98244,-0.316537
0.864258,0.0412598,-0.503662,-0.111941,1.07199,-0.136683
0.896729,0.0559082,-0.452148,-0.117263,0.985259,-0.125509
0.921875,0.090332,-0.420898,-0.153978,1.04432,-0.0776188
0.928955,0.0788574,-0.375732,-0.174731,1.09966,-0.0579307
0.93457,0.0212402,-0.295898,0.00405915,1.23908,0.0782902
0.931396,0.00732422,-0.345703,0.247767,1.41627,0.115006
0.946045,0.029541,-0.413574,0.401015,1.48864,0.116602
0.984619,0.0688477,-0.44458,0.376538,1.4317,0.0740333
1.01074,0.0554199,-0.446777,0.162629,1.05497,-0.128702
1.03662,0.0742188,-0.391846,0.117399,0.742084,-0.193619
1.03418,0.0371094,-0.32959,0.12006,0.542009,-0.364427
1.02002,0.0424805,-0.276123,0.230739,0.522853,-0.559713
0.937012,0.0661621,-0.373535,0.592044,0.960782,-0.778411
0.931396,0.0732422,-0.375732,0.534043,1.24121,-0.7252
0.921631,0.0769043,-0.418945,0.4074,1.68286,-0.600685
0.919678,0.116211,-0.442871,0.166886,2.0729,-0.434666
0.891357,0.108887,-0.353027,-0.334897,2.20114,-0.200005
0.901123,0.105713,-0.266846,-0.461007,2.01117,-0.0802794
0.9104,0.083252,-0.2229,-0.513686,1.76002,6.96108e-05
0.960205,0.0820312,-0.145508,-0.570622,1.49928,0.06818
1.01514,0.0505371,-0.0454102,-0.24018,0.867662,0.0447671
1.04517,0.0625,-0.00488281,-0.168877,0.758047,-0.00205884
1.05444,0.0556641,0.027832,-0.0757577,0.845313,-0.0504811
1.00562,0.0817871,-0.013916,0.0620594,1.24014,-0.153711
0.939209,0.106445,-0.0666504,0.0652521,1.2742,-0.189362
0.89209,0.115479,-0.0947266,0.0397107,1.0124,-0.197344
0.892578,0.143066,-0.0852051,-0.0443631,0.644707,-0.115399
0.98999,0.074707,0.0253906,-0.140675,0.328632,0.164492
1.00684,0.0708008,-0.00317383,-0.01084,0.34832,0.158107
1.02002,0.097168,-0.0390625,0.0609952,0.311605,0.132034
0.966064,0.11377,-0.0102539,-0.0890606,0.151439,0.0415744
0.953125,0.0874023,0.00634766,-0.128437,0.123769,0.0905287
0.965088,0.0788574,-0.0175781,-0.117263,0.12909,0.1613
1.02563,0.0754395,0.0153809,-0.256676,0.317458,0.197483
1.04053,0.048584,0.067627,-0.229006,0.326504,0.161832
1.06079,0.0527344,0.0686035,-0.148657,0.369605,0.129373
1.05005,0.0441895,0.0534668,-0.0374456,0.624487,-0.0824078
0.995361,0.0529785,0.0737305,-0.0374456,0.54733,-0.16595
0.973389,0.0795898,0.0805664,0.0210867,0.311072,-0.169674
1.02759,0.0837402,0.0629883,0.164757,-0.439206,-0.0116369
1.0498,0.0852051,0.064209,0.155711,-0.397701,-0.0180222
1.01074,0.0791016,0.019043,0.126445,-0.247114,-0.0371783
1.00024,0.0742188,0.0385742,-0.103428,-0.45517,0.016033
1.01245,0.0634766,0.0712891,-0.0997028,-0.375353,0.0389138
0.998291,0.0581055,0.0656738,-0.0363814,-0.239132,0.044235
0.974854,0.065918,0.00537109,0.0535456,-0.237003,0.0484919
0.968994,0.0869141,-0.0681152,0.0593989,-0.695684,0.0735011
0.9646,0.0791016,-0.0737305,-0.0103079,-0.917043,0.102767
0.975342,0.0776367,-0.0671387,-0.0885284,-1.06391,0.162896
1.01343,0.0759277,-0.0471191,-0.16196,-1.10381,0.251227
1.01807,0.0563965,-0.0891113,-0.225813,-0.958548,0.328383
0.993408,0.0778809,-0.143555,-0.292328,-1.01229,0.338493
0.976318,0.0808105,-0.218262,-0.356713,-1.31613,0.348071
0.987305,0.0722656,-0.23584,-0.453026,-1.82962,0.336897
0.994385,0.034668,-0.218506,-0.682898,-2.43197,0.411393
1.02539,0.0212402,-0.206299,-0.803156,-2.47986,0.523668
1.02881,-0.00341797,-0.230957,-0.81699,-2.36333,0.611999
1.01196,0.00268555,-0.32251,-0.777614,-2.3016,0.662018
0.978516,0.017334,-0.4646,-0.862752,-2.93428,0.531118
0.962158,-0.0205078,-0.470215,-0.974496,-3.58931,0.445448
0.965576,-0.027832,-0.455078,-1.04473,-4.23955,0.417246
0.980225,-0.0405273,-0.485352,-0.959597,-4.8004,0.373613
1.00195,-0.00244141,-0.519043,-0.620109,-5.60176,0.145868
0.946777,0.00341797,-0.517822,-0.417374,-5.71404,-0.119124
0.823242,-0.00415039,-0.615234,-0.23007,-5.69222,-0.382519
0.704346,0.0078125,-0.698975,-0.123116,-5.86463,-0.538428
0.591797,0.00854492,-0.749512,0.11261,-6.24934,-0.525658
0.614746,-0.00610352,-0.743652,0.275437,-5.904,-0.330904
0.567383,0.0393066,-0.869873,0.35951,-5.00952,-0.0765546
0.55249,0.0783691,-0.94873,0.293528,-4.15654,0.122988
0.41626,0.109375,-1.05713,-0.227942,-3.35784,0.252291
0.335938,0.0646973,-1.03003,-0.402475,-3.49832,0.204933
0.278809,-0.00610352,-0.984863,-0.435998,-3.79524,0.110749
0.263184,0.000244141,-0.922852,-0.354053,-4.00968,0.0309321
0.206055,0.0109863,-1.0498,0.0993073,-3.72926,-0.0174901
0.178711,0.104492,-1.12109,0.0716374,-3.65051,0.118199
0.161377,0.151855,-1.13525,-0.102895,-3.80429,0.137887
0.114258,0.0566406,-1.04614,-0.298181,-3.9139,0.0601983
-0.0405273,-0.00366211,-0.945312,-0.188566,-3.54887,-0.0270681
-0.106201,0.00610352,-0.984375,0.0546098,-3.38551,-0.0228112
-0.156494,0.0166016,-1.05249,0.148262,-3.3206,0.0495561
-0.200684,0.143311,-1.0979,0.083876,-3.45682,0.177263
-0.26416,0.0617676,-0.945068,-0.0762898,-3.81919,0.308163
-0.327637,0.0654297,-0.949463,0.0019307,-3.57228,0.32253
-0.401367,0.0476074,-0.983398,0.106225,-3.47172,0.282621
-0.514404,0.0319824,-0.97876,0.106757,-4.00542,0.285282
-0.555664,0.0722656,-0.980225,0.0285363,-4.5088,0.430017
-0.527832,0.0895996,-0.895752,-0.0454273,-5.14893,0.521008
-0.554688,0.0532227,-0.80957,-0.0667118,-5.4565,0.487485
-0.569092,0.0358887,-0.708252,-0.0555375,-5.46448,0.389576
-0.588379,0.081543,-0.695312,0.0280042,-5.04145,0.257612
-0.615234,0.115967,-0.662109,0.0987752,-4.36247,0.0628589
-0.757568,0.130615,-0.70459,-0.00445465,-3.56484,-0.0978391
-0.837646,0.138428,-0.656006,-0.197612,-3.2626,-0.134023
-0.898193,0.0856934,-0.448975,-0.462071,-3.58665,0.0703085
-0.887451,0.0581055,-0.388672,-0.428548,-3.82025,0.187373
-0.840088,0.0361328,-0.334473,-0.250291,-3.957,0.214511
-0.875977,0.129883,-0.425293,-0.0672439,-3.51535,0.063391
-0.841553,0.0991211,-0.31958,-0.225813,-3.3621,-0.036114
-0.867676,0.0874023,-0.22876,-0.344475,-2.94599,-0.0818757
-0.876709,0.102539,-0.140869,-0.346603,-2.54797,-0.0941143
-0.9021,0.113037,-0.0993652,-0.265722,-2.20369,-0.146793
-0.962646,0.064209,-0.032959,-0.0544732,-1.90039,-0.291528
-1.03174,0.0761719,-0.0361328,-0.0262713,-1.83068,-0.285143
-1.07202,0.0917969,-0.0358887,0.0397107,-2.15633,-0.261198
-1.04932,0.0490723,0.00292969,0.155179,-2.69749,-0.236188
-0.991699,0.0253906,0.0280762,0.289804,-2.92098,-0.139876
-0.942383,0.0852051,-0.0234375,0.382391,-2.7523,-0.0430315
-0.892334,0.114502,-0.0395508,0.344611,-2.42133,-0.0840042
-0.895996,0.112061,-0.00537109,0.186042,-1.94083,-0.20639
-0.943115,0.125732,0.0275879,0.0540777,-1.38956,-0.273436
-0.964844,0.0876465,0.0683594,0.00459126,-1.07455,-0.306959
-1.00317,0.0324707,0.105957,-0.109813,-0.940988,-0.304299
-0.992188,0.0227051,0.155029,-0.173666,-1.13308,-0.209583
-0.946777,0.0400391,0.197266,-0.0895927,-1.49492,-0.170206
-0.924072,0.0493164,0.189209,0.0322611,-1.77108,-0.23672
-0.880127,0.0639648,0.188477,0.15784,-1.85569,-0.378262
-0.894287,0.0498047,0.164551,0.166353,-1.60028,-0.56397
-0.897217,0.0959473,0.133301,0.0753622,-1.20545,-0.689548
-0.945801,0.0366211,0.163574,-0.109813,-0.877667,-0.836411
-0.976318,0.010498,0.192139,-0.266254,-0.625978,-0.853439
-0.98291,0.00390625,0.19458,-0.320529,-0.556271,-0.749677
-0.96875,-0.0153809,0.225342,-0.351392,-0.697813,-0.636337
-0.947021,-0.00756836,0.249512,-0.373209,-0.790933,-0.541089
-0.930176,-0.0285645,0.256348,-0.314676,-0.822859,-0.540557
-0.93042,-0.0678711,0.278076,-0.271575,-0.747831,-0.56397
-0.92627,-0.0568848,0.302002,-0.209318,-0.497207,-0.568227
-0.954102,-0.0532227,0.318604,-0.150786,-0.0731128,-0.573016
-1.01318,-0.013916,0.31543,-0.113538,0.298834,-0.524593
-1.06812,-0.0500488,0.316895,-0.0326566,0.341935,-0.426685
-1.08008,-0.0615234,0.315918,0.079087,0.178044,-0.187234
-1.04028,-0.0327148,0.266357,0.166886,-0.0731128,0.0953178
-0.988281,-0.0358887,0.224365,0.128041,-0.397701,0.240584
-0.905762,-0.0498047,0.271729,0.0615273,-0.671207,0.238988
-0.874023,-0.0646973,0.271973,0.036518,-0.595647,0.162896
-0.888916,-0.0593262,0.251221,0.0210867,-0.381738,0.0431707
-0.937256,-0.0646973,0.258301,-0.00445465,-0.185921,-0.0808115
-0.968994,-0.0583496,0.270996,-0.0116174,-0.0240956,-0.107945
-1.00293,-0.0529785,0.286133,0.00476056,0.0767081,-0.0752246
-1.02515,-0.0512695,0.299316,0.0202246,0.059281,-0.02356
-1.02637,-0.0603027,0.315918,0.0441439,-0.0600264,0.0471119
-0.989502,-0.0397949,0.337158,0.0755385,-0.222853,0.140764
-0.961914,-0.0566406,0.320068,0.110658,-0.352688,0.192379
-0.909668,-0.0307617,0.323975,0.14152,-0.445808,0.191847
-0.914307,-0.0244141,0.295898,0.172915,-0.419202,0.110433
-0.909668,-0.0202637,0.2854,0.167594,-0.354817,0.0492403
-0.900146,-0.0168457,0.280029,0.129814,-0.177091,0.0258274
-0.934814,-0.0185547,0.250244,0.0591782,0.0909757,0.0210507
-0.96167,-0.0205078,0.268555,-0.0318131,0.228261,0.0354178
-0.95874,-0.0356445,0.296387,-0.0924739,0.213894,0.0891611
-0.915527,-0.0383301,0.314697,-0.0733178,0.135673,0.14184
-0.888184,-0.0373535,0.313477,-0.0355379,0.162811,0.120024
-0.864502,-0.0354004,0.310547,0.0049027,0.486335,0.00615157
-0.868896,-0.0349121,0.2771,0.0261872,0.861475,-0.0497203
-0.875244,-0.0258789,0.219482,0.0160771,1.32867,-0.114638
-0.877686,-0.00585938,0.176514,-0.0759784,1.80917,-0.172106
-0.876221,0.000488281,0.135254,-0.226566,2.22581,-0.197648
-0.8479,0.0161133,0.12085,-0.381943,2.5669,-0.182216
-0.849854,0.000488281,0.101562,-0.522421,2.96758,-0.205629
-0.963135,0.0129395,0.0441895,-0.72888,3.18681,-0.235428
-1.00073,-0.0532227,0.156494,-0.834239,2.71163,-0.269483
-0.918213,-0.159424,0.305908,-0.332989,2.08587,-0.239684
-0.919434,-0.187012,0.19458,0.0927013,2.34022,-0.316841
-0.906982,-0.11792,0.0415039,0.384299,2.64778,-0.432309
-0.869385,-0.0612793,-0.0578613,0.458795,2.96279,-0.582897
-0.837646,-0.0214844,-0.277832,0.236904,4.04723,-0.724439
-0.800537,-0.0151367,-0.365967,-0.00307898,4.5139,-0.775522
-0.781494,-0.0407715,-0.40625,-0.302658,4.88052,-0.906954
-0.780029,-0.074707,-0.436768,-0.587871,5.14019,-1.05648
-0.817383,-0.169678,-0.442627,-0.741651,4.98375,-1.38905
-0.855957,-0.18042,-0.504395,-0.724091,4.9747,-1.43907
-0.878418,-0.161377,-0.589111,-0.651724,4.83103,-1.40341
-0.889648,-0.177734,-0.656006,-0.56499,4.63735,-1.37202
-0.843994,-0.179199,-0.794434,-0.458035,4.53412,-1.02934
-0.756104,-0.135986,-0.861328,-0.485173,4.52986,-0.789357
-0.64624,-0.138672,-0.83252,-0.636825,4.50591,-0.603649
-0.568848,-0.145996,-0.815918,-0.702807,4.53412,-0.512126
-0.474854,-0.16626,-0.872314,-0.46176,4.28189,-0.580769
-0.429932,-0.153809,-0.922119,-0.363319,4.05149,-0.635576
-0.398926,-0.140869,-0.958252,-0.344695,3.85195,-0.683998
-0.409668,-0.130371,-1.0127,-0.327136,3.64389,-0.723375
-0.342285,-0.160889,-1.07495,-0.315429,3.09209,-0.540328
-0.247559,-0.153076,-1.09863,-0.354273,3.01387,-0.382291
-0.125488,-0.158447,-1.09497,-0.465485,3.11657,-0.288107
-0.0847168,-0.162842,-1.08569,-0.706,3.38369,-0.316309
-0.0361328,-0.155762,-1.01807,-0.710789,3.4784,-0.641429
-0.0349121,-0.140137,-1.02954,-0.546366,3.43105,-0.815962
-0.00512695,-0.0981445,-1.05908,-0.413338,3.43637,-0.927706
0.0148926,-0.0664062,-1.12524,-0.363319,3.5513,-0.95378
0.0280762,-0.10791,-1.13525,-0.611284,3.64549,-0.86332
0.029541,-0.115723,-1.14795,-0.826257,3.6854,-0.712732
0.0910645,-0.124268,-1.06323,-1.07529,3.62367,-0.524365
0.157227,-0.128662,-0.989502,-1.12264,3.59547,-0.36952
0.248779,-0.0625,-1.01855,-0.852331,3.41083,-0.201904
0.33374,-0.017334,-1.0332,-0.759743,3.05484,-0.147097
0.426514,0.00537109,-0.972168,-0.73633,2.85424,-0.193923
0.411133,-0.0656738,-0.919678,-0.768257,3.04686,-0.271611
0.338379,-0.0170898,-0.990967,-0.65811,3.16073,-0.110381
0.35376,0.0544434,-1.07397,-0.543705,2.70737,0.0221149
0.44751,0.0761719,-1.09399,-0.637889,2.0135,0.230703
0.546875,-0.0583496,-0.923584,-0.972056,1.47074,0.447273
0.510742,0.0202637,-0.68042,-1.24556,2.04968,1.40986
0.547607,0.0205078,-0.745117,-0.784752,2.27423,1.52214
0.578857,0.0151367,-0.833252,-0.525081,2.13535,1.58812
0.644775,0.0458984,-0.851318,-0.522421,1.68891,1.60196
0.810791,-0.0969238,-0.779785,-0.420787,1.07538,1.22735
0.903809,-0.0883789,-0.775146,-0.226566,1.29302,0.959165
0.955566,-0.065918,-0.743652,-0.0158497,1.82353,0.511658
0.877441,-0.108887,-0.792969,0.0229945,2.56211,-0.0800507
0.894531,-0.00170898,-0.71582,-0.269667,3.27673,-0.970807
0.879883,0.0131836,-0.667969,-0.209007,3.51512,-1.22835
0.825439,0.00976562,-0.647705,-0.201025,3.68433,-1.33318
0.73584,0.0732422,-0.643066,-0.325539,3.57897,-1.40554
0.720459,0.0844727,-0.497314,-0.0185102,1.97998,-1.2938
0.754395,0.123779,-0.428955,0.154426,1.22225,-1.00539
0.790771,0.097168,-0.321045,0.155491,0.848172,-0.741467
0.797607,0.0603027,-0.302734,0.254463,0.891273,-0.529154
0.809082,0.0427246,-0.419922,0.600337,1.28025,-0.229042
0.776367,0.0615234,-0.508545,0.587566,1.42658,-0.114106
0.800049,0.114258,-0.531006,0.415161,1.34463,0.0524454
0.858398,0.12793,-0.505859,0.197527,1.2132,0.233364
1.09814,0.076416,-0.402832,-0.110566,2.03691,0.45153
1.07666,0.0620117,-0.460693,0.0293799,2.58446,0.257309
1.0542,0.0803223,-0.480957,0.025123,2.92394,0.0354178
0.980225,0.0603027,-0.437256,-0.166438,3.11444,-0.274804
0.98877,0.0358887,-0.392822,-0.294145,3.17936,-0.318969
1.03613,0.0559082,-0.329102,-0.470806,3.35602,-0.309391
1.06934,0.103271,-0.240967,-0.602238,3.55716,-0.325887
0.896484,0.144531,-0.165283,-0.638421,2.86647,-0.622805
0.864258,0.128662,-0.0715332,-0.685779,2.13056,-0.53075
0.851074,0.0974121,0.0209961,-0.736862,1.57344,-0.359942
0.876953,0.0671387,0.076416,-0.576696,0.955659,-0.0151329
0.926758,0.0742188,0.10498,-0.529338,0.674171,0.114703
0.969971,0.0766602,0.13501,-0.479852,0.399601,0.193987
0.994141,0.0769043,0.150146,-0.396842,0.138866,0.199841
1.01099,0.0651855,0.122803,0.0208826,-0.183325,0.0314486
0.986816,0.0803223,0.0732422,0.11347,-0.279637,-0.00313874
0.968018,0.0847168,0.0397949,0.136351,-0.40894,-0.0105883
1.01782,0.108398,0.0551758,-0.0834115,-0.392977,0.0766781
0.990234,0.112305,0.0224609,-0.125448,-0.203545,0.0681643
0.987061,0.119629,0.0305176,-0.171742,-0.174811,0.0830635
1.05103,0.103027,0.0690918,-0.170678,-0.260481,0.170862
1.06616,0.0883789,0.0842285,-0.151522,-0.167893,0.130954
1.05298,0.0759277,0.0976562,-0.135408,-0.0262359,0.0530203
0.988281,0.081543,0.0456543,-0.0534625,0.076994,-0.0406315
0.992432,0.0810547,0.059082,-0.0734651,-0.0344316,-0.0261509
1.00269,0.0820312,0.0830078,-0.0857157,-0.0517771,-0.00578772
0.983154,0.0922852,0.0539551,0.0612318,0.0616373,-0.0113605
1.00195,0.0993652,0.0480957,0.0727386,-0.0447446,0.0102042
1.02686,0.102295,0.0488281,0.0330776,-0.0556101,0.0265756
0.979736,0.0810547,0.0620117,-0.0158767,0.0960419,-0.0718652
0.973145,0.0817871,0.0690918,-0.00978195,0.116576,-0.0581898
0.968018,0.090332,0.0563965,-0.0059112,0.149079,-0.00382003
1.01123,0.0866699,0.043457,-0.0260211,0.0587654,0.0715692
1.02271,0.0754395,0.0681152,-0.0295484,0.0428092,0.0324557
1.00513,0.0783691,0.0698242,-0.0153348,0.0786473,-0.00779247
1.01318,0.0847168,0.0754395,-0.000425193,0.122969,0.0245913
1.00122,0.0786133,0.0683594,0.000623634,0.104946,0.0167287
1.01172,0.0773926,0.0847168,0.0385168,0.0255626,0.00126615
1.00488,0.0842285,0.0629883,0.0905563,-0.0124422,-0.00966946
1.01782,0.0856934,0.0668945,0.0764306,-0.0318755,-0.00528213
1.00781,0.0852051,0.0561523,0.0574523,-0.00670073,-0.0124249
0.983887,0.0788574,0.0258789,0.0446435,-0.0262723,-0.0303007
0.980957,0.0952148,0.0107422,0.0181225,-0.140922,-0.0228198
1.00464,0.0878906,0.0336914,-0.0521163,-0.422941,0.00112528
0.988037,0.0773926,0.0344238,-0.0643549,-0.415492,-0.00632429
0.95752,0.0827637,0.0151367,-0.0569054,-0.436776,6.10594e-05
0.918945,0.0932617,-0.0878906,-0.0462631,-0.892797,0.0889239
0.959473,0.098877,-0.111816,-0.126612,-1.29295,0.176722
1.01221,0.107666,-0.109863,-0.25964,-1.58188,0.276227
1.02686,0.0759277,-0.0976562,-0.416081,-1.71491,0.326778
1.01367,0.0585938,-0.0708008,-0.532082,-1.78834,0.381054
0.990234,0.0490723,-0.100342,-0.54432,-1.8655,0.416705
1.00049,0.0458984,-0.137451,-0.443751,-2.3295,0.383182
1.00757,0.0529785,-0.191406,-0.393733,-2.54235,0.412448
1.03052,0.0529785,-0.234375,-0.406503,-2.77062,0.416705
1.02637,0.078125,-0.266846,-0.459182,-2.96218,0.374136
0.995605,0.0678711,-0.342041,-0.518247,-3.21919,0.257604
0.972656,0.0773926,-0.4104,-0.627862,-3.72364,0.178319
0.939697,0.0463867,-0.398926,-0.762487,-4.42496,0.115529
0.943848,-0.0283203,-0.295898,-0.771,-4.94537,0.0702999
0.971191,-0.0493164,-0.249512,-0.499091,-4.87832,0.0841348
0.924072,0.0126953,-0.528076,0.312381,-3.6667,-0.0579392
0.856934,0.074707,-0.686768,0.399115,-3.32774,-0.16383
0.797363,0.0932617,-0.767334,0.282582,-3.37617,-0.285151
0.755371,0.0810547,-0.789062,0.0670769,-3.62998,-0.351665
0.670654,0.0644531,-0.810059,-0.30753,-4.08281,-0.281426
0.664795,0.0761719,-0.752441,-0.387879,-4.34195,-0.1766
0.628174,0.0410156,-0.763672,-0.25698,-4.39942,-0.14893
0.614014,0.0458984,-0.799316,-0.040942,-4.3659,-0.131371
0.523193,0.0759277,-0.940674,0.226179,-4.15145,-0.099444
0.465088,0.0822754,-1.00049,0.142637,-4.26639,-0.028673
0.43042,0.0871582,-0.986084,0.0308932,-4.53936,0.0250703
0.384033,0.032959,-0.969971,0.0335538,-4.73146,0.0303915
0.339111,0.00878906,-0.982178,0.25172,-4.37494,0.17353
0.292236,0.0473633,-1.06006,0.340051,-3.90243,0.285805
0.25,0.0515137,-1.09863,0.318766,-3.53207,0.340613
0.187988,0.0410156,-1.12939,0.218197,-3.23037,0.357109
0.0861816,0.0385742,-1.15503,-0.093089,-3.09574,0.399145
0.0239258,0.0632324,-1.16406,-0.271879,-3.26549,0.421494
-0.0385742,0.0634766,-1.12109,-0.401182,-3.66031,0.421494
-0.104736,0.0571289,-1.08618,-0.395861,-4.14986,0.402338
-0.161621,-0.0175781,-1.02026,-0.145768,-5.19173,0.485348
-0.174805,0.0644531,-1.03906,0.0303611,-5.52697,0.555054
-0.163574,0.125977,-1.02979,0.195848,-5.83293,0.500247
-0.239014,0.0615234,-1.01978,0.313977,-5.89519,0.389035
-0.403564,0.0578613,-0.984619,0.273004,-5.569,0.208649
-0.525879,0.0527344,-0.981445,0.199041,-5.35509,0.170337
-0.598633,0.0739746,-0.92749,0.105389,-5.28858,0.187365
-0.683838,0.0537109,-0.901367,0.00854449,-5.26676,0.262925
-0.696777,0.0793457,-0.745605,-0.177163,-5.62807,0.573146
-0.65625,0.0629883,-0.685791,-0.0734008,-5.801,0.638596
-0.604004,0.108154,-0.630371,0.0213152,-5.67383,0.623697
-0.653564,0.130859,-0.673584,0.0553704,-5.24388,0.494394
-0.668213,0.142334,-0.625244,-0.0920248,-4.90067,0.363494
-0.696777,0.111084,-0.510498,-0.264429,-4.46806,0.133621
-0.774902,0.0500488,-0.411133,-0.409164,-3.86518,-0.120196
-0.858398,0.0566406,-0.365967,-0.488449,-3.39373,-0.226619
-0.883057,0.0793457,-0.308105,-0.400118,-3.29369,-0.267059
-0.929932,0.104736,-0.330566,-0.296888,-3.37404,-0.271316
-0.912109,0.130859,-0.302734,-0.296356,-3.7231,-0.220766
-0.840332,0.138916,-0.198242,-0.421935,-3.98171,-0.181921
-0.791992,0.11084,-0.0749512,-0.479403,-3.81303,-0.239922
-0.837402,0.0612793,-0.0683594,-0.439494,-3.35595,-0.391574
-0.896973,0.0483398,-0.0368652,-0.392136,-3.00794,-0.5544
-0.901123,0.0649414,0.079834,-0.391072,-2.74934,-0.723612
-0.937988,0.0183105,0.166992,-0.341053,-2.34919,-0.861961
-0.992188,-0.0214844,0.19873,-0.155346,-2.00544,-0.85398
-1.04443,-0.0280762,0.179688,0.111242,-1.90541,-0.738511
-1.04102,0.0307617,0.147461,0.336326,-2.09803,-0.558125
-1.01294,0.0366211,0.145508,0.444345,-2.30502,-0.421904
-0.991455,0.0244141,0.143799,0.457115,-2.30236,-0.351665
-1.00195,0.010498,0.152344,0.44328,-2.09537,-0.335702
-1.04443,-0.000732422,0.122314,0.399647,-1.83304,-0.284087
-1.02148,0.0205078,0.159424,0.307592,-1.71544,-0.152123
-1.01953,0.00683594,0.151367,0.240546,-1.6053,-0.0153702
-1.00488,0.0202637,0.167725,0.191591,-1.58827,0.0809422
-0.968994,0.029541,0.203857,0.143701,-1.59519,0.133621
-0.925537,0.020752,0.241943,0.0942146,-1.49834,0.165016
-0.895508,0.0375977,0.240967,0.0511135,-1.25942,0.170337
-0.891357,0.0480957,0.240234,-0.0436025,-0.977403,0.127236
-0.916992,0.0678711,0.250244,-0.219732,-0.791163,0.0969055
-0.90918,0.0515137,0.292725,-0.330411,-0.837457,0.0543365
-0.92041,0.00341797,0.325439,-0.347971,-0.906632,-0.0244161
-0.887207,-0.00537109,0.378906,-0.317108,-0.928448,-0.0845448
-0.876465,-0.034668,0.411133,-0.243677,-0.766154,-0.143609
-0.889893,-0.00585938,0.371582,-0.0845752,-0.510208,-0.192564
-0.910645,0.00366211,0.315186,0.0207831,-0.339932,-0.243646
-0.89917,0.0183105,0.310059,-0.0281713,-0.182959,-0.234068
-0.912109,0.0151367,0.3125,-0.136722,0.084694,-0.215445
-0.973633,-0.00463867,0.346436,-0.299549,0.42365,-0.103701
-0.97876,0.000488281,0.368164,-0.305402,0.2853,-0.0116454
-0.932373,-0.000976562,0.401367,-0.202704,-0.080793,0.0809422
-0.879883,-0.015625,0.414307,-0.0302997,-0.351638,0.10063
-0.855713,0.00317383,0.387695,0.0835724,-0.419749,0.0447585
-0.876953,-0.00341797,0.385254,0.137848,-0.387822,-0.066453
-0.941406,-0.00488281,0.365723,0.146362,-0.343657,-0.137756
-0.953369,-0.013916,0.373047,0.174031,-0.431455,-0.130839
-0.944336,-0.0146484,0.345459,0.207555,-0.440501,-0.0648567
-0.898438,0.0170898,0.315674,0.0713338,-0.233509,0.0224098
-0.9104,0.0124512,0.324219,-0.0233381,-0.124544,0.0255048
-0.904785,0.00439453,0.373291,-0.0733567,-0.124544,0.00954145
-0.916748,-0.0012207,0.38916,-0.0554911,-0.147507,0.00983083
-0.85376,-0.0166016,0.392822,0.067959,-0.263508,-0.0306097
-0.858643,0.00561523,0.362793,0.0658022,-0.0842344,-0.122825
-0.89502,0.0187988,0.353027,-0.000711881,0.179693,-0.198385
-0.931396,0.0217285,0.354248,-0.0885104,0.440429,-0.182422
-0.979736,-0.00415039,0.379883,-0.151832,0.34252,-0.00309983
-0.937256,-0.0285645,0.41626,-0.0592443,0.0147385,0.0618179
-0.885986,-0.0334473,0.414062,0.0833619,-0.167776,0.0628821
-0.861572,-0.0244141,0.375977,0.176482,-0.148088,-0.00576039
-0.90332,0.00341797,0.330811,0.142959,0.111051,-0.157945
-0.931641,0.0144043,0.317383,0.0860225,0.216941,-0.150495
-0.946777,0.00390625,0.323975,0.0200405,0.218005,-0.0978159
-0.936768,-0.00170898,0.355225,-0.017312,0.107856,-0.0471648
-0.892334,-0.0266113,0.423584,0.0587801,-0.0725305,-0.0455685
-0.875244,-0.0251465,0.424316,0.115005,0.0387875,-0.07407
-0.86499,-0.0141602,0.391846,0.158106,0.269724,-0.127281
-0.873291,-0.00439453,0.366699,0.138418,0.592717,-0.172511
-0.884521,-0.029541,0.362305,-0.00205983,1.53881,-0.206566
-0.838379,-0.0429688,0.385498,-0.0419683,2.20342,-0.203905
-0.819092,-0.0544434,0.302246,-0.0244086,3.17825,-0.216676
-0.837891,-0.0300293,0.135498,-0.0829409,4.14297,-0.260842
-0.860352,-0.0275879,0.0883789,-0.550136,5.28169,-0.493907
-0.906006,-0.0546875,0.00610352,-0.59909,5.60894,-0.563081
-0.917236,-0.0456543,-0.0927734,-0.491071,5.55147,-0.635981
-0.907959,-0.0761719,-0.147949,-0.480429,5.33065,-0.720587
-0.897217,-0.0932617,-0.30957,-0.443181,4.83951,-0.829138
-0.892822,-0.0773926,-0.406738,-0.405933,4.69477,-0.92545
-0.842285,-0.0297852,-0.42334,-0.459677,4.79002,-1.00048
-0.852783,-0.0820312,-0.484375,-0.636338,5.35832,-1.01006
-0.779297,-0.0202637,-0.531494,-0.926871,6.5279,-0.835523
-0.828857,-0.0195312,-0.679199,-0.833752,6.75671,-0.869046
-0.794678,-0.00927734,-0.729248,-0.736375,6.20331,-0.871707
-0.704834,-0.0615234,-0.726074,-0.683164,5.49347,-0.836055
-0.610107,-0.169678,-0.789307,-0.329309,4.87888,-0.93556
-0.538086,-0.162598,-0.967041,-0.0957116,4.93103,-0.988771
-0.403564,-0.090332,-1.11865,-0.399548,5.18219,-0.942478
-0.287354,-0.0895996,-1.13892,-1.04873,5.63182,-0.98345
-0.306885,-0.124512,-1.07422,-1.53614,6.15808,-1.42138
-0.426514,-0.167969,-1.10376,-1.45898,6.06337,-1.50598
-0.371582,-0.0783691,-0.993164,-1.39619,5.47964,-1.35167
-0.336426,-0.0915527,-0.935059,-1.14025,5.10822,-1.16171
-0.165527,0.0256348,-1.10913,-0.477236,4.78736,-0.571063
-0.0537109,0.0124512,-1.1853,-0.474044,4.80918,-0.264034
0.111816,-0.0339355,-1.14966,-0.768834,4.83153,-0.0107486
0.193848,-0.072998,-1.07422,-1.14131,4.8858,0.0578939
0.176025,-0.0810547,-1.04565,-1.01148,4.25205,0.0552333
0.265137,-0.0161133,-1.01099,-1.06841,3.37567,0.253179
0.390869,0.0344238,-0.855957,-1.05511,2.52482,0.514446
0.469727,0.0854492,-0.844238,-0.787458,2.23482,0.665034
0.475342,0.0615234,-0.969971,-0.146794,2.2114,0.363859
0.476807,0.0305176,-0.980957,-0.111143,2.06614,0.251583
0.515381,-0.00634766,-1.00562,-0.193088,1.87298,0.300537
0.626465,0.0131836,-0.850586,-0.450099,2.06135,0.611823
0.648438,0.0231934,-0.841553,-0.472979,2.41095,0.602245
0.669678,0.0544434,-0.872314,-0.365493,2.68764,0.523492
0.682861,0.0495605,-0.791748,-0.39263,2.39073,0.020646
0.742188,0.0490723,-0.706299,-0.370814,2.1699,-0.083648
0.772949,0.0100098,-0.711182,-0.305896,2.23003,-0.150162
0.874512,0.0522461,-0.765381,-0.37241,2.50194,-0.56521
0.945557,0.0690918,-0.627441,-0.447438,2.677,-0.781248
0.931152,0.0195312,-0.554199,-0.411254,3.22987,-1.0324
0.858643,0.0708008,-0.478271,-0.123381,4.45107,-1.36178
0.779297,0.104248,-0.483643,0.00379341,4.23982,-1.36391
0.721191,0.121826,-0.476074,0.194822,3.57095,-1.31496
0.766846,0.191162,-0.433105,0.256015,1.51008,-0.680146
0.814209,0.241943,-0.430908,0.115005,1.46804,-0.319374
0.865479,0.246582,-0.406494,-0.173932,1.77986,0.0493801
0.990234,0.134277,-0.290771,-0.705513,2.80205,0.545309
1.06592,0.164795,-0.269287,-0.734779,3.26552,0.613419
1.07666,0.172119,-0.254395,-0.753403,3.59702,0.565529
1.00952,0.157471,-0.21875,-0.806082,3.74921,0.422923
0.986572,0.170654,-0.123291,-0.730522,3.68535,0.253711
0.947266,0.176025,-0.0932617,-0.474044,3.16867,0.1425
0.961914,0.187988,0.00488281,-0.469787,2.4881,0.210078
0.945312,0.151611,0.104736,-0.380924,1.81498,0.179216
0.920166,0.15918,0.167725,-0.00578461,0.661891,-0.03629
0.895752,0.166992,0.139648,0.195886,0.273449,-0.0831159
0.885742,0.17749,0.0949707,0.296987,-0.100626,-0.050125
0.916504,0.153809,0.10376,0.296987,-0.438517,0.0499122
0.966797,0.121094,0.12207,0.235262,-0.481086,0.151014
1.01392,0.132324,0.0925293,0.155978,0.040916,0.225509
0.988525,0.163818,0.029541,0.0974452,0.234605,0.213271
1,0.16626,0.0532227,0.0325275,0.119669,0.209014
1.02612,0.155273,0.102539,0.0293348,0.00366809,0.211674
1.02466,0.154053,0.0957031,0.0969131,0.0190994,0.176023
1.01172,0.152344,0.052002,0.173537,-0.0186806,0.134518
1.02856,0.165283,0.0327148,0.15917,-0.09158,0.121215
1.04346,0.170166,0.0324707,0.0603047,-0.0696403,0.0949264
1.01074,0.130615,0.0253906,-0.0487784,0.0527456,0.0640638
0.994141,0.123291,0.0388184,-0.144027,0.153315,0.0608712
0.999756,0.131836,0.0480957,-0.192981,0.179388,0.0896052
1.00635,0.132568,0.0717773,-0.215862,0.124581,0.101312
1.01074,0.107666,0.108643,-0.194577,0.0341217,0.0986511
1.01807,0.107178,0.119141,-0.116669,-0.0471906,0.0869268
1.01294,0.109131,0.117432,-0.032848,-0.12914,0.063022
0.99585,0.0981445,0.0961914,0.0405835,-0.221195,0.0119392
0.983643,0.114746,0.0734863,0.071446,-0.293563,-0.00987746
0.97876,0.119873,0.065918,0.0490973,-0.336132,0.0199208
0.99292,0.127686,0.0751953,-0.00198551,-0.360609,0.0827101
1.00513,0.126221,0.0720215,-0.0206094,-0.434573,0.128472
1.01562,0.112549,0.0856934,-0.0014534,-0.579307,0.12794
0.986328,0.106689,0.0412598,0.0725102,-0.718721,0.126875
0.992432,0.129883,0.015625,0.121465,-0.899107,0.135921
0.988037,0.137939,-0.0131836,0.11774,-1.01883,0.135389
0.98877,0.134766,-0.0378418,0.0576111,-1.09812,0.172637
0.979004,0.119385,-0.0507812,-0.0376371,-1.13803,0.209353
0.961914,0.104248,-0.0661621,-0.105215,-1.19656,0.249261
0.961182,0.10498,-0.0898438,-0.141931,-1.39238,0.313647
0.981934,0.104736,-0.100098,-0.158959,-1.67067,0.390803
1.0249,0.111572,-0.110107,-0.208445,-1.8484,0.441354
1.05347,0.0900879,-0.088623,-0.301033,-1.69515,0.440822
1.03149,0.0817871,-0.108398,-0.363822,-1.45942,0.358344
0.998047,0.0649414,-0.139404,-0.39096,-1.36683,0.238087
0.955566,0.0715332,-0.193848,-0.348923,-1.51849,0.14071
0.950439,0.0556641,-0.234863,-0.285601,-1.94684,0.0960129
0.971924,0.0500488,-0.252686,-0.235051,-2.39754,0.111444
0.990479,0.0571289,-0.290283,-0.182904,-2.69712,0.125811
0.998291,0.0646973,-0.304688,-0.157362,-2.86846,0.126343
1.00732,0.067627,-0.296387,-0.161619,-2.89666,0.148692
0.958496,0.0654297,-0.359619,-0.11905,-2.53908,0.256179
0.910156,0.0720215,-0.426025,-0.0541325,-2.48959,0.271078
0.864502,0.0742188,-0.512207,-0.00411396,-2.70084,0.271078
0.830078,0.0878906,-0.578857,-0.0445545,-3.15314,0.273739
0.838623,0.083252,-0.636963,-0.248886,-4.45309,0.372179
0.869385,0.0600586,-0.593262,-0.28773,-4.79151,0.43284
0.866455,0.0200195,-0.55249,-0.253675,-4.61166,0.457317
0.883301,-0.0217285,-0.495117,-0.164812,-4.01037,0.471684
0.778564,0.0305176,-0.686035,0.0427119,-2.3704,0.3775
0.71875,0.0180664,-0.741211,0.0645286,-2.11552,0.226913
0.682129,0.0153809,-0.787109,0.116143,-2.09476,0.0928203
0.676025,0.0341797,-0.816895,0.192768,-2.13733,0.00927859
0.632568,0.0524902,-0.862305,0.191171,-1.875,-0.0742631
0.599365,0.0637207,-0.852539,0.0772993,-1.69621,-0.0593639
0.538818,0.0515137,-0.850342,-0.0238021,-1.54882,-0.0370152
0.474609,0.0563965,-0.875,-0.101491,-1.52274,0.0172603
0.450195,0.0410156,-0.914551,-0.0913804,-2.08731,0.272674
0.478516,0.0449219,-0.900146,-0.0860593,-2.33794,0.378033
0.502686,0.0212402,-0.881348,-0.0344444,-2.3555,0.436565
0.487793,0.0227051,-0.900146,0.0517579,-2.09742,0.465299
0.407471,0.0129395,-0.967773,0.112951,-1.66056,0.431776
0.40625,-0.00463867,-0.951172,0.0921984,-1.68823,0.399849
0.422363,0.00415039,-0.947754,-0.0248663,-1.60575,0.3775
0.408936,0.0187988,-0.967285,-0.102555,-1.45091,0.342913
0.350098,0.0239258,-1.01562,-0.153105,-1.29021,0.298748
0.328125,0.026123,-1.00659,-0.203656,-1.37375,0.300344
0.31665,0.0231934,-0.978027,-0.243032,-1.4839,0.322693
0.314697,0.0112305,-0.936523,-0.248886,-1.51902,0.342913
0.278564,-0.00878906,-0.937256,-0.0477472,-1.38014,0.297684
0.27417,0.0100098,-0.989746,0.0326018,-1.36417,0.280656
0.276611,0.0270996,-0.984131,0.0453725,-1.46421,0.233298
0.246582,-0.00463867,-0.983154,0.0709139,-1.54775,0.154013
0.203857,-0.0209961,-0.98584,0.212988,-1.5983,0.0406732
0.181396,0.0078125,-1.03467,0.282695,-1.45836,0.0401411
0.156494,0.0170898,-1.08228,0.2513,-1.37907,0.044398
0.157959,0.0258789,-1.0603,0.117208,-1.37109,0.0406732
0.128906,-0.000488281,-0.984131,-0.0115635,-1.1492,-0.00562056
0.0998535,-0.00610352,-0.990723,0.028877,-0.885272,-0.0130701
0.0898438,-0.00634766,-1.00342,0.0852809,-0.683601,-0.0167949
0.0786133,0.0078125,-1.03418,0.130511,-0.504279,-0.0253087
0.0620117,-0.00292969,-1.03784,0.0650607,-0.252058,-0.050318
0.046875,0,-1.0459,0.05103,-0.148877,-0.0506634
0.020752,-0.00488281,-1.05542,0.0409724,-0.133865,-0.0504812
0.00805664,0.00537109,-1.05396,0.0303301,-0.242416,-0.0387747
0.0556641,-0.00170898,-1.01733,0.0590642,-0.38449,0.0612625
0.0842285,-0.00683594,-1.0061,0.0558715,-0.25359,0.0729689
0.0917969,-0.00415039,-1.01636,0.048813,-0.0366479,0.0426497
0.0810547,-0.0112305,-1.02124,0.0445211,0.108079,-0.0248472
0.0480957,-0.0185547,-1.02075,0.0512376,0.126765,-0.1037
0.00683594,-0.0144043,-1.03882,0.0764868,0.0442593,-0.157804
-0.0109863,-0.00610352,-1.03931,0.0786153,-0.111118,-0.14929
-0.0170898,-0.0065918,-1.04077,0.0557344,-0.201045,-0.0747943
0.0427246,-0.00830078,-1.03296,-0.0512202,-0.203705,0.121023
0.0605469,-0.012207,-1.00098,-0.0602661,-0.194127,0.0805826
0.0478516,-0.0192871,-0.994141,-0.02506,-0.144271,0.0111331
0.0131836,-0.00219727,-1.04126,0.118078,-0.112344,-0.083583
-0.00805664,-0.00146484,-1.0481,0.0904084,-0.154381,-0.0734728
-0.0166016,-0.0090332,-1.0293,0.0584816,-0.233666,-0.0282433
-0.00634766,-0.0183105,-1.01147,0.027087,-0.165556,0.0829683
-0.00170898,-0.0180664,-1.02026,0.0357815,-0.104444,0.093432
-0.0012207,-0.0134277,-1.04297,0.0536138,-0.081156,0.0979314
0.0617676,-0.026123,-1.03296,0.0115769,-0.0236879,0.0633441
0.0615234,-0.0251465,-1.04102,0.00610504,0.152922,0.00313788
0.0505371,-0.0222168,-1.02979,-0.0279502,0.241785,-0.0804038
-0.00341797,-0.0178223,-1.02368,0.0210042,-0.0173536,-0.136808
-0.00634766,-0.0212402,-1.02002,0.0324417,-0.133257,-0.101315
0.00292969,-0.0270996,-1.01636,0.0436161,-0.196046,-0.0752416
1.00415,-1.00415,-1.00415,-2.18966,2.20485,2.18092
0.00634766,-0.0146484,-1.05566,0.0425519,-0.0640819,-0.063003
0.00366211,-0.0229492,-1.05273,0.00154116,-0.0287838,-0.0646006
-0.00878906,-0.0314941,-1.04028,-0.0239412,-0.00731863,-0.0692755
-0.0153809,-0.0327148,-1.02954,-0.015575,-0.0201245,-0.0587782
-0.00756836,-0.0166016,-1.03516,0.0227086,-0.0533935,-0.0127029
-0,-0.0205078,-1.02271,0.026835,-0.114941,-0.00356888
0.00512695,-0.0285645,-1.01294,0.0329391,-0.156311,-0.0024443
0.00537109,-0.0285645,-1.01465,0.0498013,-0.15618,-0.010694
0.0144043,-0.0256348,-1.02881,0.0792394,-0.103084,-0.0415938
0.00805664,-0.0148926,-1.04468,0.0534427,-0.00245378,-0.055651
-0.0117188,-0.0341797,-1.03491,0.0069766,0.0749796,-0.0693694
-0.0224609,-0.0336914,-1.03467,-0.0264261,0.115235,-0.0541963
-0.0327148,-0.0473633,-1.03174,-0.00917203,0.0636454,-0.0310802
-0.0324707,-0.0349121,-1.04199,0.0159749,0.00187404,-0.0194261
-0.019043,-0.0275879,-1.03882,0.0270144,-0.0698332,-0.00130216
-0.000732422,-0.0222168,-1.04688,0.0201319,-0.0749013,0.0111922
-0.000976562,-0.0327148,-1.03247,-0.0213771,0.0250495,-0.0301015
-0.0241699,-0.0407715,-1.02881,-0.0328057,0.0929923,-0.0568985
-0.0351562,-0.03125,-1.02954,-0.0247451,0.126063,-0.040468
-0.0332031,-0.0297852,-1.0271,-0.0329768,0.100696,0.00308892
-0.0102539,-0.0361328,-1.02686,-0.0352979,-0.0133778,0.0642908
0.00585938,-0.0388184,-1.02563,-0.026658,-0.0374621,0.0622223
0.0117188,-0.0356445,-1.03149,-0.0218613,-0.0137106,0.0415092
0.0065918,-0.0371094,-1.03198,-0.0140645,0.00375634,0.00363937
-0.0117188,-0.0332031,-1.04126,-0.00853266,0.0161288,-0.0265672
-0.000244141,-0.0310059,-1.04248,-0.0181936,-0.000357853,-0.00307822
0.0107422,-0.0285645,-1.04517,-0.0348918,-0.00242639,0.00997822
0.0202637,-0.0292969,-1.03076,-0.0522262,-0.00600296,-0.00895668
-0.00756836,-0.0336914,-1.00513,-0.0291575,0.0377621,-0.0720943
-0.0253906,-0.0290527,-1.01709,0.00893401,0.0077719,-0.0584134
-0.0256348,-0.032959,-1.02515,0.0237782,-0.0562881,-0.0253291
-0.0236816,-0.0273438,-1.03076,0.0252823,-0.0876471,0.014228
-0.00732422,-0.0283203,-1.03442,0.00182435,-0.0569741,0.0491969
-0.00512695,-0.0336914,-1.0332,0.0012611,-0.0493698,0.0386642
-0.00585938,-0.0358887,-1.03442,0.00850078,-0.0393522,0.0252696
-0.0126953,-0.0351562,-1.03467,0.0129696,-0.0290567,0.00388905
-0.0163574,-0.0285645,-1.05029,0.0173307,-0.0174515,-0.0112641
-0.0195312,-0.0288086,-1.04907,0.00808511,-0.00872229,-0.00631905
-0.0214844,-0.0356445,-1.04053,-0.00768843,-0.0121471,0.00266115
-0.015625,-0.0319824,-1.03442,-0.0184083,0.000608528,0.0202529
-0.0183105,-0.027832,-1.02344,-0.0252348,0.0353863,-0.0108733
-0.027832,-0.0302734,-1.02466,-0.0178759,0.0371301,-0.010092
-0.0231934,-0.0275879,-1.02759,-0.0231574,0.0258496,0.00728781
-0.0129395,-0.0419922,-1.02588,-0.0298694,0.0299003,0.0232102
-0.00878906,-0.0393066,-1.03516,-0.0218796,0.0535865,0.0200545
-0.00537109,-0.0341797,-1.0376,-0.0265453,0.071509,0.00606968
-0.0114746,-0.0402832,-1.03174,-0.0352529,0.0827682,-0.00809743
-0.00830078,-0.029541,-1.01685,-0.0292105,0.0465006,-0.0141338
-0.0141602,-0.0310059,-1.02393,-0.00669644,0.0251277,-0.0189861
-0.0141602,-0.0239258,-1.02515,0.0111208,0.0130979,-0.0164515
-0.0170898,-0.0266113,-1.03052,0.0103335,-0.00539292,-0.00514994
-0.0131836,-0.0334473,-1.02563,0.00229518,-0.0296696,0.0173036
0.000244141,-0.0366211,-1.02393,0.00431703,-0.081403,0.0236375
0.00170898,-0.0375977,-1.01855,0.0135602,-0.0794415,-0.010686
-0.0163574,-0.036377,-1.03442,0.0210228,-0.019886,-0.0462596
-0.0290527,-0.0307617,-1.04712,-0.012199,0.0060384,-0.0217768
-0.0227051,-0.0368652,-1.04492,-0.0394275,0.000180703,0.0119825
-0.0109863,-0.0410156,-1.03687,-0.0379581,-0.0226724,0.0262339
0.00244141,-0.0385742,-1.02832,-0.027177,-0.0382241,0.0162546
0.000488281,-0.0341797,-1.02197,-0.0171749,-0.0212051,-0.0158138
-0.0192871,-0.0217285,-1.01831,0.0045299,-0.000961043,-0.0684004
-0.0268555,-0.0253906,-1.01709,0.00494004,0.0239881,-0.0579243
-0.0336914,-0.0249023,-1.02661,0.00689816,0.0488553,-0.030564
-0.0319824,-0.0432129,-1.02856,-0.0207905,0.0289836,0.0314488
-0.0178223,-0.0375977,-1.03149,-0.0228859,0.0189379,0.0415961
-0.00952148,-0.0322266,-1.02759,-0.019738,0.0252324,0.0296887
-0.0090332,-0.0307617,-1.02515,-0.0223781,0.0474732,0.0107981
-0.0209961,-0.0351562,-1.02661,-0.0150881,0.0660623,-0.0112723
-0.0288086,-0.0358887,-1.03296,-0.00278088,0.0566811,-0.0161936
-0.0334473,-0.0349121,-1.03589,-0.001156,0.0179263,-0.00749471
-0.029541,-0.0388184,-1.0354,0.00925767,-0.0417048,0.00930318
-0.0214844,-0.0327148,-1.03662,0.0194204,-0.0760116,0.0319278
-0.0114746,-0.0322266,-1.04077,0.0215489,-0.0746993,0.0488143
-0.000244141,-0.0283203,-1.04346,0.0158367,-0.0510891,0.0538696
0.00830078,-0.0263672,-1.03589,-0.000123588,-0.0161041,0.0354349
0.00561523,-0.026123,-1.02808,-0.0255658,0.0382901,0.00290434
-0.00512695,-0.0241699,-1.02075,-0.0363742,0.07943,-0.0184566
-0.0168457,-0.0332031,-1.01904,-0.0313434,0.0879019,-0.0278783
-0.0266113,-0.0317383,-1.02588,-0.0202023,0.0582613,-0.0220137
-0.0292969,-0.0317383,-1.03076,-0.00569466,0.00648627,-0.00746237
-0.0292969,-0.0368652,-1.04443,-0.0123082,-0.0320975,0.00933474
-0.0195312,-0.0373535,-1.03491,-0.0333025,-0.0437871,0.0267657
-0.00390625,-0.0339355,-1.03418,-0.0444438,-0.00845878,0.0333908
0.00415039,-0.0317383,-1.03076,-0.0537586,0.0561371,0.0253161
-0.00170898,-0.0336914,-1.03467,-0.0576562,0.130601,0.00497306
-0.00390625,-0.0310059,-1.03638,-0.0505547,0.167439,-0.00709045
-0.0012207,-0.0310059,-1.03467,-0.04674,0.158212,-0.0162668
-0.00268555,-0.027832,-1.03271,-0.0399016,0.138821,-0.0252221
-0.00366211,-0.0270996,-1.02832,-0.0254385,0.108472,-0.0334423
-0.00805664,-0.0249023,-1.01855,-0.0191133,0.0835291,-0.0357522
-0.0187988,-0.0246582,-1.01147,-0.0129406,0.0550325,-0.0348907
-0.0219727,-0.0234375,-1.01978,-0.00639728,0.0209911,-0.0236641
-0.0158691,-0.0239258,-1.0166,0.0036234,-0.0459839,-0.00803448
-0.0129395,-0.0310059,-1.01855,0.0175569,-0.0827841,-0.00524442
-0.0141602,-0.036377,-1.03125,0.028039,-0.0652105,-0.00304089
-0.00610352,-0.0253906,-1.03955,0.0242476,-0.038194,0.00845678
-0.00683594,-0.0305176,-1.04272,-0.000224056,-0.00715478,0.00877229
-0.00341797,-0.0292969,-1.02905,-0.0111238,-0.00127018,0.000252262
-0.0131836,-0.0356445,-1.01929,-0.00254707,0.0060305,-0.0168904
-0.0209961,-0.0375977,-1.0188,0.021921,0.0204253,-0.0279078
-0.0246582,-0.0266113,-1.03418,0.0406065,0.0313575,-0.0199653
-0.0170898,-0.0205078,-1.04004,0.035993,-3.62126e-05,0.00336462
-0.0102539,-0.0253906,-1.03687,0.0205856,-0.0343085,0.0245745
-0.000488281,-0.0302734,-1.03516,0.00866513,-0.0500991,0.0364453
0.0012207,-0.0349121,-1.03052,0.00222484,-0.0411025,0.0334899
-0,-0.0371094,-1.02832,0.0037291,-0.0276491,0.0165849
-0.00219727,-0.03125,-1.0293,0.00571641,-0.0155585,-0.00510563
-0.00830078,-0.0258789,-1.02832,0.000905048,-0.00739424,-0.0179649
-0.015625,-0.0344238,-1.03906,-0.00742541,-0.00150387,-0.0170127
-0.0146484,-0.0314941,-1.03662,-0.0150358,0.0021674,-0.00413977
-0.00561523,-0.0322266,-1.04102,-0.0141542,0.00678879,0.0115387
0.00195312,-0.0280762,-1.03809,-0.0190061,0.0227232,0.0102221
-0,-0.0322266,-1.03564,-0.0154324,0.0554103,-0.0030065
-0.00244141,-0.0241699,-1.03271,-0.000520362,0.0597873,-0.0128006
-0.0078125,-0.0273438,-1.03442,0.0114359,0.0297856,-0.0192429
-0.0114746,-0.0212402,-1.03174,0.0127182,-0.0129946,-0.0192985
-0.0146484,-0.0236816,-1.02612,0.00358377,-0.0453968,-0.0151985
-0.00927734,-0.0253906,-1.02075,-0.000137623,-0.0624781,0.00645869
-0.00219727,-0.0305176,-1.02026,0.000384983,-0.0775899,0.0234396
0.0136719,-0.0239258,-1.01953,0.00453003,-0.0736431,0.0083347
0.000732422,-0.0319824,-1.02295,0.002863,-0.0116308,-0.02562
-0.0202637,-0.0339355,-1.03638,0.000716853,0.0551186,-0.045255
-0.0280762,-0.0297852,-1.03833,-0.00501262,0.0688499,-0.037933
-0.0393066,-0.0336914,-1.04028,-0.00281467,0.0417456,-0.0271525
-0.0395508,-0.0314941,-1.03296,0.00763897,0.0116594,-0.00364941
-0.0310059,-0.0270996,-1.03809,0.00901277,0.00618555,0.0333082
-0.0136719,-0.0270996,-1.03735,0.00567985,0.00344005,0.0698945
0.00366211,-0.0292969,-1.03906,-0.00588141,0.00128,0.0744418
0.00976562,-0.0310059,-1.03027,-0.0109326,0.0111157,0.0233154
0.00732422,-0.0249023,-1.02466,-0.00339909,0.00201989,-0.006846
-0.00610352,-0.026123,-1.02588,-0.00072073,0.00716412,-0.0264141
-0.0212402,-0.0270996,-1.02319,-0.00278053,0.0236088,-0.0226618
-0.0124512,-0.0288086,-1.04346,-0.00842572,0.0199242,0.0474692
-0,-0.0273438,-1.04272,-0.021205,-0.0101555,0.0577497
0.00610352,-0.0327148,-1.03906,-0.0201747,-0.0337982,0.0350672
0.00561523,-0.0368652,-1.03345,-0.00774488,-0.0340223,0.00566126
0.00561523,-0.0270996,-1.02588,-0.0054811,0.0280738,-0.028229
-0.00366211,-0.027832,-1.02686,0.0149033,0.0294745,-0.0415697
-0.00952148,-0.0195312,-1.03491,0.0228528,0.0137048,-0.0384908
-0.0117188,-0.0214844,-1.03369,0.0155514,-0.0151864,-0.0261389
-0.00878906,-0.0180664,-1.0166,-0.00559496,-0.0215712,-0.00110243
-0.0124512,-0.0192871,-1.02271,-0.00182511,-0.0106656,0.0061942
-0.015625,-0.0275879,-1.021,0.0023732,-0.0135244,0.00916069
-0.00830078,-0.0219727,-1.02075,-0.00547335,-0.00956346,0.0188065
-0.0065918,-0.0300293,-1.02222,-0.0115729,0.0270173,0.014199
-0.0119629,-0.0263672,-1.02515,-0.000388978,0.0476572,-0.0063955
-0.0195312,-0.0256348,-1.03149,0.00585188,0.0677998,-0.0150693
-0.0178223,-0.0202637,-1.02808,0.00571087,0.0651274,-0.00535899
-0.0148926,-0.0258789,-1.02124,0.00609255,0.0588845,0.0274855
-0.00146484,-0.0241699,-1.02368,0.00750362,0.0808337,0.0481141
0.00268555,-0.0241699,-1.02661,-0.00514017,0.106928,0.0578598
0.00219727,-0.0300293,-1.02466,-0.01696,0.107986,0.0491955
0.00439453,-0.0275879,-1.01929,-0.00720409,0.0363183,0.0147755
0.0012207,-0.032959,-1.01001,0.00595177,0.0063629,-0.000120689
-0.00244141,-0.0349121,-1.02246,0.0245028,0.0207497,-0.00115636
1.00415,-1.00415,-1.00415,-2.17259,2.17793,2.18902
0.0129395,-0.0310059,-1.05786,0.00641099,0.0122359,0.0493943
0.0200195,-0.0288086,-1.05835,-0.0145151,0.00207455,0.033664
0.0263672,-0.0319824,-1.04028,-0.026109,0.00981392,0.00792684
1.00415,-1.00415,-1.00415,-2.17159,2.17764,2.18799
-0.00292969,-0.0285645,-1.02173,-0.0144026,0.0310984,-0.0548624
-0.0102539,-0.0227051,-1.02563,0.00827398,0.00178808,-0.0296531
-0.00146484,-0.0166016,-1.03052,0.0169025,-0.0372018,0.00845037
0.00756836,-0.0202637,-1.03857,0.00922519,-0.0643471,0.0404428
0.0270996,-0.0197754,-1.04272,-0.0273474,-0.0596808,0.0410261
0.0273438,-0.0231934,-1.04443,-0.052653,-0.0213731,0.014073
0.0229492,-0.0307617,-1.02954,-0.0721559,0.0305517,-0.0184621
0.00976562,-0.026123,-1.02637,-0.0698979,0.0916111,-0.0419046
0.00317383,-0.0151367,-1.02734,-0.0619821,0.110175,-0.0440106
-0.0102539,-0.0241699,-1.0105,-0.0771059,0.0862295,-0.0330836
-0.00732422,-0.0275879,-0.995117,-0.0472062,0.0306647,-0.0161884
-0.0012207,-0.019043,-1.00146,0.00274461,-0.0235611,0.0174363
0.017334,-0.0178223,-1.00415,0.0530497,-0.12789,0.000398833
0.00952148,-0.00854492,-1.01245,0.0657922,-0.102998,-0.0349225
-0.00878906,-0.00756836,-1.02588,0.0496667,-0.0418364,-0.0470633
1.00415,-1.00415,-1.00415,-2.16658,2.1808,2.19153
-0.0244141,-0.0280762,-1.00781,-0.033875,0.0528796,0.067873
-0.0090332,-0.0239258,-1.00439,-0.0263079,0.0355074,0.118167
0.00952148,-0.0270996,-1.00024,-0.00490237,-0.016758,0.131417
1.00415,-1.00415,-1.00415,-2.16581,2.18033,2.18537
0.0241699,-0.000244141,-1.02734,0.0685292,-0.0635839,0.0255268
0.0187988,-0.0078125,-1.01538,0.052857,-0.0241435,-0.00416857
0.00561523,-0.0151367,-1.00317,0.0505448,0.0179815,-0.00978032
1.00415,-1.00415,-1.00415,-2.16836,2.18049,2.18572
0.0117188,-0.0202637,-1.01294,0.0851321,0.00893557,0.0753577
0.0268555,-0.0192871,-1.00586,0.0778878,-0.0515175,0.0745804
0.0290527,-0.0297852,-0.999023,0.0806846,-0.0689705,0.0374715
0.020752,-0.0244141,-0.993408,0.0979541,-0.0491334,-0.0169183
-0.0317383,-0.0302734,-1.02173,0.160743,0.0487753,-0.0275606
-0.0283203,-0.0302734,-1.03271,0.170891,0.0205969,0.00529956
-0.0146484,-0.0217285,-1.02539,0.16937,-0.009499,0.019712
-0.010498,-0.0310059,-1.00977,0.106089,0.130938,0.0831097
-0.0109863,-0.0383301,-1.02148,0.0981075,0.149562,0.112908
0.0144043,-0.0222168,-1.01196,0.076823,0.115507,0.145899
0.0297852,-0.0366211,-0.996826,0.0915892,0.0867593,0.136671
0.0310059,-0.041748,-0.985352,0.104961,0.085188,0.110529
0.0175781,-0.0617676,-0.986328,0.137952,0.089977,0.0919052
0.0180664,-0.0644531,-0.97998,0.169347,0.0750778,0.105208
0.0251465,-0.0651855,-0.986572,0.200741,0.0495364,0.132346
0.0495605,-0.0561523,-1.03857,0.258741,0.0814632,0.167465
0.0683594,-0.0593262,-1.05615,0.210851,0.152766,0.185025
0.0812988,-0.081543,-1.04614,0.14008,0.221941,0.182364
0.0900879,-0.074707,-1.02441,0.0975113,0.358694,0.0700886
0.0830078,-0.065918,-1.03516,0.111878,0.343263,0.0131525
0.0703125,-0.0878906,-1.0249,0.118264,0.236308,-0.0123889
0.0603027,-0.097168,-1.02393,0.129954,0.104945,-0.0261112
0.0488281,-0.0932617,-1.02588,0.174078,-0.023771,-0.045215
0.0195312,-0.081543,-1.07983,0.270391,-0.246726,-0.02127
0.0065918,-0.0737305,-1.08716,0.24006,-0.364855,0.0122531
0.0217285,-0.081543,-1.06543,0.155454,-0.414874,0.0564185
0.0197754,-0.0974121,-1.05908,0.108096,-0.365387,0.0995196
0.0256348,-0.11377,-1.04541,0.0719125,-0.277057,0.140492
0.0322266,-0.105469,-1.04614,0.0564813,-0.186065,0.17508
0.0427246,-0.0996094,-1.04565,0.0580776,-0.153606,0.172419
0.0507812,-0.09375,-1.04907,0.0500959,-0.136579,0.154859
0.0559082,-0.0917969,-1.02954,0.0457731,-0.110439,0.12049
0.0544434,-0.0869141,-1.01318,0.0472665,-0.0600031,0.0822745
0.0402832,-0.0979004,-0.990479,0.0466469,0.00635409,0.0465381
0.010498,-0.123291,-0.996582,0.088624,0.0565722,0.0303572
0.0354004,-0.0983887,-1.03149,0.118165,0.0157429,0.0124891
0.0266113,-0.141846,-1.02368,0.0893533,-0.112901,-0.103094
0.0327148,-0.104736,-1.00952,0.0978671,-0.191122,-0.0903236
0.00854492,-0.123291,-1.03979,0.157464,-0.201764,-0.0748923
0.0354004,-0.11377,-1.02759,0.162253,-0.233691,-0.0317912
0.0532227,-0.173584,-1.02148,0.183537,-0.183672,0.00279609
0.0688477,-0.235596,-1.0708,0.324547,-0.11769,0.0187595
0.0991211,-0.177002,-1.15356,0.443208,-0.159195,-0.0961768
0.115967,-0.14209,-1.16748,0.376162,-0.224113,-0.302637
0.0688477,-0.125,-1.20679,0.246859,-0.133121,-0.444711
0.00805664,-0.0925293,-1.1875,-0.0782622,-0.144828,-0.4346
0.0102539,-0.18457,-1.02148,-0.205969,0.105797,-0.383518
-0.0473633,-0.12915,-1.03613,-0.154354,0.362275,-0.343077
-0.0744629,-0.111084,-0.995361,-0.213419,0.28033,-0.307958
-0.0800781,-0.0947266,-0.981201,-0.137327,0.104201,-0.209517
-0.0837402,-0.124756,-0.974365,-0.101822,-0.0878512,-0.126575
-0.0881348,-0.119141,-0.958984,-0.0507387,-0.282072,-0.0020603
-0.0825195,-0.106934,-0.979492,0.0232249,-0.50556,0.167151
-0.0185547,-0.0671387,-1.05103,0.0987849,-0.801414,0.301244
0.164551,-0.0712891,-1.15112,-0.0954362,-1.02331,0.247501
0.0917969,-0.175049,-0.985596,-0.296575,-0.823231,0.0836098
-0.00170898,-0.156738,-1.04932,-0.195473,-0.427339,0.0266738
-0.0263672,-0.105225,-1.04565,-0.153969,-0.308678,0.00272872
-0.0322266,-0.0749512,-1.03003,-0.131088,-0.310274,0.00911407
-0.0458984,-0.0622559,-1.0293,-0.145455,-0.358696,-0.0158952
-0.0583496,-0.0759277,-1.03003,-0.200262,-0.479486,-0.114868
-0.0461426,-0.0253906,-1.05859,-0.241235,-0.623689,-0.224483
-0.0661621,-0.0756836,-1.03271,-0.261987,-0.747671,-0.304832
-0.0322266,-0.204102,-1.00586,-0.26252,-0.829084,-0.268117
-0.0380859,-0.198486,-0.958984,-0.242831,-0.680093,-0.174997
-0.0686035,-0.147949,-0.987061,-0.147583,-0.224072,-0.0164273
-0.0412598,-0.0964355,-1.01343,-0.0241331,0.0350668,0.0766924
0.0158691,-0.0966797,-0.988037,0.0173717,0.149471,-0.000463958
0.0153809,-0.0986328,-1.01099,0.00406884,0.349013,-0.197878
0.0256348,-0.0656738,-0.996338,-0.0528672,0.569308,-0.385181
-0.013916,-0.090332,-1.01099,-0.0901151,0.795456,-0.523531
-0.074707,-0.0957031,-1.03735,-0.109803,0.828979,-0.570356
-0.0944824,-0.113525,-1.03882,-0.146519,0.701272,-0.530448
-0.0766602,-0.107178,-1.03662,-0.0347754,0.382536,-0.313878
-0.0593262,-0.0996094,-1.05396,0.0120505,0.401692,-0.244704
-0.0429688,-0.112305,-1.02588,0.0264176,0.368169,-0.204795
-0.00878906,-0.0949707,-0.998779,0.0562159,0.220242,-0.205859
0.0126953,-0.0700684,-0.996582,0.0652618,0.0669935,-0.231401
-0.00952148,-0.0847168,-1.00342,0.0131148,0.0685899,-0.223419
-0.0498047,-0.119629,-1.04224,-0.0395644,0.118076,-0.181382
-0.0100098,-0.129395,-1.03955,-0.0323795,0.0451269,-0.101195
0.00585938,-0.105469,-1.05103,-0.000441877,-0.0291805,-0.0535784
0.00830078,-0.0949707,-1.03101,0.0566907,-0.152588,0.0183361
-0.0012207,-0.050293,-1.07471,0.0582871,-0.194093,0.0731437
0.0158691,-0.0661621,-1.04053,0.0274245,-0.361708,0.0656941
0.0136719,-0.048584,-1.03418,0.00773638,-0.479837,0.133805
0.0124512,-0.0766602,-1.0144,-0.0646309,-0.469727,0.104006
-0.00463867,-0.100098,-1.03516,-0.0678236,-0.311157,0.0710153
-0.0341797,-0.13916,-0.964111,-0.109328,-0.126514,0.0204646
-0.0766602,-0.158447,-1.02612,-0.0566492,0.00172488,-0.0231686
0.00146484,-0.117676,-0.997559,-0.0209977,0.181579,-0.171628
-0.0322266,-0.131104,-1.0127,-0.0305757,0.381653,-0.276986
-0.0732422,-0.109619,-1.06274,-0.017805,0.428479,-0.32062
-0.074707,-0.106689,-1.0376,0.000286803,0.307157,-0.342968
-0.0375977,-0.106201,-1.01685,-0.00184165,0.209781,-0.244527
-0.00488281,-0.100586,-1.0293,0.0157181,0.287469,-0.145022
-0.00390625,-0.0998535,-1.02441,0.0401952,0.319928,-0.0950038
-0.0158691,-0.0998535,-1.01855,0.0529659,0.237451,-0.102986
-0.000976562,-0.129639,-1.02783,0.0921943,-0.0580351,-0.150875
-0.00146484,-0.137939,-1.01221,0.109187,-0.0150934,-0.123872
-0.0065918,-0.107422,-1.0415,0.111229,0.0517395,-0.106347
-0.0131836,-0.117676,-1.05347,0.130359,-0.0414217,-0.0965139
0.0241699,-0.149902,-1.02563,0.121845,-0.23245,0.0562024
0.0224609,-0.146729,-1.03784,0.112267,-0.230322,0.108349
-0.0126953,-0.15332,-0.994629,0.119185,-0.162211,0.0897255
-0.0161133,-0.143066,-1.01807,0.141239,-0.0139398,0.0652339
0.0012207,-0.115479,-1.02759,0.147624,-0.137922,0.0216007
0.017334,-0.074707,-1.02344,0.117294,-0.305005,-0.0215004
0.019043,-0.095459,-1.00195,0.10133,-0.293299,-0.109299
-0.0205078,-0.154053,-0.996826,0.0651467,-0.107059,-0.166235
0.0205078,-0.154785,-1.03271,0.0960092,0.00255573,-0.128987
0.0517578,-0.116211,-0.999268,0.137514,-0.0118113,-0.244988
-0.0327148,-0.122803,-0.99707,0.112505,-0.1475,-0.422181
-0.130371,-0.154785,-1.06177,0.042798,-0.232638,-0.523283
-0.151123,-0.138428,-1.01221,-0.0130739,-0.567869,-0.329594
-0.190674,-0.116211,-1.04736,-0.101937,-0.694512,-0.0901429
-0.052002,-0.0456543,-0.963623,-0.18601,-0.960568,0.179106
-0.0341797,-0.0952148,-0.966309,-0.286048,-0.960568,0.40685
0.0529785,-0.230469,-0.946533,-0.189735,-0.484859,0.282868
-0.0175781,-0.253174,-1.0127,-0.0338262,0.205291,0.196134
-0.120605,-0.207031,-1.05469,0.147092,0.551164,0.117913
-0.134033,-0.150879,-1.02075,0.195514,0.282979,0.0833258
-0.0268555,-0.112549,-1.0127,-0.065753,-0.307134,0.0806652
-0.017334,-0.122559,-0.99292,-0.122157,-0.251794,0.079601
-0.0463867,-0.137695,-1.00269,-0.178561,-0.135794,0.0976928
-0.0168457,-0.144531,-0.977783,-0.232304,-0.085775,0.0811973
-0.0422363,-0.164551,-1.02539,-0.318506,0.414943,0.117381
-0.0551758,-0.129883,-1.0188,-0.271681,0.500613,0.137601
-0.0534668,-0.154297,-1.00488,-0.261038,0.52243,0.138133
-0.0454102,-0.112061,-1.02246,-0.299883,0.587879,0.184959
-0.0412598,-0.0893555,-1.01196,-0.345644,0.468686,0.110996
-0.0344238,-0.0964355,-1.00342,-0.429186,0.424521,0.0737477
-0.0354004,-0.0969238,-1.08057,-0.502085,0.37131,0.0657661
-0.0268555,-0.0649414,-1.05054,-0.478672,0.111107,-0.00234434
-0.032959,-0.115723,-1.11499,-0.452067,-0.154417,0.0290503
-0.00537109,-0.137451,-1.021,-0.319571,-0.448676,0.0375641
-0.0292969,-0.110596,-1.04028,-0.245075,-0.42207,0.0636376
-0.0268555,-0.0400391,-1.06152,-0.209423,-0.477942,0.115253
-0.0415039,0.0065918,-1.03833,-0.39247,-1.10796,0.0764083
0.171631,0.0175781,-1.12451,-0.572856,-1.4682,-0.00713336
-0.0405273,-0.151367,-1.01758,-0.822417,-0.814769,-0.117813
-0.0751953,-0.130127,-0.906494,-0.648948,-0.639172,0.00883002
-0.166016,-0.0583496,-0.982178,-0.284451,-0.0554445,0.160482
-0.19165,-0.0732422,-1.03491,-0.167919,0.0754552,0.154629
-0.158203,-0.0639648,-1.04028,-0.124926,0.0632511,0.124938
-0.097168,-0.0366211,-1.01196,-0.0632005,-0.00326293,0.0908831
-0.0942383,-0.0341797,-1.00879,-0.0471375,0.0217416,0.0954439
-0.0888672,-0.020752,-1.04102,-0.0428859,0.0617224,0.0998949
-0.126221,-0.0605469,-1.0625,-0.0875834,-0.00904855,0.105748
-0.109131,-0.013916,-1.05615,-0.368539,-0.396959,0.124904
-0.154785,-0.0439453,-0.905518,-0.357897,-0.411858,0.100959
-0.136475,-0.0605469,-0.999512,-0.0428859,-0.0734342,0.107877
-0.128662,-0.0117188,-1.00366,-0.0361403,0.00311317,0.111509
-0.131104,-0.0166016,-1.03027,-0.0311151,0.017059,0.0802607
-0.129639,-0.0102539,-1.01587,-0.0397126,-0.000488653,0.0424956
-0.120605,-0.0324707,-0.969238,-0.0423732,0.0835851,-0.00911928
-0.12915,-0.0395508,-1.00781,-0.0354557,0.240558,-0.00486238
-0.147949,-0.0905762,-1.05518,-0.0216208,0.31665,0.0249359
-0.0852051,-0.00927734,-1.05322,-0.0115106,0.185751,0.217029
-0.0737305,-0.00341797,-1.07764,-0.00831796,0.0862457,0.226074
-0.00366211,0.0336914,-1.01733,-0.0184281,-0.035076,0.203194
-0.104248,-0.0263672,-0.811035,-0.0200244,0.627936,0.00152297
-0.0778809,-0.0266113,-0.875488,0.00817752,1.22869,0.000458747
-0.113037,-0.104248,-1.16504,-0.232337,1.48783,-0.0282753
0.0134277,0.00390625,-0.961426,-0.798505,2.95486,-0.10756
0.0732422,0.010498,-1.06934,-0.916634,3.31989,-0.113945
-0.263672,-0.0612793,-2.18701,-0.757,3.41088,-0.0931931
0.0895996,0.0527344,-1.02563,-0.0609971,-0.00580978,-0.00379815
0.106689,0.0214844,-1.0603,-0.0512186,0.0878025,-0.0104574
0.0852051,0.0158691,-1.00879,-0.0347232,-0.0622532,-0.0120537
0.106934,0.0178223,-1.02222,-0.0370022,-0.00155402,-0.00812826
0.104736,0.0124512,-1.02783,-0.0361106,-0.0228075,-0.0079324
0.106934,0.00878906,-1.03247,-0.0352404,-0.01343,-0.00877984
0.106689,0.0161133,-1.02539,-0.0323141,-0.0125871,-0.0101261
0.106689,0.0183105,-1.0249,-0.0330933,-0.0185152,-0.00884356
0.108398,0.0200195,-1.02466,-0.0322959,-0.0118376,-0.00863046
0.104736,0.0234375,-1.02246,-0.0309984,-0.0131102,-0.00790321
0.101318,0.0246582,-1.021,-0.03129,-0.0164294,-0.00771277
0.103027,0.0236816,-1.02441,-0.0300168,-0.0123984,-0.00752692
0.104248,0.0205078,-1.0271,-0.0277356,-0.0141768,-0.00734555
0.105957,0.0144043,-1.02881,-0.0275866,-0.0133159,-0.00716855
0.105469,0.0107422,-1.02979,-0.0284797,-0.0129951,-0.0075151
0.106934,0.00878906,-1.02686,-0.0272741,-0.0121627,-0.0083726
0.106445,0.00830078,-1.02954,-0.0276555,-0.0139467,-0.00713227
0.108887,0.015625,-1.02515,-0.0254312,-0.00997564,-0.00644111
0.109375,0.0192871,-1.02612,-0.0253377,-0.0102546,-0.00628591
0.105469,0.0234375,-1.02686,-0.0231693,-0.0120846,-0.00561515
0.104004,0.0256348,-1.02295,-0.0252075,-0.0117934,-0.00703772
0.102295,0.0270996,-1.02686,-0.0235615,-0.0104707,-0.00634884
0.101807,0.0224609,-1.02222,-0.0219552,-0.00969907,-0.00567657
0.10498,0.0205078,-1.02271,-0.0219454,-0.00946536,-0.00553978
0.104248,0.0163574,-1.02222,-0.0219359,-0.0113144,-0.00592558
0.105957,0.0129395,-1.0293,-0.0234845,-0.00792606,-0.00422493
0.109131,0.0126953,-1.02808,-0.0203221,-0.00981223,-0.0051617
0.107178,0.0107422,-1.03052,-0.0193132,-0.00957579,-0.00503732
0.108154,0.0134277,-1.02637,-0.0188478,-0.00934505,-0.00491594
1.19238,-1.19238,-1.19238,-2.60491,2.59907,2.58966
0.105713,0.0214844,-1.02637,-0.019912,-0.00828082,-0.00438383
0.105469,0.0234375,-1.02563,-0.0215094,-0.00808129,-0.00479749
0.103027,0.026123,-1.021,-0.0194332,-0.00944443,-0.00416259
0.103516,0.0253906,-1.02319,-0.0184456,-0.00869756,-0.00510087
0.100098,0.0231934,-1.02588,-0.0180012,-0.00952656,-0.00497796
0.101562,0.0175781,-1.02612,-0.0180867,-0.00825842,-0.00433872
0.103516,0.0146484,-1.02637,-0.0166123,-0.0096173,-0.00423417
0.104492,0.010498,-1.02466,-0.0172506,-0.0067891,-0.00361285
0.105957,0.00878906,-1.02759,-0.0173542,-0.00766409,-0.0030065
0.110596,0.010498,-1.02881,-0.0158974,-0.00644083,-0.00345335
0.110352,0.0107422,-1.02661,-0.0155144,-0.00732421,-0.00285085
0.108398,0.0141602,-1.02856,-0.0151405,-0.00714773,-0.00330144
0.10791,0.0212402,-1.02759,-0.0137371,-0.00749478,-0.00322189
0.105225,0.0258789,-1.02368,-0.0144447,-0.00731419,-0.00470212
0.103027,0.0256348,-1.02246,-0.0151352,-0.00609936,-0.00458882
0.101318,0.0236816,-1.02393,-0.0142512,-0.00595239,-0.00395896
0.103027,0.0217285,-1.02441,-0.0144271,-0.00580896,-0.00282498
0.103271,0.0212402,-1.02368,-0.0120023,-0.00670756,-0.0032762
0.103027,0.0183105,-1.02539,-0.0137902,-0.00602664,-0.00371654
0.104492,0.017334,-1.02539,-0.0129386,-0.00640071,-0.0031077
0.105713,0.0134277,-1.02637,-0.0121076,-0.00365003,-0.00303281
0.107422,0.0126953,-1.02979,-0.0128544,-0.00460066,-0.00140186
0.106201,0.00878906,-1.02539,-0.0120254,-0.00604767,-0.00292595
0.109375,0.0124512,-1.02832,-0.010697,-0.00486336,-0.00337474
0.110107,0.0141602,-1.02563,-0.0119971,-0.00422688,-0.00277413
0.108398,0.0153809,-1.02808,-0.0122273,-0.0056829,-0.00426515
0.108154,0.0195312,-1.02539,-0.0114134,-0.00450738,-0.00364309
0.105469,0.0244141,-1.02637,-0.0100998,-0.00387948,-0.0035553
0.103027,0.0253906,-1.02466,-0.00985644,-0.003786,-0.00346963
0.0998535,0.026123,-1.02051,-0.0111768,-0.00421406,-0.00182816
0.102295,0.0251465,-1.02515,-0.0114268,-0.00359323,-0.0023034
0.101318,0.0222168,-1.02222,-0.0101129,-0.00350664,-0.00276718
0.102783,0.017334,-1.02637,-0.00934988,-0.00446073,-0.0027005
0.106201,0.0129395,-1.0293,-0.00860529,-0.00331466,-0.00263543
0.104248,0.0112305,-1.02808,-0.00787865,-0.00375408,-0.00153335
0.106201,0.0117188,-1.0293,-0.00872738,-0.00418291,-0.00253498
0.106445,0.00927734,-1.02905,-0.0074785,-0.00304353,-0.00299319
1.00415,-1.00415,-1.00415,-2.18275,2.19405,2.18239
0.106934,0.0161133,-1.02832,-0.00907484,-0.00251142,-0.00192896
0.108643,0.0166016,-1.02808,-0.00833688,-0.00297019,-0.00136319
0.106934,0.0202637,-1.02563,-0.00917457,-0.00393721,-0.00081105
0.106445,0.0222168,-1.02783,-0.00687633,-0.00280375,-0.00183009
0.103271,0.0236816,-1.02222,-0.00619135,-0.00481335,-0.00334386
0.102783,0.0263672,-1.02515,-0.00656145,-0.00365879,-0.00222471
0.101807,0.0256348,-1.02344,-0.00692263,-0.00305133,-0.0021711
0.103027,0.0222168,-1.02563,-0.00727511,-0.00297781,-0.00159949
0.102783,0.0222168,-1.02466,-0.00554194,-0.00342534,-0.00156095
0.102539,0.0175781,-1.02661,-0.00592769,-0.00334281,-0.00152334
0.104248,0.0117188,-1.02856,-0.00526556,-0.00170438,-0.00200592
0.106934,0.0119629,-1.02661,-0.00565797,-0.000624734,-0.00299617
0.106201,0.0107422,-1.02612,-0.00500234,-0.00112897,-0.0013661
0.111572,0.0100098,-1.03101,-0.00643967,-0.00265964,-0.00237176
0.108643,0.0141602,-1.02588,-0.0062845,-0.00207626,-0.00127603
0.108887,0.0163574,-1.02466,-0.00405591,-0.000987648,-0.00124528
0.105713,0.0202637,-1.02515,-0.00499675,-0.00096385,-0.00121527
0.106689,0.0256348,-1.02612,-0.00539564,-0.000421334,-0.00014741
0.10376,0.0258789,-1.02588,-0.00526563,-0.00144976,-0.000663148
0.100586,0.0263672,-1.02515,-0.00420089,-0.00198164,-0.000663068
0.100586,0.0256348,-1.02271,-0.00526448,-0.00304549,-0.00225913
0.100098,0.0212402,-1.02686,-0.0047318,-0.00198103,-0.00119476
0.101807,0.0183105,-1.02393,-0.00419918,-0.00144874,-0.00119462
0.104736,0.0134277,-1.0293,-0.00473073,-0.00357676,-0.000662428
0.105225,0.0126953,-1.02759,-0.00685835,-0.00410838,0.000401748
0.107666,0.0112305,-1.02832,-0.00579343,-0.00144764,-0.000662397
0.106934,0.0100098,-1.03003,-0.00579273,-0.00197952,-0.00172641
0.107178,0.0117188,-1.03003,-0.00579203,-0.00197928,-0.00172621
0.10791,0.012207,-1.02588,-0.00632338,-0.00304314,-0.00119395
0.108887,0.0161133,-1.02759,-0.00525852,-0.00304277,-0.00119381
0.105469,0.0241699,-1.02759,-0.00525789,-0.0030424,-0.000661613
0.103027,0.0253906,-1.02515,-0.00472521,-0.00197794,0.000934612
0.10376,0.0256348,-1.0249,-0.00525669,-0.0041059,-0.00119369
0.100586,0.0256348,-1.0249,-0.00419196,-0.00357335,-0.00225765
0.102051,0.0241699,-1.02563,-0.00631965,-0.00250883,-0.00278942
0.103516,0.020752,-1.02612,-0.00525479,-0.000912378,-0.00172499
0.104492,0.0166016,-1.02637,-0.00472211,-0.00304046,-0.00278888
0.105469,0.013916,-1.02783,-0.00578563,-0.00250805,-0.00172445
0.106689,0.0102539,-1.02734,-0.00525289,-0.00303979,-0.00172424
0.108643,0.0102539,-1.02954,-0.00365611,-0.00144328,-0.00119198
0.10791,0.0117188,-1.02686,-0.00418772,-0.0025072,-0.000127743
0.107422,0.0151367,-1.02734,-0.00525131,-0.003571,-0.00172387
0.10498,0.0180664,-1.02686,-0.00578273,-0.00303852,-0.00172367
0.10498,0.0224609,-1.02539,-0.00631408,-0.00303815,-0.00172346
0.104004,0.0244141,-1.02563,-0.00631332,-0.00250574,-0.0011912
0.102051,0.0239258,-1.02588,-0.00524846,-0.00197339,-0.00172311
0.102783,0.0241699,-1.02222,-0.00524783,-0.0025052,-0.00119085
0.0998535,0.0217285,-1.01807,-0.00631129,-0.0025049,-0.00278685
0.10376,0.0131836,-1.02417,-0.00365029,-0.000908452,-0.000658324
0.102783,0.0129395,-1.02295,-0.00524599,-0.00516473,-0.00119029
0.107422,0.012207,-1.0332,-0.00471331,0.00122047,-0.00119015
0.105957,0.00976562,-1.02051,-0.00577684,-0.0078245,-0.00172205
0.110596,0.0144043,-1.02612,-0.0052441,-0.000906924,-0.00172185
0.103027,0.0134277,-1.0293,-0.00683961,-0.00995164,-0.000125494
0.104736,0.0229492,-1.02612,-0.00630674,0.00228667,-0.00278572
0.101807,0.0217285,-1.02393,-0.00577393,-0.00516228,-0.00225334
0.101318,0.027832,-1.02661,-0.00524119,0.000158827,-0.00118897
0.103271,0.0236816,-1.02173,-0.00470851,-0.00196939,-0.000656777
0.104248,0.0209961,-1.02856,-0.00683614,-0.0014371,-0.00118875
0.103027,0.0187988,-1.02393,-0.00523917,-0.00143693,-0.0011886
0.104248,0.0131836,-1.0332,-0.00630263,-0.00250085,-0.00118846
0.104492,0.0124512,-1.02393,-0.00470573,-0.00250055,-0.000124219
