0.0771484,0.00878906,-1.02808,0.00478019,-0.00315469,0.00358056
0.0793457,0.0065918,-1.03101,0.00570358,-0.0015208,0.00297499
0.0778809,0.00683594,-1.02954,0.00504686,-0.00200344,0.00290331
0.0803223,0.0134277,-1.03394,0.00440595,-0.00195517,0.00231406
0.0783691,0.0166016,-1.02588,0.00429979,-0.00138877,0.00173901
0.0786133,0.029541,-1.02734,0.00419618,-0.00343246,0.00273568
0.0791016,0.0324707,-1.02515,0.00305649,-0.00179188,0.00163118
0.0759277,0.034668,-1.02417,0.00246354,-0.002268,0.00263046
0.0776367,0.0341797,-1.02905,0.00292347,-0.000655473,0.00256707
0.074707,0.0283203,-1.02441,0.00337232,-0.00115897,0.00302451
0.0742188,0.019043,-1.02832,0.00277176,-0.000611751,0.00295163
0.076416,0.0158691,-1.02563,0.00426285,-0.00163559,0.00184192
0.0788574,0.00878906,-1.03027,0.00312155,-0.00159618,0.00231683
0.0783691,0.00463867,-1.02905,0.00356562,-0.00207701,0.00278029
0.079834,0.00830078,-1.03271,0.00244112,-0.00202696,0.00219401
0.0803223,0.0109863,-1.03223,0.00290159,-0.000939536,0.00162185
0.0778809,0.0187988,-1.0293,0.00335096,-0.00195548,0.00314064
0.076416,0.0300293,-1.02344,0.00275092,-0.00190836,0.00254567
0.0788574,0.0351562,-1.02026,0.00372322,-0.00134308,0.00144575
0.0744629,0.0356445,-1.02759,0.00311421,-0.00183001,0.00141091
0.078125,0.0356445,-1.0271,0.00407775,-0.00334379,0.0018962
0.0751953,0.0246582,-1.02319,0.00190233,-0.00170534,0.000811931
0.0739746,0.0175781,-1.02661,0.00289507,-0.00166425,0.00131166
0.0773926,0.0129395,-1.03271,0.00230602,-0.00110485,0.00128005
0.0783691,0.00927734,-1.02954,0.00225045,-0.000558942,0.0017685
0.0786133,0.0078125,-1.02686,0.00219623,-0.00106476,0.00224517
0.0776367,0.0100098,-1.02832,0.0026626,-0.00103911,0.00271036
0.0805664,0.0124512,-1.02856,0.00311773,-0.00205265,0.00160647
0.0803223,0.0195312,-1.02783,0.00356189,-0.00200319,9.8903e-06
0.078125,0.0317383,-1.0293,0.0013989,-0.00143563,0.00104823
0.0761719,0.036377,-1.0271,0.00188448,-0.00295891,0.00154227
0.076416,0.0356445,-1.02612,0.000800492,-0.0163892,0.0015051
0.0732422,0.0300293,-1.0249,0.000781203,-0.0237836,0.000949544
0.0751953,0.0251465,-1.02515,0.00387812,-0.00970895,0.00196524
0.0761719,0.0224609,-1.02173,0.00326538,-0.00687854,0.0013986
0.0756836,0.0178223,-1.02661,0.00422528,-0.00567422,0.000326316
0.0759277,0.0158691,-1.021,0.00516205,-0.0159233,-0.000200837
0.0834961,0.0126953,-1.03467,-0.00327099,0.0545646,-0.000195998
0.0795898,0.0119629,-1.03027,-7.64262e-05,0.00184005,0.000847306
0.081543,0.0192871,-1.02612,0.00252187,0.0189323,-0.000730983
0.0805664,0.0219727,-1.03101,0.000903229,0.00133951,-0.000194078
0.0791016,0.0344238,-1.03271,0.00192005,-0.00492426,0.00240705
0.0773926,0.03125,-1.02637,0.00135449,-0.0167493,0.00234905
0.0830078,0.0390625,-1.02563,0.00184114,0.0303905,-0.00341975
0.0681152,0.0300293,-1.02466,0.000758196,-0.029541,0.00393272
0.0761719,0.00830078,-1.02295,0.00177851,0.0121948,0.000202924
0.0786133,0.00512695,-1.02637,-0.000341511,0.00618878,0.000198034
0.0744629,0.0090332,-1.02344,0.000186009,0.00967469,-0.000845319
0.078125,0.0166016,-1.02612,0.0017394,0.0109994,0.00125221
0.0820312,0.0144043,-1.02832,-0.000379677,-0.00172859,0.00226062
0.0810547,0.0239258,-1.02759,0.00118734,-0.000129064,0.00428331
0.0766602,0.0368652,-1.02441,0.000639443,0.000393337,0.00158364
0.0720215,0.0285645,-1.02441,0.0027012,-0.0177913,0.00206477
0.0751953,0.0290527,-1.021,0.00263611,-0.0158047,0.00149573
0.0791016,0.0124512,-1.02563,0.00413046,-0.00244163,0.00249827
0.0793457,0.015625,-1.02686,0.00143448,0.00488727,0.000360908
0.0810547,0.0129395,-1.02783,0.00088062,0.00373092,0.00191008
0.0744629,0.00512695,-1.03003,0.00137869,-0.00155188,-0.000213105
0.0812988,0.00170898,-1.0249,0.00238405,0.00627487,-0.00020797
0.0788574,0.0214844,-1.02563,0.000249443,0.000411472,0.0018742
0.0786133,0.0251465,-1.02319,0.000762722,0.0113067,0.00130975
0.0776367,0.0263672,-1.02759,0.00178292,-0.00142876,0.000758901
0.0759277,0.0307617,-1.021,0.00173996,0.0100301,0.000221323
0.0756836,0.0258789,-1.02881,0.00273662,0.0227706,-0.0003033
0.0773926,0.0175781,-1.0249,0.00422855,0.0336463,0.000223299
0.0830078,0.00805664,-1.03174,0.00308807,0.0094675,-0.000820663
0.0822754,0.00878906,-1.02734,0.000417208,-0.00633935,-0.000281598
0.0854492,0.00683594,-1.03027,-0.00167001,-0.0124181,-0.00131339
0.0849609,0.0244141,-1.02661,0.0144682,-0.0375641,-0.153434
-0.000244141,0.0266113,-1.0791,0.0357527,-0.103014,-0.126828
0.0681152,0.0244141,-1.03394,0.109184,-0.399933,-0.00444237
0.097168,0.013916,-0.986084,0.0644868,-0.213161,0.0743103
0.170654,0.032959,-0.982666,-0.0398072,0.109831,0.146145
0.140625,0.0437012,-1.00928,-0.115367,0.395576,0.137632
0.0871582,0.0297852,-1.04663,-0.129734,0.505191,0.0652644
0.0739746,0.0202637,-1.01416,-0.0451284,0.307777,0.00141087
0.115234,-0.0124512,-1.02246,0.0267068,0.264144,0.058879
0.119873,-0.0205078,-1.04077,0.0586336,0.354071,0.0987875
0.0927734,0.0505371,-1.04419,0.103863,0.373227,0.1371
0.104736,0.0559082,-1.07129,0.133661,0.103978,0.193503
0.180908,0.0251465,-1.07715,0.121955,-0.00936212,0.159448
0.195557,-0.000488281,-1.09106,0.0883782,0.0459083,0.0548638
0.147461,0.0065918,-1.12305,0.0633689,0.175744,-0.019632
0.0871582,0.03125,-1.15601,0.0346348,0.189047,-0.0270815
0.10376,-0.0227051,-1.18604,-0.140962,-0.138203,-0.0159072
0.0935059,-0.0351562,-1.19019,-0.201091,-0.26857,-0.0488981
0.0795898,-0.0219727,-1.19092,-0.250578,-0.314332,-0.0153751
0.0437012,0.0285645,-1.15649,-0.305917,-0.445232,0.0660382
0.0415039,0.0107422,-1.13403,-0.315495,-0.574003,0.0718914
0.0605469,-0.00927734,-1.10645,-0.304321,-0.66659,0.0724235
0.0402832,-0.0703125,-1.18579,-0.257495,-0.62881,0.0905153
0.0368652,-0.019043,-1.17603,-0.388927,-0.490993,0.230993
0.0373535,0.0144043,-1.11572,-0.465551,-0.504828,0.250681
0.0424805,-0.00537109,-1.13452,-0.395312,-0.571342,0.21769
0.0668945,-0.00708008,-1.10693,-0.376156,-0.599012,0.199598
0.0720215,0.0219727,-1.07983,-0.378817,-0.508021,0.182039
0.0698242,0.0661621,-1.0686,-0.38733,-0.368607,0.176185
0.0493164,0.0922852,-1.0542,-0.401698,-0.261653,0.161818
0.0334473,0.104492,-1.0647,-0.421386,-0.169597,0.166607
0.0322266,0.118164,-1.05371,-0.441606,-0.149909,0.157562
0.0275879,0.123535,-1.05322,-0.453845,-0.161616,0.13202
0.0400391,0.122803,-1.03467,-0.456505,-0.21057,0.111268
0.0446777,0.12085,-1.02344,-0.417661,-0.217487,0.0979649
0.0356445,0.131104,-1.00464,-0.329862,-0.171726,0.0724235
0.0114746,0.140381,-0.991211,-0.221843,-0.123304,0.031983
-0.0148926,0.141846,-0.988281,-0.120429,-0.104754,-0.00825379
-0.026123,0.128662,-0.989014,-0.0375564,-0.157794,-0.0449245
-0.0258789,0.102539,-0.983398,0.0289576,-0.256766,-0.0529062
-0.0180664,0.0739746,-0.972412,0.0752514,-0.315299,-0.0289612
-0.0217285,0.0620117,-0.962402,0.127398,-0.328602,0.00296559
-0.017334,0.0515137,-0.958496,0.169435,-0.312638,0.0327639
-0.0275879,0.0715332,-0.961182,0.211472,-0.267941,0.0375529
-0.048584,0.095459,-0.971924,0.234885,-0.243464,0.038085
-0.0539551,0.10083,-0.96582,0.229032,-0.284436,0.0316997
-0.0473633,0.0856934,-0.952148,0.234885,-0.34084,0.00456193
-0.0351562,0.0703125,-0.929199,0.24872,-0.388198,-0.0332181
-0.012207,0.0644531,-0.913818,0.269473,-0.394052,-0.06142
0.00195312,0.0766602,-0.903809,0.272665,-0.306253,-0.0459888
-0.000976562,0.114746,-0.900635,0.274794,-0.168968,-0.0289612
-0.0185547,0.141602,-0.908691,0.289693,-0.0710592,-0.056631
-0.0253906,0.139893,-0.920654,0.254573,-0.0077378,-0.0630164
-0.0288086,0.120605,-0.92749,0.180412,0.00179589,-0.056305
-0.0402832,0.0998535,-0.92041,0.126213,0.0105806,-0.0554675
-0.052002,0.0825195,-0.909668,0.107593,-0.00784957,-0.0499766
-0.0483398,0.0651855,-0.87915,0.125772,-0.0689367,-0.0440988
-0.0439453,0.0563965,-0.857422,0.191754,-0.116295,-0.0435667
-0.0334473,0.0515137,-0.869141,0.235919,-0.0806432,-0.0137684
-0.0236816,0.0600586,-0.887939,0.222616,0.0263114,0.0282685
-0.0280762,0.0754395,-0.939453,0.191222,0.142844,0.0426356
-0.0505371,0.0773926,-0.982422,0.134286,0.192331,0.0298649
-0.0588379,0.0668945,-0.99585,0.0806787,0.134209,0.0146051
-0.0493164,0.0539551,-1.00342,0.0387492,0.0504852,0.00230949
-0.0407715,0.0373535,-1.00195,-0.0229415,0.0108411,0.00588887
-0.0393066,0.00976562,-1.00366,-0.105475,0.0484881,0.021845
-0.0439453,0.00610352,-1.0105,-0.13513,0.0675721,0.032743
-0.0310059,0.0144043,-1.01147,-0.163031,0.0825611,0.0496099
-0.0195312,0.032959,-1.03101,-0.172609,0.116084,0.0602521
-0.0297852,0.0581055,-1.05884,-0.202939,0.177277,0.0671696
-0.0439453,0.0683594,-1.06714,-0.279031,0.200158,0.0746192
-0.0449219,0.0686035,-1.06836,-0.361509,0.148011,0.0634448
-0.0332031,0.0678711,-1.05151,-0.43494,0.0745794,0.0496099
-0.0200195,0.0622559,-1.03687,-0.506243,0.0341389,0.0421603
-0.0109863,0.078125,-1.03491,-0.61107,0.0554234,0.0480135
-0.0124512,0.09375,-1.04395,-0.683969,0.100653,0.064509
-0.0102539,0.107422,-1.07568,-0.784006,0.137369,0.0756834
-0.0131836,0.124268,-1.08545,-0.906392,0.143754,0.0820687
0.0129395,0.179443,-1.08252,-1.11019,0.119809,0.0613164
0.00708008,0.195801,-1.07642,-1.16819,0.127259,0.0224721
0.00463867,0.193359,-1.04761,-1.19639,0.0910749,-0.0089225
-0.000488281,0.191406,-1.03394,-1.20171,0.0527628,-0.0270143
0.00439453,0.195801,-1.02295,-1.18256,0.0506344,0.00438031
-0.00488281,0.21875,-1.03735,-1.15915,0.0809648,0.0166189
-0.0256348,0.237305,-1.04492,-1.17671,0.0788363,0.02194
-0.0266113,0.258789,-1.03931,-1.19693,0.0187076,0.0389676
-0.0310059,0.28833,-1.0166,-1.28579,-0.106871,0.0442888
-0.00805664,0.311523,-0.990967,-1.37305,-0.15955,0.0272612
0.0205078,0.332764,-0.961914,-1.52205,-0.135073,-0.0259501
0.0373535,0.355957,-0.947266,-1.66306,-0.017476,-0.0658585
0.00585938,0.38208,-0.973633,-1.93018,0.328929,-0.0488309
-0.017334,0.378906,-0.976074,-1.99988,0.405021,-0.00572983
-0.0300293,0.381104,-0.986816,-1.98552,0.394379,0.0251327
-0.0205078,0.409912,-1.00049,-1.9339,0.273057,0.0570595
0.0327148,0.519531,-0.974854,-2.03394,8.36798e-05,0.054931
0.0432129,0.525879,-0.928711,-2.22603,-0.0238614,-0.00519771
0.0488281,0.514404,-0.880127,-2.41121,0.0671299,-0.0408493
0.0490723,0.516357,-0.845947,-2.50007,0.195901,-0.0514915
0.00244141,0.522217,-0.824219,-2.21965,0.314562,0.00171975
0.0109863,0.564941,-0.832764,-1.96264,0.281039,0.0448209
0.00537109,0.616211,-0.818359,-1.78917,0.20069,0.0575916
0.0317383,0.659912,-0.80542,-1.72159,0.139497,0.0469493
0.0266113,0.704834,-0.776855,-1.79236,0.12513,-0.0275464
0.045166,0.709717,-0.763428,-1.9057,0.141626,-0.0126473
0.052002,0.71875,-0.734619,-2.0515,0.212397,-0.0142436
0.0454102,0.749268,-0.715576,-2.18133,0.318819,-0.0115831
0.0161133,0.73999,-0.649414,-2.32181,0.502398,-0.00839039
0.0178223,0.72583,-0.640625,-2.14409,0.467811,-0.0153079
0.0446777,0.769531,-0.650146,-1.85142,0.347553,0.02194
0.0598145,0.83374,-0.657959,-1.65082,0.292746,0.0432245
0.0351562,0.895996,-0.634033,-1.68753,0.124598,-0.0477667
0.0600586,0.88916,-0.605469,-1.88122,0.0687262,-0.0706476
0.0693359,0.852051,-0.550781,-2.10205,0.135772,-0.063198
0.0483398,0.799805,-0.510986,-2.14941,0.22836,-0.0323355
0.0148926,0.823975,-0.440674,-1.57898,0.176745,0.0575916
0.0144043,0.903076,-0.446289,-1.17245,0.00700114,0.0517383
0.0366211,0.976318,-0.469727,-0.953218,-0.165403,0.0182152
0.0581055,1.02905,-0.471191,-1.04315,-0.226596,-0.0195648
0.0722656,0.97168,-0.425537,-1.65295,-0.169128,-0.154721
0.0710449,0.909668,-0.376709,-1.83919,-0.113256,-0.175474
0.052002,0.877686,-0.354248,-1.8344,0.000615792,-0.137694
0.0131836,0.877197,-0.338379,-1.6737,0.0692583,-0.0669228
-0.0324707,0.909424,-0.305664,-1.19693,-0.252138,-0.00572983
-0.015625,0.933105,-0.290771,-1.00058,-0.477753,-0.00253715
0.0488281,0.990967,-0.269775,-0.904796,-0.646965,0.0112978
0.0891113,1.04517,-0.306152,-0.978759,-0.610781,0.0038482
0.119629,1.0144,-0.259033,-1.45766,-0.165935,-0.118006
0.0585938,0.982422,-0.225342,-1.60133,0.0729831,-0.183455
-0.0148926,0.933105,-0.240723,-1.6274,0.223039,-0.216979
-0.0405273,0.939453,-0.243652,-1.56994,0.1528,-0.180263
0.0124512,0.943115,-0.162354,-1.42786,-0.0914397,-0.0472346
0.0214844,0.955078,-0.128174,-1.30601,-0.105807,-0.0482988
0.0322266,0.96582,-0.0944824,-1.18256,-0.0568524,-0.0248859
0.0407715,1.01172,-0.0834961,-1.08305,0.0149828,-0.0216932
0.0600586,1.04077,-0.0761719,-1.16872,0.13258,-0.110024
0.0412598,1.00244,-0.0827637,-1.23737,0.21825,-0.140886
0.0136719,0.976318,-0.0522461,-1.23311,0.279443,-0.132373
-0.00244141,1.00415,-0.0666504,-1.11445,0.285296,-0.112152
-0.00146484,1,0.0144043,-0.981952,0.03946,-0.203144
0.0163574,0.956055,0.0585938,-0.843071,-0.0525955,-0.271254
0.0349121,0.945801,0.0742188,-0.597235,-0.0334394,-0.25263
0.0214844,0.970703,0.00415039,-0.362041,0.104378,-0.197822
-0.0153809,1.00586,-0.00561523,-0.375344,0.0884144,-0.137162
-0.00390625,1.01221,0.00610352,-0.337564,0.0011479,-0.134501
-0.00927734,0.980469,0.0397949,-0.319472,-0.00949435,-0.115877
-0.036377,0.924072,0.0979004,0.039704,-0.0435495,-0.0669228
-0.0336914,0.955322,0.078125,0.296182,-0.0776048,-0.0232895
-0.0183105,0.990967,0.0307617,0.395687,-0.0541918,0.0272612
0.0136719,1.00708,-0.00830078,0.336091,0.0176434,0.0703623
-0.0161133,1.02148,-0.0600586,0.219558,0.153864,0.0884541
-0.0285645,1.01318,-0.052002,0.306825,0.0128544,0.054931
-0.0126953,0.989258,-0.0109863,0.418568,-0.157422,0.0320502
-0.015625,0.962646,0.0415039,1.2194,-0.200523,0.0442888
0.00610352,0.988037,0.0100098,1.53175,-0.221275,0.0666375
-0.00439453,1.00293,-0.0527344,1.70788,-0.193605,0.0485457
0.0253906,0.980469,-0.107178,1.84889,0.029882,0.107078
0.00732422,0.975098,-0.130371,2.05375,0.0692583,0.0762155
0.00537109,1.01074,-0.221924,2.26553,0.0373316,0.0277933
0.015625,0.941162,-0.247803,2.15592,-0.136137,-0.0642622
0.0224609,0.895264,-0.243652,2.27458,-0.100486,-0.0722439
0.0205078,0.88916,-0.273926,2.47572,0.0176434,-0.0605374
-0.0239258,0.953125,-0.460449,2.51083,0.105442,-0.105235
-0.0373535,0.923828,-0.459229,2.31129,0.029882,-0.100978
-0.0185547,0.88501,-0.463867,2.12771,-0.0132191,-0.0722439
-0.00366211,0.785889,-0.526367,1.91221,0.230488,0.0794082
-0.0307617,0.787598,-0.545654,2.0314,0.269865,0.113995
-0.0395508,0.799072,-0.562256,2.20115,0.195901,0.14273
0.0522461,0.840088,-0.704102,2.37515,-0.00843012,0.0868578
0.0397949,0.814941,-0.718262,2.08142,0.138965,0.101225
0.036377,0.755371,-0.681152,1.82335,0.185259,0.0815366
0.0231934,0.653564,-0.718018,1.87017,0.274122,0.129427
0.00292969,0.637207,-0.747559,2.07557,0.245388,0.161354
-0.0317383,0.617188,-0.772705,2.2517,0.18047,0.192748
0.0600586,0.635986,-0.858643,2.46082,-0.118045,0.245427
0.0812988,0.651123,-0.883057,2.41984,-0.0909076,0.202858
0.0852051,0.624512,-0.89624,2.37302,-0.0648341,0.130491
-0.00268555,0.507568,-0.928467,2.36716,-0.261716,-0.0344639
0.00756836,0.456787,-0.912842,2.24904,-0.29045,-0.00360138
0.0310059,0.410889,-0.895508,2.16443,-0.252138,0.0277933
0.034668,0.361816,-0.971191,2.17773,-0.0573845,0.0586558
0.0266113,0.349609,-1.02686,2.20647,-0.0286504,0.0666375
0.0275879,0.328613,-1.03906,2.19529,-0.0515312,0.0538668
-0.00927734,0.332764,-1.0481,2.17454,-0.110064,0.0283254
-0.00952148,0.342529,-1.06738,2.07716,-0.17977,0.0522704
0.019043,0.29248,-1.01929,1.70096,-0.288321,0.0272612
0.0195312,0.227295,-1.00806,1.54611,-0.246284,0.0304538
0.00268555,0.17334,-1.00171,1.49663,-0.179238,0.0634448
-0.0175781,0.157471,-1.0498,1.5658,-0.205844,0.170399
0.00195312,0.168213,-1.04297,1.60252,-0.301092,0.181574
0.0109863,0.16333,-1.04321,1.64615,-0.370799,0.149647
0.00756836,0.137939,-1.03857,1.63551,-0.381441,0.118252
0.000488281,0.0942383,-1.03662,1.5972,-0.366542,0.120913
-0.0202637,0.029541,-1.04468,1.57911,-0.272358,0.198601
-0.0341797,0,-0.995117,1.71692,-0.313331,0.21829
-0.0253906,0.00537109,-1.02588,1.99735,-0.409643,0.231592
-0.0175781,0.0153809,-1.04858,2.04045,-0.350578,0.27629
-0.0078125,0.00854492,-1.06543,1.83292,-0.275019,0.261391
-0.0209961,0.0078125,-1.07007,1.53813,-0.199991,0.188491
-0.0424805,-0.0178223,-1.06104,1.18694,-0.113256,0.123574
-0.0515137,-0.0500488,-1.02563,0.902258,-0.0893112,0.0751513
-0.0456543,-0.0759277,-1.03296,0.720276,-0.0722836,0.035775
-0.045166,-0.112549,-1.00757,0.57767,-0.0430174,0.0112978
-0.0393066,-0.143311,-1.01831,0.518073,-0.0238614,-0.00572983
-0.0444336,-0.152588,-1.05054,0.460073,0.0266893,0.00757299
-0.0563965,-0.143555,-1.05225,0.365889,0.0804327,0.0230043
-0.0446777,-0.108887,-1.05811,0.281815,0.044249,0.0134262
-0.0356445,-0.0964355,-1.0708,0.118199,0.0421442,0.0021976
-0.046875,-0.110352,-1.05103,-0.0876921,0.0728054,-0.0103183
-0.0551758,-0.127441,-1.03467,-0.239344,0.0712091,-0.0257496
-0.046875,-0.140625,-1.00952,-0.294684,0.0408786,-0.0379882
-0.0402832,-0.141846,-1.0127,-0.270739,0.0275758,-0.0321349
-0.0427246,-0.127441,-1.0166,-0.222317,0.0291722,-0.0156395
-0.0458984,-0.109863,-1.02905,-0.195711,0.0334291,0.00670927
-0.0537109,-0.109131,-1.02148,-0.218592,0.0132088,0.00990195
-0.0566406,-0.120117,-1.00586,-0.261161,-0.0133968,0.00883772
-0.0390625,-0.117432,-0.991211,-0.285106,-0.00222247,0.0205442
-0.0209961,-0.110352,-0.994385,-0.257436,0.0360896,0.0162873
-0.0241699,-0.0869141,-1.02808,-0.222317,0.108457,0.00830561
-0.0334473,-0.0808105,-1.04297,-0.251051,0.168586,0.0152231
-0.0437012,-0.078125,-1.03271,-0.285106,0.170714,0.00724139
-0.0393066,-0.0820312,-1.02075,-0.27872,0.137723,-0.00340086
-0.0336914,-0.106934,-0.986816,-0.0326114,0.0575495,-0.0318799
-0.0402832,-0.111572,-0.973389,0.16914,0.0182546,-0.0342274
-0.0371094,-0.115967,-0.962158,0.397416,-0.0312319,-0.0432734
-0.0449219,-0.120117,-0.981201,0.615582,-0.045599,-0.02731
-0.0493164,-0.147217,-0.976074,0.805547,-0.0652871,0.00355254
-0.0415039,-0.158691,-0.993896,1.02797,-0.114774,0.0195159
-0.0332031,-0.158447,-1.03418,1.19718,-0.141911,0.0306903
-0.0200195,-0.149414,-1.04395,1.26476,-0.134462,0.0402683
-0.0180664,-0.1521,-1.04248,1.29669,-0.147232,0.0168554
-0.0256348,-0.211182,-1.02368,1.39034,-0.175434,-0.0102824
0.0429688,-0.270752,-0.941895,1.50953,-0.217471,-0.0193283
-0.0358887,-0.323486,-0.964844,1.76282,-0.158407,-0.0895672
-0.0466309,-0.345947,-0.967529,1.98152,-0.0674156,0.0285618
-0.0681152,-0.366943,-0.95459,2.38645,-0.158939,0.227572
-0.0415039,-0.377441,-0.922119,2.6839,-0.297288,0.242471
-0.0224609,-0.398926,-0.921631,3.08405,-0.434041,0.21959
-0.0422363,-0.407959,-0.947021,3.45547,-0.482995,0.196177
-0.147949,-0.460693,-0.937012,3.53422,-0.522904,0.154673
-0.140869,-0.500488,-0.881104,3.34958,-0.602721,0.141902
-0.0915527,-0.503418,-0.837646,3.22293,-0.669235,0.0886905
-0.0700684,-0.53833,-0.82373,3.08991,-0.622409,-0.00975027
-0.107666,-0.710205,-0.713135,2.91218,-0.502684,-0.0278421
-0.0876465,-0.784668,-0.676025,3.11119,-0.498959,0.0445252
-0.113281,-0.837891,-0.714355,3.43631,-0.431913,0.163186
-0.116455,-0.801514,-0.717773,3.74547,-0.420738,0.301536
-0.177979,-0.719238,-0.75415,3.71727,-0.49417,0.264288
-0.148682,-0.763428,-0.655518,3.32137,-0.642629,0.171168
-0.106934,-0.782471,-0.563477,2.90633,-0.622941,0.0583601
-0.107422,-0.792236,-0.499512,2.55513,-0.43617,-0.0469982
-0.119629,-0.84375,-0.301758,2.38326,-0.297288,-0.210357
-0.11499,-0.915283,-0.285645,2.47957,-0.199379,-0.237494
-0.0827637,-0.951172,-0.358643,2.53119,0.0847686,-0.164063
-0.116455,-0.951416,-0.449707,2.42689,0.457247,-0.0640258
-0.18457,-0.93335,-0.498535,1.90489,0.606771,0.0131306
-0.138672,-0.923584,-0.408447,1.70961,0.343375,-0.046466
-0.145508,-0.935547,-0.348877,1.72344,0.077319,-0.163531
-0.13208,-0.949951,-0.276855,1.78836,-0.0993423,-0.22366
-0.115479,-0.991699,-0.16333,2.02621,-0.0876358,-0.24388
-0.136719,-1.0415,-0.192139,2.15552,0.0384748,-0.173109
-0.104492,-1.04688,-0.19873,2.20447,0.111374,-0.0422091
-0.0881348,-1.02588,-0.219727,2.21884,0.158732,0.0328187
-0.101074,-1.0022,-0.268311,2.13689,0.247063,0.0588922
-0.125244,-1,-0.294189,1.93682,0.305595,0.090819
-0.123779,-0.976074,-0.22876,1.79049,0.182145,0.0833694
-0.144531,-0.988525,-0.169434,1.80006,0.0102729,0.01047
-0.153564,-0.998779,-0.101807,1.87829,-0.179159,-0.0203925
-0.106934,-1.01953,0.0915527,2.17946,-0.469693,0.062617
-0.065918,-0.986084,0.155518,2.29493,-0.419674,0.0264334
-0.0256348,-0.950195,0.119873,2.33431,-0.23982,0.000891978
-0.0344238,-0.95459,0.110352,2.22629,-0.00781896,-0.036888
-0.145508,-0.938965,-0.00195312,1.91766,0.225246,-0.0932919
-0.162109,-0.92334,-0.00634766,1.60159,0.134787,-0.0821176
-0.138916,-0.946777,0.0307617,1.3483,-0.0897643,-0.119365
-0.114746,-0.994629,0.164062,1.18228,-0.282921,-0.166723
-0.0910645,-0.959717,0.277588,1.30041,-0.322297,-0.180558
-0.0292969,-0.929932,0.337646,1.32489,-0.204168,-0.234834
-0.0629883,-0.88208,0.240723,1.30626,0.0187867,-0.368926
-0.081543,-0.887207,0.192139,1.11258,0.0650805,-0.257715
-0.140137,-0.920654,0.165527,0.442114,-0.017397,-0.140118
-0.116455,-0.947998,0.196533,0.171268,-0.189801,-0.114044
-0.0913086,-0.96167,0.249023,0.0488825,-0.320701,-0.0629615
-0.106201,-1.00269,0.301758,0.0504788,-0.364334,-0.0102824
-0.0161133,-0.949951,0.338623,0.440517,-0.127012,0.0381399
-0.0634766,-0.936035,0.27832,0.517674,0.0257041,-0.0065576
-0.104492,-0.943359,0.260986,0.476701,0.0682731,-0.0113466
-0.11084,-0.938477,0.273926,0.411783,-0.00781896,0.01047
-0.0895996,-0.936768,0.300537,0.360168,-0.092957,0.0455894
-0.0786133,-0.928955,0.323975,0.310682,-0.119563,0.0487821
-0.0722656,-0.926025,0.330078,0.253746,-0.0876358,0.0439931
-0.0615234,-0.931152,0.361084,0.18999,-0.0538474,0.0148913
-0.0927734,-0.918213,0.295654,0.0904852,0.0892909,-7.82125e-06
-0.110107,-0.927734,0.289307,0.0233935,0.061694,0.00570456
-0.0839844,-0.930176,0.309326,-0.064411,0.016587,0.0310123
-0.108887,-0.896973,0.265625,-0.349091,0.0442569,-0.0237953
-0.101807,-0.935303,0.306396,-0.451257,-0.0547161,-0.0344375
-0.0549316,-0.953857,0.369141,-0.436358,-0.125487,-0.0381623
-0.0883789,-0.921875,0.278076,-0.28843,0.0793763,-0.00410709
-0.0986328,-0.907471,0.231689,-0.404431,0.0767157,0.00600305
-0.0974121,-0.915771,0.204346,-0.57045,0.0384036,0.0161132
-0.0847168,-0.833496,0.0834961,-1.17227,-0.161671,-0.0418871
-0.105957,-0.805908,0.0148926,-1.65223,-0.226056,-0.0823276
-0.139893,-0.857178,-0.0195312,-2.35303,-0.284057,-0.100952
-0.130127,-1.17749,0.131592,-3.51729,-0.700169,0.2396
-0.0246582,-1.08667,0.145264,-3.43588,-0.767215,0.35028
0.0527344,-0.973389,0.098877,-3.27943,-0.645893,0.372097
0.0703125,-0.889404,-0.00244141,-3.29221,-0.271818,0.326867
-0.0551758,-0.921631,-0.205566,-3.76313,0.326809,0.067196
-0.149902,-1.00659,-0.289551,-4.06696,0.392791,-0.000914411
-0.177979,-1.08301,-0.322998,-4.35377,0.335855,0.081563
-0.147949,-1.11816,-0.328857,-4.57034,0.296478,0.1816
-0.0454102,-1.03442,-0.321045,-4.56236,0.350222,0.265142
-0,-0.971924,-0.30127,-4.19733,0.329469,0.19171
0.00512695,-0.909912,-0.354492,-3.61945,0.385341,0.0703887
-0.0251465,-0.889404,-0.45166,-3.03626,0.509323,-0.0434834
-0.164551,-0.89624,-0.669922,-2.37378,0.59925,-0.0243274
-0.178223,-0.882568,-0.718994,-2.39772,0.50347,0.112426
-0.154053,-0.834229,-0.746338,-2.48393,0.333194,0.226298
-0.106201,-0.784912,-0.719482,-2.51851,0.0926791,0.281105
0.00170898,-0.693359,-0.629395,-2.21681,-0.288846,0.102315
-0.0256348,-0.695557,-0.648193,-2.04813,-0.179762,0.0038746
-0.059082,-0.701904,-0.656982,-1.96192,-0.0462023,-0.0493367
-0.0915527,-0.682861,-0.709229,-1.93585,0.0751194,-0.0711533
-0.117676,-0.671387,-0.839111,-2.26204,0.271469,0.00493883
-0.110107,-0.661133,-0.846436,-2.52543,0.311909,0.101251
-0.100586,-0.630127,-0.843018,-2.68613,0.300203,0.140095
-0.0705566,-0.589111,-0.823975,-2.69571,0.162386,0.0773061
-0.0600586,-0.585205,-0.855713,-2.57864,-0.021193,-0.154695
-0.0996094,-0.608643,-0.876709,-2.57705,-0.016404,-0.171723
-0.130371,-0.623535,-0.89209,-2.61802,0.0538349,-0.093502
-0.188232,0.188232,0.188232,0.412362,-0.412828,-0.40532
-0.0617676,-0.435059,-0.977051,-2.72497,0.231028,0.127325
-0.0603027,-0.386719,-0.971924,-2.81224,0.30712,0.129453
-0.0812988,-0.36499,-0.93335,-2.72923,0.249652,0.0608106
-0.0639648,-0.34668,-0.891357,-2.45094,0.0389358,-0.0567862
-0.0878906,-0.308594,-0.955078,-1.91723,-0.0658904,-0.162677
-0.11499,-0.31543,-0.970947,-1.79271,-0.0557803,-0.0908414
-0.0952148,-0.299316,-0.952881,-1.71024,-0.123359,-0.00251075
-0.0598145,-0.24292,-0.973877,-1.58253,-0.0935603,0.0682602
-0.0563965,-0.1521,-1.01929,-1.55912,0.0490459,0.0847557
-0.0444336,-0.117188,-0.998779,-1.59317,0.0756515,0.0320766
-0.0498047,-0.0737305,-0.989014,-1.54688,0.0974681,-0.036566
-0.0515137,-0.0820312,-1.00415,-1.46919,0.103321,-0.124897
-0.059082,-0.132324,-1.0166,-1.08181,-0.0116149,-0.286659
-0.0959473,-0.123535,-1.07471,-0.848213,-0.0855786,-0.290384
-0.0915527,-0.141113,-1.04639,-0.805644,-0.105267,-0.218548
-0.107178,-0.111816,-1.01587,-0.763075,-0.171249,-0.150438
-0.0749512,-0.10498,-0.917236,-0.449128,-0.271818,-0.0195384
-0.0605469,-0.0939941,-0.940918,-0.249054,-0.152625,0.00440671
-0.0844727,-0.0812988,-0.942139,-0.0363752,-0.109481,0.0152056
-0.0895996,-0.0446777,-0.992676,0.245644,-0.0748937,0.0902335
-0.0776367,-0.0253906,-1.00488,0.314287,-0.103628,0.097151
-0.0766602,-0.0065918,-1.02539,0.310562,-0.0881965,0.0854445
-0.0717773,0.0131836,-1.02417,0.16287,-0.0460859,0.0620947
-0.0700684,-0.0500488,-0.989746,-0.272398,0.128447,-0.0331535
-0.0722656,-0.0563965,-0.985107,-0.282508,0.182723,-0.0203828
-0.0708008,-0.0422363,-0.997803,-0.258563,0.215713,-0.0177222
-0.0773926,-0.0375977,-1.02563,-0.230893,0.21731,-0.026236
-0.0793457,-0.0336914,-1.03418,-0.223975,0.200282,-0.0203828
-0.0666504,-0.0263672,-1.0354,-0.204287,0.141218,-0.0187864
-0.0617676,-0.015625,-1.06323,-0.200563,0.106098,-0.0230433
-0.0583496,-0.0090332,-1.06396,-0.269737,0.109291,-0.0198507
-0.078125,-0.00415039,-1.05029,-0.445334,0.0677862,-0.0650802
-0.0734863,-0.0244141,-1.02588,-0.508124,0.0252172,-0.0868968
-0.0625,-0.0314941,-1.01074,-0.508656,0.0310704,-0.078383
-0.0478516,0.00244141,-1.0188,-0.468747,0.0832175,-0.0539059
-0.0568848,0.0488281,-1.0415,-0.452784,0.157181,-0.0507132
-0.0605469,0.0537109,-1.07593,-0.570913,0.0938597,-0.145429
-0.0510254,0.0275879,-1.05737,-0.677867,0.0486302,-0.153943
-0.0405273,0.0168457,-1.04077,-0.739593,0.0629972,-0.139044
0.941406,-0.941406,-0.941406,-2.05285,2.0531,2.05486
-0.0876465,0.0187988,-1.052,-0.863575,0.0885386,-0.0799794
-0.0871582,0.0126953,-1.04688,-0.845483,0.0140428,-0.054438
-0.0856934,0.0175781,-1.03247,-0.844419,-0.0423611,0.00462652
-0.0695801,0.0222168,-1.02466,-0.851868,-0.0599208,0.0929572
-0.0471191,0.0578613,-1.03345,-0.823134,-0.056196,0.141912
-0.029541,0.124756,-1.06958,-0.815685,0.00127213,0.157875
-0.020752,0.208984,-1.08423,-0.847611,0.0214924,0.136058
-0.0183105,0.276855,-1.12183,-0.940199,0.00552903,0.0573057
-0.0336914,0.27002,-1.11499,-1.21637,-0.0311867,-0.064016
1.00415,-1.00415,-1.00415,-2.1896,2.18985,2.19161
-0.0263672,0.211914,-1.06152,-2.00176,0.0518228,-0.186934
-0.0585938,0.172852,-1.02588,-2.31465,0.193365,-0.218861
-0.0849609,0.13916,-1.01367,-2.47055,0.296595,-0.204494
-0.102539,0.141602,-1.02466,-2.43969,0.3232,-0.121484
-0.0957031,0.167236,-1.04419,-2.3072,0.291806,-0.0177222
-0.0861816,0.227539,-1.03589,-2.12947,0.18219,0.0487919
-0.0693359,0.311279,-1.04248,-1.98686,0.0491623,0.0573057
-0.0402832,0.406494,-1.05029,-1.98154,-0.0902512,0.0328285
-0.00830078,0.470215,-1.02002,-2.16353,-0.214766,0.0227183
-0.00537109,0.471191,-0.968994,-2.45512,-0.19561,0.0142045
-0.0107422,0.450928,-0.934814,-2.70149,-0.105682,0.0344248
-0.0166016,0.433594,-0.871826,-2.84942,0.0124465,0.0482597
-0.0214844,0.438721,-0.839111,-2.77812,0.100777,0.0615626
-0.0424805,0.471436,-0.822754,-2.55569,0.132704,0.0610304
-0.0322266,0.560303,-0.849121,-2.30134,0.100777,0.0466634
-0.0283203,0.622314,-0.876465,-2.24494,0.03852,0.0179293
-0.00219727,0.645752,-0.849854,-2.3918,0.0039327,0.0104798
0.0197754,0.688721,-0.859131,-2.64668,0.0422448,-0.0198507
-0.00634766,0.662354,-0.812256,-3.12984,0.255622,-0.031025
-0.0124512,0.599609,-0.735596,-3.44219,0.435476,-0.00122672
-0.0280762,0.585205,-0.696777,-3.40548,0.583935,0.0440028
-0.0493164,0.610107,-0.67334,-3.12559,0.658431,0.0503882
-0.0610352,0.713867,-0.687256,-2.68393,0.534981,0.0429386
-0.0380859,0.821533,-0.714844,-2.43756,0.37854,0.0264431
0.000976562,0.890381,-0.740967,-2.45885,0.197622,-0.031025
0.0219727,0.895752,-0.683838,-2.73555,0.099713,-0.0911537
0.0339355,0.873291,-0.594482,-3.033,0.168355,-0.108181
0.0314941,0.8479,-0.525635,-3.14634,0.263604,-0.110842
0.000244141,0.826172,-0.50293,-3.12559,0.425366,-0.108181
-0.0366211,0.833496,-0.503906,-2.91487,0.499862,-0.0650802
-0.0615234,0.852051,-0.477783,-2.60039,0.420045,-0.0586949
-0.0778809,0.888916,-0.454102,-2.17683,0.152392,-0.137448
-0.0488281,0.920898,-0.4104,-1.82457,-0.166875,-0.195448
-0.0195312,0.92627,-0.364014,-1.65217,-0.340344,-0.239613
0.0175781,0.948975,-0.318115,-1.60108,-0.344069,-0.242274
0.0410156,0.971924,-0.297607,-1.64046,-0.148252,-0.228971
0.0700684,1.01807,-0.275879,-1.70538,0.071511,-0.238017
0.0539551,1.01636,-0.287109,-1.78626,0.338632,-0.283778
0.0114746,0.97168,-0.302979,-1.86554,0.563183,-0.299742
-0.0498047,0.90625,-0.304932,-1.8847,0.650982,-0.294421
-0.0964355,0.879639,-0.29541,-1.82085,0.572229,-0.259833
-0.102295,0.883545,-0.280029,-1.73305,0.414191,-0.207686
-0.0869141,0.915527,-0.269287,-1.65908,0.256686,-0.166182
-0.0673828,0.942383,-0.246582,-1.65695,0.139621,-0.134255
-0.0480957,0.949463,-0.218262,-1.69846,0.0598045,-0.123613
-0.0385742,0.945312,-0.17627,-1.74103,0.0172355,-0.133191
-0.0383301,0.939697,-0.1521,-1.76072,0.0614009,-0.116163
-0.0368652,0.942383,-0.131592,-1.77562,0.164631,-0.0714656
-0.0478516,0.920166,-0.106934,-1.77029,0.29287,-0.0241076
-0.052002,0.908203,-0.0900879,-1.64684,0.342888,0.0285716
-0.0310059,0.96582,-0.0498047,-1.38079,0.248172,0.0615626
-0.0512695,0.996582,-0.00708008,-1.0977,0.110887,-0.00548362
-0.0830078,1.02759,0.0524902,-0.834309,-0.0428932,-0.0746583
-0.067627,1.04053,0.050293,-0.62572,-0.149316,-0.0698692
-0.026123,1.03662,0.0419922,-0.571445,-0.199866,-0.0704013
-0.00390625,1.04614,0.036377,-0.602307,-0.117921,-0.0815757
0.0153809,1.04565,0.032959,-0.673078,0.0321347,-0.097007
0.0273438,1.04175,0.0444336,-0.672546,0.180062,-0.136383
-0.0219727,1.00171,0.0263672,-0.573573,0.343953,-0.176292
-0.102051,1.00171,-0.046875,-0.377224,0.367366,-0.0821078
-0.0983887,1.0415,-0.065918,-0.38893,0.19975,-0.0608233
-0.09375,1.02856,-0.0336914,-0.486307,0.0182997,-0.0842363
-0.0871582,0.991699,0.0219727,-0.526215,-0.14027,-0.108713
-0.0693359,1.02002,0.0551758,-0.273462,-0.238179,-0.0406031
-0.0456543,1.04346,0.059082,-0.337848,-0.222215,-0.0129332
-0.0375977,1.02539,0.0637207,-0.429903,-0.180178,-0.0198507
-0.0383301,0.976562,0.0715332,-0.401701,-0.098765,-0.00707996
-0.0791016,0.994873,0.0891113,-0.253242,-0.0588566,0.0434707
-0.0593262,0.983887,0.116943,-0.184067,-0.15038,0.0291037
-0.0361328,0.968506,0.122803,0.244816,0.0486302,0.0594341
-0.048584,0.977783,0.0895996,0.303348,0.17953,0.104664
-0.0410156,0.979736,0.0700684,0.374651,0.200282,0.131269
-0.0629883,0.910156,0.106201,1.23082,-0.0381042,0.139251
-0.0761719,0.917236,0.0930176,1.69482,-0.0742878,0.158939
-0.0759277,0.945312,0.0249023,2.02526,-0.0625814,0.181288
-0.00341797,1.08618,-0.145752,2.07901,0.085878,0.214811
-0.0180664,1.08105,-0.170654,1.9529,0.0592724,0.113177
-0.0129395,1.04565,-0.175537,1.82306,-0.0402326,0.0253789
-0.00805664,0.875977,-0.11792,1.94119,0.268393,0.101471
-0.0407715,0.896484,-0.198486,2.27589,0.408338,0.159471
-0.0930176,0.914307,-0.266602,2.46053,0.475917,0.221728
-0.0441895,0.922363,-0.338135,3.06714,0.0151071,0.282389
-0.0253906,0.995361,-0.420166,3.28477,-0.093976,0.248334
-0.00927734,1.04541,-0.506348,3.23529,-0.250417,0.167985
0.0161133,0.915283,-0.51416,2.13169,-0.270637,-0.0778509
0.000244141,0.823242,-0.466553,1.9529,-0.084398,-0.0352819
-0.0124512,0.741211,-0.440674,2.11892,0.0651256,0.0514524
-0.0371094,0.830078,-0.707275,3.18261,-0.00883801,0.192462
-0.0322266,0.827148,-0.737549,3.09002,-0.181242,0.164792
-0,0,0,-0.00102032,0.00127213,0.00303018
0.00585938,0.675781,-0.793945,2.72127,-0.172729,-0.0267681
-0.0332031,0.634277,-0.824219,2.7947,-0.212637,-0.0709335
-0.0529785,0.60376,-0.829346,2.84525,-0.297243,-0.0746583
-0.0270996,0.583008,-0.881104,2.88782,-0.33183,-0.0155938
-0.0168457,0.557129,-0.905029,2.82716,-0.346197,-0.0475205
-0.00830078,0.54248,-0.923584,2.70956,-0.306289,-0.0831721
-0.0134277,0.504639,-0.908691,2.57653,-0.246692,-0.118291
-0.0332031,0.442383,-0.928955,2.55844,-0.216362,-0.122548
-0.0800781,0.378174,-0.971436,2.48395,-0.201995,-0.0986033
-0.074707,0.326904,-0.967285,2.32963,-0.205188,-0.0831721
-0.0532227,0.275391,-0.936768,2.2131,-0.195077,-0.068805
-0.0446777,0.253906,-1.00342,2.21949,0.00446481,0.0264431
-0.0478516,0.292969,-1.0647,2.17106,0.0544834,0.0275074
-0.0617676,0.269287,-1.0564,1.96301,0.03852,-0.00814419
-0.0795898,0.228027,-1.03491,1.73473,-0.0125628,-0.0379425
-0.0778809,0.183838,-1.01294,1.55328,-0.0407648,-0.0363462
-0.0739746,0.0625,-0.938477,1.47932,-0.00937012,0.0173972
-0.0678711,0.0192871,-0.911621,1.62033,0.0603366,0.0998747
-0.0559082,-0.0078125,-0.920654,1.88904,0.154521,0.207361
-0.0373535,-0.00585938,-1.00342,2.53077,0.309897,0.388812
-0.0322266,0.0466309,-1.10425,2.69147,0.40621,0.496831
-0.0532227,0.109619,-1.18433,2.62655,0.382797,0.486188
-0.0532227,0.150391,-1.22339,2.31952,0.204007,0.405307
-0.0354004,0.127686,-1.18823,1.79646,0.0039327,0.271215
-0.0214844,0.0725098,-1.1228,1.23987,-0.124839,0.132866
-0.0268555,-0.0175781,-1.04785,0.782249,-0.117389,0.0482597
-0.0297852,-0.0898438,-1.01221,0.541735,-0.0732236,0.00888342
-0.057373,-0.142822,-1.00781,0.470431,0.0156392,0.0376175
-0.0725098,-0.176514,-0.972412,0.522046,0.0512907,0.117966
-0.0534668,-0.148193,-0.969727,0.735956,-0.0194803,0.177563
-0.0412598,-0.116211,-0.982666,0.945076,-0.0444895,0.187673
-0.00878906,-0.067627,-1.01465,1.05788,-0.0423611,0.178095
0.00439453,-0.0371094,-1.0835,0.987645,0.0502265,0.153086
-0.0124512,-0.0197754,-1.13013,0.741277,0.125786,0.112113
-0.0317383,-0.0224609,-1.15942,0.397,0.111952,0.0658195
-0.0234375,-0.0944824,-1.05542,-0.303792,-0.032251,-0.0656123
-0.0195312,-0.134766,-1.00073,-0.415536,-0.0173518,-0.0996675
-0.0358887,-0.166748,-0.984863,-0.346893,0.0369237,-0.092218
-0.0529785,-0.181152,-0.98584,-0.15159,0.0635563,-0.0468947
-0.0539551,-0.163818,-1.01245,0.0769156,0.0272324,0.00772219
-0.0534668,-0.117676,-1.03589,0.233357,-0.0185293,0.0625298
-0.046875,-0.0778809,-1.04932,0.249852,-0.0632267,0.0827501
-0.0280762,-0.059082,-1.04443,0.171632,-0.126016,0.0518875
-0.00512695,-0.0656738,-1.03711,0.0288453,-0.128692,0.00442037
-0.00952148,-0.109131,-1.00317,-0.219651,-0.0286545,-0.091892
-0.0283203,-0.148682,-0.992432,-0.23189,0.0181714,-0.134993
-0.0366211,-0.172852,-0.998779,-0.160587,0.0644652,-0.125947
-0.048584,-0.176758,-1.01758,-0.0570134,0.0982236,-0.082927
-0.0490723,-0.139404,-1.06494,0.0930424,0.0263884,-0.00257797
-0.0256348,-0.123779,-1.0481,0.0887232,-0.0485061,0.00994713
-0.00512695,-0.106445,-1.02271,0.0678908,-0.0831683,-0.0230079
0.000976562,-0.110352,-1.00684,0.0345782,-0.0494875,-0.0582845
-0.036377,-0.14917,-0.992432,-9.11788e-06,0.0893939,-0.0534955
-0.0483398,-0.172607,-0.965088,0.12514,0.0498509,-0.0553222
-0.045166,-0.197754,-0.963867,0.35182,-0.0246449,-0.0569185
-0.0429688,-0.2146,-0.965576,0.596592,-0.0560395,-0.0255239
-0.0332031,-0.225098,-0.970947,1.04889,-0.0283697,0.0957978
-0.026123,-0.227295,-0.978271,1.3059,-0.0512505,0.117082
-0.0231934,-0.228516,-0.98584,1.5379,-0.0789203,0.105376
-0.0231934,-0.240723,-0.971191,1.72361,-0.0863699,0.0926051
-0.0229492,-0.273193,-0.948975,2.11631,-0.0943516,0.0207699
-0.0253906,-0.307373,-0.920898,2.31265,-0.082113,-0.00157883
0.0183105,-0.342773,-0.885254,2.58137,-0.0672139,-0.0100926
-0.0632324,-0.398682,-0.920654,2.85967,-0.00229615,-0.0521295
-0.072998,-0.419434,-0.931396,3.07145,0.0418692,0.0340727
-0.0864258,-0.454834,-0.949219,3.22948,-0.0198559,0.0830271
-0.0754395,-0.471924,-0.933105,3.34655,-0.178958,0.0862197
-0.0541992,-0.477783,-0.93335,3.41253,-0.269417,0.0415223
-0.0214844,-0.491699,-0.914551,3.37049,-0.338059,-0.0606433
-0.0209961,-0.484375,-0.88916,3.24066,-0.356683,-0.192607
-0.0163574,-0.531494,-0.821289,2.99589,-0.311986,-0.305947
-0.0314941,-0.5979,-0.756348,2.8022,-0.221527,-0.42248
-0.0761719,-0.698242,-0.741455,2.73888,-0.114572,-0.512939
-0.104492,-0.763184,-0.716553,2.79156,-0.106058,-0.502829
0.941406,-0.941406,-0.941406,-2.05812,2.05485,2.06089
-0.0161133,-0.755371,-0.591797,3.21139,-0.348701,-0.316589
-0.0290527,-0.799561,-0.606201,3.42849,-0.231105,-0.313929
-0.0561523,-0.888916,-0.648438,3.48383,-0.0549753,-0.253268
-0.043457,-0.913818,-0.64209,3.49288,-0.000699808,-0.119176
-0.078125,-0.864014,-0.595703,3.46095,0.138714,-0.117579
-0.0727539,-0.879639,-0.55127,3.27365,0.10253,-0.11279
0.00537109,-0.908447,-0.465332,3.07836,0.0290985,-0.0936343
0.00756836,-0.945557,-0.385986,3.07145,0.0466582,-0.0856526
-0.0322266,-0.997314,-0.394531,3.15073,0.608569,0.125596
-0.064209,-1.04541,-0.391846,3.05814,0.617083,0.203285
-0.0683594,-1.03784,-0.379639,2.98791,0.485119,0.305982
0.0112305,-0.984375,-0.207764,2.89106,0.180218,0.39857
-0.00488281,-0.993408,-0.0898438,2.8602,0.175429,0.326735
-0.0180664,-1.02051,-0.00146484,2.85168,0.321228,0.320881
0.0324707,-0.98584,-0.0427246,2.92352,0.519706,0.339505
-0.101807,-0.91333,-0.163574,2.49517,0.771928,0.193706
-0.133789,-0.947998,-0.11377,2.3084,0.428183,0.122403
-0.0925293,-0.946777,-0.036377,2.08119,0.0706033,0.0675958
0.941406,-0.941406,-0.941406,-2.05812,2.05485,2.06089
-0.0302734,-0.939697,0.0566406,1.81832,-0.0140026,-0.0249918
-0.0615234,-0.955811,0.0820312,1.73372,-0.000699808,-0.0457442
-0.0805664,-0.965576,0.081543,1.72201,-0.109251,-0.0574506
-0.0942383,-0.991943,0.126221,1.70764,-0.261435,-0.0388267
-0.0539551,-1.02417,0.202393,1.74276,-0.450867,-0.0388267
-0.0397949,-1.02979,0.217529,1.98594,-0.427986,-0.114387
-0.0915527,-0.977539,0.196289,2.02159,-0.4365,0.0101277
-0.108643,-0.938232,0.256104,1.82684,-0.526427,0.124
-0.0300293,-0.907471,0.29248,1.61186,-0.612097,0.131449
-0.050293,-0.850342,0.255859,1.03399,-0.413619,0.122403
-0.0549316,-0.829102,0.285156,0.665766,-0.407234,0.150605
-0.0593262,-0.895996,0.379639,0.373637,-0.479069,0.104844
-0.0234375,-0.944824,0.456055,0.310315,-0.523234,0.0713206
0.0222168,-0.918701,0.430664,0.554555,-0.271545,0.0266231
-0.0349121,-0.89209,0.334961,0.602445,-0.126278,0.011724
-0.0634766,-0.88916,0.302979,0.431105,-0.113508,0.0431186
-0.0283203,-0.892334,0.352295,0.149617,-0.190664,0.0606783
0.0185547,-0.936768,0.448486,0.0506444,-0.0523147,0.00161385
-0.00366211,-0.929688,0.4021,0.189526,0.0434655,-0.0202028
-0.0205078,-0.90625,0.353516,0.195911,0.129136,-0.0090284
-0.0683594,-0.911133,0.307129,-0.0696131,0.0583647,0.0186415
-0.0310059,-0.936768,0.39209,-0.169118,-0.109251,0.0372654
0.00244141,-0.933105,0.426514,-0.132847,-0.129467,0.0592162
0.0102539,-0.906982,0.420166,-0.0771975,-0.0250857,0.0681751
-0.0483398,-0.890869,0.34375,-0.0942251,0.07708,-0.0095133
-0.0498047,-0.902344,0.351318,-0.150634,0.0212164,-0.0108419
-0.0214844,-0.889893,0.346436,-0.196928,-0.0410408,-0.0177594
-0.0100098,-0.910156,0.345215,-0.501297,-0.037316,-0.0619247
-0.0229492,-0.922363,0.323486,-0.518324,-0.0165636,-0.082145
-0.0268555,-0.908936,0.28418,-0.563022,-0.00592135,-0.0704385
-0.0212402,-0.907715,0.266357,-1.21486,-0.231005,-0.049154
-0.0168457,-0.955566,0.296631,-1.42504,-0.290069,-0.0550073
-0.010498,-1.00464,0.333984,-1.50486,-0.271446,-0.0257411
-0.0351562,-0.955811,0.187256,-1.19996,-0.109151,0.0205527
-0.0456543,-0.902832,0.0944824,-1.37396,-0.101702,0.0471583
-0.0256348,-0.835938,-0.0229492,-1.84435,-0.0639216,0.0849383
0.00292969,-0.950195,0.10498,-4.2048,-0.133096,-0.227412
0.0109863,-1.06348,0.168213,-4.16862,-0.341152,-0.412055
-0.0134277,-1.14673,0.111816,-3.82168,-0.338492,-0.490807
-0.0263672,-1.07593,-0.200195,-3.48006,0.120721,-0.0049887
0.0319824,-1.00757,-0.260986,-3.78975,0.333566,0.157838
0.13623,-0.90625,-0.226807,-4.0292,0.380392,0.101966
-0.015625,-0.98877,-0.38916,-4.00632,0.618779,-0.459413
-0.0620117,-1.00806,-0.462891,-4.01696,0.599623,-0.396091
-0.0705566,-1.03223,-0.498535,-3.98344,0.406466,-0.303504
0.0476074,-0.867188,-0.547363,-3.41302,-0.183647,0.0636538
0.125977,-0.769775,-0.525146,-3.17995,-0.17939,0.0711034
0.128174,-0.676025,-0.62793,-2.93199,-0.0527473,-0.086934
0.000976562,-0.710693,-0.821289,-3.88606,0.432007,-0.348201
0.0234375,-0.706055,-0.781494,-4.10157,0.358576,-0.321596
0.0690918,-0.676758,-0.766357,-3.943,0.223951,-0.331706
0.019043,-0.663086,-0.835449,-2.68721,0.18085,-0.154512
0.0151367,-0.59668,-0.861572,-2.34613,0.0994369,-0.0885304
0.048584,-0.505127,-0.912109,-2.09976,-0.0671143,-0.0906588
0.0893555,-0.4104,-0.923096,-2.13541,-0.130968,-0.196017
0.0566406,-0.427734,-0.972168,-2.16574,-0.0389123,-0.194421
0.0422363,-0.425781,-0.979248,-2.18596,-0.0617932,-0.169944
0.050293,-0.349121,-0.957031,-2.00292,-0.35073,-0.0981084
0.0874023,-0.315186,-0.952393,-1.84328,-0.408198,-0.134292
0.0893555,-0.310791,-0.963379,-1.65651,-0.419905,-0.158769
0.0378418,-0.269287,-1.04028,-1.54849,-0.185243,-0.0172273
0.0336914,-0.225586,-1.00708,-1.56552,-0.1895,0.007782
0.034668,-0.199707,-1.01416,-1.4591,-0.305501,-0.0651174
0.0356445,-0.208252,-1.01904,-1.39418,-0.34062,-0.0858698
0.0517578,-0.177002,-1.00586,-1.3729,-0.316675,-0.0560715
0.0148926,-0.119141,-1.03638,-1.43835,-0.170344,-0.02042
0.0229492,-0.147461,-0.973389,-1.46389,-0.251225,-0.0353191
0.0102539,-0.16626,-0.995117,-1.31543,-0.316143,-0.0853377
-0.0180664,-0.137939,-1.03174,-1.10631,-0.252822,0.0860026
-0.00634766,-0.0876465,-1.06055,-1.03181,-0.23739,0.157306
-0.0065918,-0.0588379,-1.05078,-0.980198,-0.309758,0.159966
0.00952148,-0.0209961,-1.04517,-0.907831,-0.401813,0.124315
0.0134277,0.00610352,-1.01562,-0.862069,-0.484291,0.0322592
0.0253906,-0.0393066,-0.997314,-0.841317,-0.376272,-0.00605293
-0.0124512,-0.0598145,-0.981445,-0.808858,-0.205464,0.0317271
-0.041748,-0.048584,-0.988525,-0.697646,-0.129904,0.0705713
-0.0390625,0.00683594,-1.00977,-0.404984,-0.200142,0.122186
-0.0351562,0.0234375,-1.0022,-0.244286,-0.280491,0.12059
-0.019043,0.0498047,-1.00317,-0.0968911,-0.34807,0.115269
-0.00854492,0.0878906,-1.03735,-0.096359,-0.311886,0.0780209
-0.0151367,0.144287,-1.06104,-0.302819,-0.213977,0.0152316
-0.0429688,0.146729,-1.08374,-0.733298,-0.119793,-0.0683101
-0.048584,0.00317383,-0.951416,-1.48145,-0.032527,-0.134292
-0.0388184,-0.03125,-0.889893,-1.38833,0.076024,-0.0943836
-0.0546875,-0.0249023,-0.929688,-1.0233,0.193089,-0.0385118
-0.0681152,0.00756836,-0.962646,-0.598141,0.252685,0.0546079
-0.0651855,0.0546875,-0.980469,-0.203314,0.214905,0.135489
-0.0532227,0.10376,-1.01416,0.154798,0.110611,0.162627
-0.0332031,0.14209,-1.05469,0.452249,-0.027738,0.178058
-0.0263672,0.175537,-1.08447,0.607626,-0.126179,0.171673
-0.013916,0.185303,-1.08154,0.590598,-0.220895,0.127507
-0.00756836,0.135986,-1.02563,0.342634,-0.279959,0.00937834
-0.0224609,0.0998535,-1.00098,0.214927,-0.218766,-0.0119062
-0.029541,0.0620117,-0.978271,0.148413,-0.154913,-0.0241448
-0.0441895,0.0429688,-0.994629,0.174486,-0.0974447,-0.0268053
-0.0664062,0.0307617,-0.992188,0.216523,-0.0623253,0.00405721
-0.0539551,0.0351562,-0.984863,0.279845,-0.0734996,0.0402409
-0.0524902,0.050293,-0.991211,0.363918,-0.0889309,0.0546079
-0.0419922,0.0688477,-0.992432,0.409148,-0.0985089,0.0578006
-0.0366211,0.0834961,-1.00122,0.35434,-0.0633895,0.0498189
-0.0273438,0.0668945,-1.02222,0.0664237,0.0778271,-0.00175275
-0.043457,0.0432129,-1.04443,-0.0276106,0.119572,-0.0235207
-0.060791,0.0305176,-1.0459,-0.0617377,0.111498,-0.014126
-0.0500488,0.036377,-1.03271,-0.0441521,0.0522086,-0.0096313
-0.0400391,0.0649414,-1.03345,0.019746,0.0400455,-0.0223815
-0.0395508,0.0629883,-1.05029,0.0197895,0.0505049,-0.0457295
-0.0507812,0.0476074,-1.06714,0.00165676,0.0394214,-0.0409926
-0.0583496,0.0241699,-1.05298,-0.0196741,0.00160188,-0.0130017
-0.0393066,0.0505371,-1.01855,-0.0217965,-0.0404993,0.00756392
-0.0358887,0.0524902,-1.00659,-0.0477551,-0.00576948,0.000111588
-0.0380859,0.0488281,-1.01538,-0.0803582,0.04526,-0.00819975
-0.0444336,0.0454102,-1.03101,-0.0934813,0.0851934,-0.00384784
-0.0537109,0.0424805,-1.04761,-0.0611099,0.0426359,0.00299565
-0.0466309,0.0456543,-1.05103,-0.032115,0.00889318,0.0107128
-0.0449219,0.043457,-1.05273,-0.000183673,-0.0100156,0.0203212
-0.036377,0.0432129,-1.04053,0.0309782,-0.0237951,0.0245052
-0.0493164,0.0461426,-1.05786,0.0484069,0.00430069,0.00625879
-0.0498047,0.0498047,-1.04565,-0.00261143,-0.0035923,0.0159745
-0.0351562,0.0625,-1.03442,-0.0451303,-0.0159687,0.0129931
-0.0334473,0.0686035,-1.03467,-0.0720845,-0.00987172,-0.0023794
-0.0344238,0.0454102,-1.02612,-0.0781369,-0.0070374,-0.0267287
-0.0380859,0.041748,-1.04688,-0.0585982,-0.00582924,-0.021411
-0.0534668,0.0371094,-1.04077,-0.0447232,-0.0212675,-0.00895142
-0.0478516,0.0375977,-1.01489,-0.0254704,-0.0695683,0.00216937
-0.0380859,0.0585938,-1.00732,0.0338232,-0.055429,0.0114643
-0.0483398,0.0498047,-1.00195,0.0278152,-0.00839581,0.0210546
-0.043457,0.036377,-1.0144,0.0209135,0.017771,0.0221051
-0.0483398,0.0292969,-1.03174,0.0307954,0.0272093,0.0366319
-0.0319824,0.0605469,-1.0271,0.0352462,-0.0160281,0.0720995
-0.0187988,0.0876465,-1.03223,0.0214147,-0.0312206,0.0573799
-0.0300293,0.0830078,-1.02563,-0.0408969,-0.0154089,0.0398993
-0.0383301,0.0495605,-1.01611,-0.0913212,0.0104076,0.0399764
-0.0368652,0.0407715,-1.01855,-0.0512125,0.0137919,0.040571
-0.0380859,0.0541992,-1.02856,-0.00168445,0.00515089,0.0266111
-0.0361328,0.0634766,-1.04175,0.028475,-0.0115905,0.0233735
-0.0341797,0.052002,-1.03906,0.0116908,-0.0139077,0.029561
-0.0419922,0.0454102,-1.03467,0.0373737,0.000448283,0.0241751
-0.0412598,0.0546875,-1.02368,0.0868443,-0.0115062,0.0189189
-0.0410156,0.0773926,-1.02783,0.127333,-0.0371935,0.00496151
-0.036377,0.0812988,-1.03418,0.109725,-0.0368165,0.00172622
1.06689,-1.06689,-1.06689,-2.31671,2.32417,2.32333
-0.0385742,0.050293,-1.02441,0.0283118,-0.00542189,-0.0158335
-0.0510254,0.0373535,-1.01465,0.0219174,-0.0130806,-0.0159713
-0.0505371,0.0307617,-1.01123,0.0411223,-0.0247091,0.00310805
-0.0432129,0.0336914,-1.01416,0.0666153,-0.0209979,0.0300363
-0.0415039,0.0524902,-1.03052,0.0759152,0.00703043,0.0417755
-0.0458984,0.0561523,-1.03809,0.052795,0.0136118,0.0376531
-0.0366211,0.0483398,-1.03955,0.0265969,-0.000217755,0.0201285
-0.032959,0.0488281,-1.04272,0.0223209,-0.00644399,0.0102962
-0.0324707,0.0534668,-1.03394,0.0165902,0.00046206,0.0199147
-0.0356445,0.0527344,-1.02783,-0.00406191,0.0243383,0.0168383
-0.0361328,0.0507812,-1.03125,-0.0174656,0.0305026,0.0107204
-0.0356445,0.052002,-1.03149,-0.026392,0.0354798,0.00474988
-0.0383301,0.0529785,-1.03101,-0.022121,0.0335863,0.00151968
-0.0371094,0.0527344,-1.02881,-0.00652852,0.0151211,0.00148306
-0.0473633,0.0517578,-1.03223,0.0102461,-0.000821986,-0.00011055
-0.0471191,0.048584,-1.01807,0.0110378,-0.0355946,0.0113165
-0.0351562,0.0361328,-0.999512,0.012849,-0.0570664,0.0198718
-0.0283203,0.0373535,-1.00073,0.0327917,-0.0234953,0.0204315
-0.0302734,0.0458984,-1.01904,0.0512153,0.0300385,0.00955337
-0.0344238,0.0488281,-1.04712,0.0541355,0.0485284,-0.00729413
-0.0424805,0.0534668,-1.06323,0.0263472,0.0380118,-0.0159463
-0.0432129,0.0444336,-1.04736,-0.0210238,-0.00756313,-0.0171199
-0.0319824,0.0405273,-1.02832,-0.0516746,-0.034384,-0.0193039
-0.0219727,0.0368652,-1.0144,-0.0561417,-0.0190153,-0.015723
-0.0356445,0.0393066,-1.02197,-0.0355751,0.0224668,-0.0106705
-0.0410156,0.0422363,-1.03857,0.00838324,-0.00403907,0.00672323
-0.0354004,0.0522461,-1.03687,0.0159706,-0.029387,0.0112348
-0.0317383,0.0549316,-1.03198,0.0223365,-0.0515276,0.00992554
-0.0314941,0.0544434,-1.02393,0.0166054,-0.0601525,0.00657062
-0.0339355,0.0537109,-1.01782,0.00478088,-0.0555873,-0.00293493
-0.0390625,0.0422363,-1.0022,-0.00987446,-0.0443814,-0.0163658
-0.0395508,0.0300293,-1.00391,-0.015868,-0.0168281,-0.0216836
-0.0412598,0.0334473,-1.02246,-0.0123699,0.0183699,-0.0149296
-0.0444336,0.0358887,-1.03638,-0.0193419,0.0366217,0.00100884
-0.0424805,0.0327148,-1.03296,-0.0157601,0.0160062,0.0108511
-0.027832,0.0415039,-1.02881,-0.00187877,0.0208134,0.0173404
-0.0270996,0.0551758,-1.05176,0.0147838,0.0353713,0.00809458
-0.0512695,0.0476074,-1.03638,-0.0359436,-0.0444132,-0.000409118
-0.0249023,0.0410156,-1.02124,-0.0542913,-0.0838477,-0.00870791
-0.0222168,0.0336914,-1.02124,-0.0576567,-0.0314561,-0.00486305
-0.0263672,0.0332031,-1.03149,-0.0453622,0.021231,0.00719782
-0.0383301,0.0380859,-1.04199,-0.0234975,0.0295473,0.00183147
-0.0424805,0.027832,-1.04126,0.0284784,-0.0500968,-0.0137914
-0.0246582,0.0383301,-1.04272,0.0573918,-0.0644684,-0.0191712
-0.0400391,0.0585938,-1.0542,0.0643175,-0.0478555,-0.0228636
-0.0371094,0.0715332,-1.02808,0.0196665,-0.0555303,0.00728688
-0.0371094,0.0441895,-1.00854,-0.0815497,-0.0131683,-0.0276812
-0.0458984,0.0263672,-0.999512,-0.0910091,0.0276537,-0.0264949
-0.0463867,0.0236816,-1.00977,-0.04935,0.031661,-0.0175478
-0.0466309,0.0383301,-1.02344,0.00117177,0.0215508,-0.00414269
-0.0393066,0.0578613,-1.03784,-0.012358,-0.0184346,0.00218862
-0.0275879,0.0546875,-1.02783,-0.0375055,-0.0252604,0.00213588
-0.0310059,0.0402832,-1.04028,-0.0397175,0.00131279,-0.00362778
-0.0478516,0.0371094,-1.0437,-0.0325289,0.0173792,-0.00457895
-0.0559082,0.0371094,-1.04272,-0.0198014,-0.00640768,-0.000314285
-0.0439453,0.0371094,-1.02466,-0.00374556,-0.0561052,0.00332832
-0.0324707,0.0405273,-1.00464,0.00621121,-0.0573497,0.00324812
-0.03125,0.043457,-1.00439,0.012293,-0.00611588,0.00888205
-0.0388184,0.0480957,-1.01318,5.31292e-05,0.0568656,0.017496
-0.0388184,0.0581055,-1.01953,0.00212901,0.0793828,0.0155165
-0.0490723,0.0566406,-1.03345,0.00882849,0.0655262,0.00423751
-0.043457,0.0495605,-1.03687,0.00809646,0.0265584,-0.00313467
-0.034668,0.041748,-1.03809,-0.00300374,-0.00264257,-0.00565559
-0.0349121,0.0458984,-1.03735,-0.00189278,-0.013484,-0.00707718
-0.0407715,0.0461426,-1.0293,-0.00496291,-0.0100433,-0.00223303
-0.0458984,0.0473633,-1.02222,0.00242675,-0.00408913,-0.00269851
-0.0476074,0.0458984,-1.03003,0.0132734,0.00899166,-0.00419136
-0.0446777,0.0378418,-1.03564,0.0171079,0.0300659,-0.00564823
-0.0507812,0.0314941,-1.06128,0.0286393,0.0459587,-0.0112243
-0.0556641,0.0275879,-1.06396,0.0201598,0.0334269,-0.00368379
-0.0432129,0.0410156,-1.05469,0.0129233,-0.00684465,0.00471362
-0.0241699,0.0620117,-1.04712,0.00534181,-0.0227777,0.00408075
-0.026123,0.0610352,-1.04736,-0.0108849,-0.00197654,-0.00640339
-0.034668,0.0539551,-1.04761,-0.0360679,0.0115726,-0.0192314
-0.0415039,0.0407715,-1.04395,-0.0596054,-0.00843925,-0.0249994
-0.036377,0.0187988,-1.01489,-0.0290889,-0.0731472,-0.0160884
-0.0351562,0.026123,-1.00879,0.0167903,-0.0838476,-0.000641297
-0.0407715,0.0402832,-1.01245,0.0459853,-0.0610556,0.0149529
-0.0456543,0.0529785,-1.02197,0.0334528,-0.0294655,0.0223819
-0.0483398,0.046875,-1.021,-0.00785791,-0.0168118,0.0166497
-0.0510254,0.0354004,-1.01392,-0.0325945,-0.0174453,0.00170836
-0.0498047,0.0229492,-1.01343,-0.0416756,0.00790104,0.00374436
-0.0483398,0.0178223,-1.00977,-0.029247,0.0274437,0.017675
-0.0495605,0.0268555,-1.01001,-0.00621276,0.0459962,0.0338664
-0.0380859,0.0568848,-1.03027,0.00276489,0.0412528,0.0429168
-0.0302734,0.0615234,-1.03247,-0.0144383,0.0215643,0.0304583
-0.0227051,0.057373,-1.03052,-0.0343427,0.0168903,0.0157035
-0.034668,0.0510254,-1.01709,-0.0324766,0.0242727,0.00442002
-0.0412598,0.0429688,-1.00977,-0.0187118,0.0210914,0.00327493
-0.0427246,0.0415039,-1.00928,0.00458788,0.0159095,0.00683105
-0.0424805,0.0388184,-1.01685,0.0179789,0.0191612,0.00978219
-0.0356445,0.048584,-1.03101,0.0242964,0.0270081,0.0105851
-0.0280762,0.0620117,-1.04272,0.0242303,0.022203,0.00409851
-0.0383301,0.0639648,-1.03906,-0.0293212,0.00297352,-0.0235226
-0.0375977,0.0529785,-1.01318,-0.0670422,-0.0100804,-0.0255523
-0.0354004,0.0458984,-0.991211,-0.0669846,0.000548322,-0.0218208
-0.0349121,0.0334473,-0.984619,-0.0414831,0.0301347,-0.0186986
-0.0395508,0.0371094,-1.02417,0.0228699,0.0886077,0.00200433
-0.0405273,0.0380859,-1.04395,0.031666,0.0662202,0.0149383
-0.0354004,0.0456543,-1.04639,0.0241522,0.0334671,0.022887
-0.0319824,0.0517578,-1.03613,0.0168195,0.00461897,0.0212969
-0.0388184,0.0544434,-1.03394,0.0117406,0.0102199,0.00364714
-0.036377,0.0478516,-1.02783,-0.00931396,0.017763,0.00875216
-0.0356445,0.0390625,-1.03418,-0.0308997,0.0240857,0.00179049
-0.0229492,0.0388184,-1.04004,-0.0343095,0.0385648,0.00694025
-0.0439453,0.0529785,-1.04956,0.0220813,0.0386741,0.015601
-0.0461426,0.0546875,-1.02759,0.0433595,-0.00951327,0.0198986
-0.0288086,0.0605469,-1.01562,0.0537391,-0.0471922,0.0111105
-0.012207,0.0598145,-1.0249,0.0399812,-0.0278799,0.000976268
-0.0322266,0.0541992,-1.0542,-0.0300479,0.0486083,-0.0109909
-0.0339355,0.0539551,-1.05273,-0.0303624,0.0167989,-0.0211119
-0.032959,0.0532227,-1.04517,-0.0135328,-0.0189177,-0.0237189
-0.0351562,0.0490723,-1.03442,-0.000224431,-0.0376756,-0.0231474
-0.0224609,0.0375977,-1.03857,-0.0225485,-0.000936673,-0.0075302
-0.0268555,0.0361328,-1.04492,-0.0282367,0.00791384,0.000959903
-0.0263672,0.0439453,-1.03931,-0.0234019,-0.00733628,0.00457181
-0.0307617,0.0537109,-1.01489,0.0119544,-0.0279311,0.00238448
-0.0307617,0.0534668,-1.01001,0.012705,-0.0282967,-0.00442375
-0.0283203,0.048584,-1.02075,0.000974415,-0.0177483,-0.00795219
-0.0280762,0.045166,-1.02417,-0.0135892,0.00137383,-0.00516412
-0.0380859,0.045166,-1.02637,0.0267236,-0.0433183,0.00171109
-0.0314941,0.0458984,-1.02222,0.0458127,-0.0588918,-0.00144588
-0.0361328,0.0400391,-1.01782,0.046786,-0.0533183,-0.0112776
-0.0258789,0.036377,-1.00244,0.0129433,-0.00685529,-0.00217787
-0.0275879,0.0534668,-1.02173,0.00743849,0.0317374,0.0035868
-0.0351562,0.0649414,-1.021,-0.0140317,0.0595336,0.0164826
-0.0356445,0.0629883,-1.02979,-0.0292723,0.0430397,0.00414178
-0.0224609,0.045166,-1.02563,-0.019739,0.00824867,-0.0198454
-0.0249023,0.0476074,-1.03003,-0.00524248,0.0111656,-0.00794279
-0.027832,0.0529785,-1.03613,-0.00771261,0.0176474,0.0031537
-0.0332031,0.0383301,-1.03198,0.0148027,0.000604837,-0.012501
-0.0322266,0.0478516,-1.03418,0.0388527,-0.00252548,-0.00700687
-0.0268555,0.0544434,-1.03516,0.0457058,-0.00765753,-0.003203
-0.0385742,0.0488281,-1.01733,-0.0218647,-0.00383798,-0.00624156
-0.0356445,0.0437012,-1.01025,-0.01978,-0.0089384,0.00533323
-0.041748,0.0358887,-1.00464,-0.0052825,-0.00872302,0.00832046
-0.0383301,0.0454102,-1.0144,0.0057499,0.0267989,0.043951
-0.0327148,0.0637207,-1.01611,-0.00217801,0.0188831,0.0434112
-0.0341797,0.0717773,-1.01587,-0.0161464,0.00544583,0.0283443
-0.0527344,0.0556641,-0.943115,-0.0411557,0.0086385,0.0230232
-0.0620117,0.0622559,-0.943115,-0.0225081,0.0463386,0.0411629
-0.0598145,0.0754395,-0.934326,-0.0141764,0.06859,0.0604234
-0.0412598,0.117676,-0.888184,0.0789433,0.0574157,0.054038
-0.029541,0.114014,-0.894775,0.104044,0.0794002,0.0252135
-0.0212402,0.105225,-0.924072,0.105691,0.112279,0.00487289
0.0078125,0.0422363,-0.963135,0.108352,0.189436,-0.0174758
0.000976562,0.0288086,-0.977783,0.124847,0.223491,-0.013751
-0.0129395,0.0241699,-0.986572,0.118462,0.251161,-0.00044823
0.00415039,0.00830078,-0.976318,0.133361,0.244775,-0.0174758
0.00683594,-0.00927734,-0.984375,0.146664,0.259143,-0.0270539
0.00830078,-0.0305176,-0.995361,0.167949,0.263399,-0.013751
-0.0124512,-0.00927734,-1.03833,0.386115,0.184115,0.0687264
-0.00512695,0.0136719,-1.07373,0.391968,0.142078,0.0687264
0.0292969,0.0458984,-1.07861,0.331839,0.0792885,0.0697906
0.0212402,0.00512695,-1.07544,0.0901624,0.161503,-0.0373071
0.0183105,-0.0229492,-1.06055,0.0957792,0.137878,-0.0462746
-0.000244141,-0.0310059,-1.07739,0.13813,0.102879,-0.0534682
0.0480957,-0.0270996,-1.01904,0.174846,0.0299798,0.00453205
0.0507812,-0.0222168,-1.00757,0.15817,0.0604148,-0.00596296
0.0583496,-0.0126953,-1.01611,0.119047,0.118677,-0.0182822
0.027832,-0.0136719,-1.05542,0.0514685,0.18732,-0.0400989
0.0571289,-0.0209961,-1.03735,-0.0943304,0.19477,0.00406648
0.0651855,-0.020752,-1.03345,-0.118808,0.243192,0.0189656
0.0708008,-0.0339355,-1.03613,-0.105505,0.297467,0.0386538
0.0703125,-0.0480957,-1.06787,0.0365693,0.318752,0.0716448
0.095459,-0.0344238,-1.09839,0.104148,0.260752,0.0721769
0.107666,0.000244141,-1.12231,0.120111,0.259687,0.0897366
0.0910645,0.0444336,-1.12085,0.108405,0.253834,0.0817549
0.0783691,0.0773926,-1.1106,0.0897806,0.172953,0.0274794
0.0881348,0.0146484,-1.07837,-0.0214309,-0.0404242,-0.0890532
0.0844727,-0.0341797,-1.04956,-0.0347338,-0.0813969,-0.0773467
0.0786133,-0.0744629,-1.02466,0.0123201,-0.076839,-0.0318626
0.076416,-0.0922852,-1.01636,0.223037,-0.0326737,0.046358
0.0795898,-0.065918,-1.04761,0.268266,0.0114916,0.079349
0.0866699,-0.0217285,-1.05811,0.242725,0.0396936,0.0963766
0.104248,0.0148926,-1.05103,0.15327,0.027832,0.0660125
0.11377,0.0373535,-1.02173,0.0223508,0.0385858,0.00522276
0.110596,0.0305176,-0.996338,-0.109568,0.0942587,-0.0530636
0.0900879,0.0102539,-0.981445,-0.209605,0.179929,-0.0871188
0.0646973,-0.0166016,-0.967041,-0.258028,0.246975,-0.0828619
0.0561523,-0.0407715,-0.949707,-0.252707,0.237929,-0.0637059
0.0473633,-0.0495605,-0.947021,-0.198431,0.216112,-0.0158158
0.067627,-0.0168457,-0.979492,-0.125,0.184718,0.0528268
0.0388184,0.103271,-1.5022,-1.09344,-0.543212,-0.00783407
0.0495605,-0.316895,-1.46118,-0.846544,-0.39156,-0.00304505
0.325439,0.167236,-1.00122,0.158616,-1.03808,0.115084
0.0810547,0.0141602,-0.994873,0.127222,-0.548001,-0.00889829
0.0307617,0.0231934,-0.953857,0.0931666,-0.448496,-0.0158158
0.0385742,-0.00683594,-1.0144,-0.0536965,0.0282767,-0.0051735
-0.0112305,-0.0222168,-1.04028,-0.112229,0.244847,0.0107899
-0.0888672,-0.045166,-1.0603,-0.121807,0.295929,0.120405
-0.0788574,-0.0456543,-1.03076,-0.0866875,0.155452,0.351342
0.0766602,0.026123,-1.02954,-0.0707241,0.0777632,0.558334
0.209961,0.116699,-1.02856,-0.0808342,0.146938,0.531728
0.397949,0.0605469,-0.984131,-0.0914765,0.235269,0.297599
0.0651855,0.0383301,-0.996338,-0.14522,0.444389,0.0145147
0.074707,0.000244141,-0.990723,-0.195771,0.71683,-0.0243296
0.0727539,0.00195312,-1.35498,-0.262285,1.09889,-0.0355039
0.195068,-0.015625,-1.08521,-0.051568,-0.00897117,0.0602763
0.0847168,0.0422363,-0.96582,0.0474049,-0.342606,0.0123862
0.09375,0.0268555,-0.973389,-0.00774361,-0.0866486,-0.00141381
0.128418,0.0065918,-1.04712,-0.0359456,0.0900128,-0.00726704
0.0915527,0.0395508,-0.988037,-0.000294034,-0.163273,-0.000881694
0.107666,0.0258789,-1.03345,-0.0343492,0.0501043,-0.00833127
0.111572,0.00805664,-1.03003,-0.0220972,-0.0191301,-0.00397619
0.111328,0.0146484,-1.02686,-0.0241611,-0.000493919,-0.00543825
0.10498,0.0100098,-1.01904,-0.0173475,-0.0482567,-0.00323005
0.112793,0.010498,-1.03174,-0.0190066,-0.0148979,-0.00522938
0.108154,0.00878906,-1.02832,-0.01751,-0.0358298,-0.00562266
0.108154,0.0153809,-1.02271,-0.0155302,-0.03237,-0.00444859
0.108154,0.020752,-1.02612,-0.0167139,-0.0253585,-0.00486069
0.106445,0.0214844,-1.02441,-0.0163111,-0.0268247,-0.00370498
0.106689,0.0234375,-1.02319,-0.0159181,-0.0241011,-0.00257712
0.104004,0.0200195,-1.02295,-0.0139767,-0.0235204,-0.00355361
0.105713,0.0180664,-1.02246,-0.0151978,-0.0229536,-0.00398727
0.105469,0.015625,-1.02441,-0.0153508,-0.0234391,-0.0033719
0.108887,0.0100098,-1.02295,-0.0144616,-0.0207971,-0.00380994
0.110352,0.00927734,-1.02466,-0.0135939,-0.0228924,-0.00371813
0.112305,0.010498,-1.02856,-0.012747,-0.0223408,-0.00362854
0.112305,0.0131836,-1.02759,-0.0129592,-0.0207639,-0.00457969
0.111816,0.0146484,-1.02881,-0.0126469,-0.0223407,-0.00395004
0.109131,0.0222168,-1.02368,-0.0139,-0.0202445,-0.00385486
0.107422,0.0246582,-1.02271,-0.0125265,-0.0213146,-0.0022041
0.105225,0.0244141,-1.02344,-0.0127439,-0.0192431,-0.00318957
0.104248,0.0197754,-1.02368,-0.0119176,-0.0192987,-0.00207413
0.106934,0.0148926,-1.02441,-0.0121497,-0.019353,-0.00358202
0.106201,0.0119629,-1.0293,-0.0108183,-0.0173288,-0.00297642
0.108887,0.00952148,-1.02393,-0.0100384,-0.0163919,-0.00238541
0.111084,0.0078125,-1.02637,-0.0108351,-0.0154776,-0.00232793
0.112549,0.0117188,-1.02734,-0.010574,-0.015624,-0.00123325
0.109375,0.015625,-1.02222,-0.0108385,-0.0168054,-0.00172283
0.107178,0.0209961,-1.02563,-0.00901943,-0.0189969,-0.00271989
0.105469,0.0251465,-1.02271,-0.0108793,-0.0159427,-5.79008e-05
0.104004,0.0231934,-1.02393,-0.0100978,-0.0150392,-0.00161438
0.102783,0.0202637,-1.02124,-0.0098545,-0.0120804,-0.00157548
0.104736,0.0175781,-1.02295,-0.00961704,-0.0143857,-0.00153751
0.107422,0.0100098,-1.02832,-0.0093853,-0.0135198,-0.00253905
0.109863,0.00976562,-1.02441,-0.00812057,-0.013194,-0.00195857
0.11084,0.00854492,-1.03027,-0.00896347,-0.0139147,-0.00243067
0.111328,0.0134277,-1.02734,-0.00926678,-0.0130601,-0.00133352
0.108887,0.0153809,-1.02539,-0.00852419,-0.0122261,0.000256487
0.105957,0.0227051,-1.02686,-0.0077995,-0.0119315,-0.00130757
0.105225,0.0227051,-1.02222,-0.00865014,-0.0121633,-0.00179535
0.10498,0.0244141,-1.02515,-0.00792241,-0.013428,-0.00227138
0.105713,0.0241699,-1.02002,-0.00721222,-0.0115466,-0.00273594
0.104736,0.0222168,-1.02246,-0.00755772,-0.0102298,-0.00163143
0.106201,0.019043,-1.02148,-0.00737561,-0.0105026,-0.00159212
0.107178,0.0146484,-1.02148,-0.00823646,-0.0112881,-0.00207304
0.10791,0.0109863,-1.02637,-0.00596083,-0.0104968,-0.000984509
0.110596,0.00952148,-1.02466,-0.00633649,-0.0112824,-0.00199937
0.110352,0.010498,-1.02808,-0.0061838,-0.0110106,-0.0014319
0.109131,0.0117188,-1.02881,-0.0055155,-0.00970668,-0.000358815
0.111328,0.0170898,-1.02539,-0.00642118,-0.00947279,-0.000869459
0.104736,0.0217285,-1.02393,-0.00626645,-0.00924453,-0.000848508
0.105225,0.0241699,-1.02515,-0.00663475,-0.0100603,-0.00134735
0.104248,0.0256348,-1.021,-0.00595558,-0.00774077,-0.000276306
0.105957,0.0236816,-1.02588,-0.0042542,-0.00807353,-0.00130823
0.107666,0.0124512,-1.02441,-0.00622885,-0.00787899,-0.00231529
0.109863,0.00976562,-1.0249,-0.00555947,-0.00820843,-0.00174021
0.108887,0.00756836,-1.02441,-0.00490622,-0.00904921,-0.00169827
0.109375,0.0109863,-1.02856,-0.0042687,-0.00831187,-0.00217664
0.110107,0.0153809,-1.02661,-0.00416584,-0.00759229,-0.00264348
0.109375,0.020752,-1.02466,-0.00562333,-0.00896722,-0.0015412
0.106689,0.0253906,-1.02344,-0.00496854,-0.00771256,-0.00150407
0.104492,0.0241699,-1.02515,-0.00432953,-0.00960388,-0.0025064
0.105225,0.0231934,-1.02197,-0.00474449,-0.00885317,-0.00140743
0.104492,0.015625,-1.02246,-0.002553,-0.00708197,-0.0018928
0.105957,0.0117188,-1.02612,-0.00508794,-0.00587274,-0.00288578
0.108154,0.010498,-1.0293,-0.00340747,-0.00625051,-0.000739077
0.108887,0.0090332,-1.02515,-0.00280607,-0.00713848,-0.00124056
0.109863,0.0102539,-1.0249,-0.00377703,-0.00592789,-0.000691375
0.107422,0.0192871,-1.0271,-0.00160886,-0.00578505,0.000363865
0.107666,0.0209961,-1.02563,-0.00260867,-0.00564565,-0.00120277
0.106201,0.026123,-1.02466,-0.00150723,-0.00550961,-0.00117379
0.104248,0.0219727,-1.02271,-0.00302878,-0.00641543,-0.00114551
0.106445,0.0178223,-1.02393,-0.00399438,-0.00470297,0.000439967
0.107178,0.0134277,-1.02344,-0.00285955,-0.00562822,-8.99257e-05
0.111084,0.00732422,-1.0249,-0.00382923,-0.00445402,-0.000607049
0.109863,0.0100098,-1.0271,-0.00425625,-0.00486599,-0.00266958
0.109863,0.0136719,-1.02393,-0.00311511,-0.00474874,-0.00260526
0.106934,0.0234375,-1.02441,-0.00252075,-0.00567289,-0.000465317
0.106201,0.0263672,-1.02319,-0.00142143,-0.00605548,6.51861e-05
0.10498,0.0263672,-1.02124,-0.00294505,-0.00487099,-0.000455675
0.106934,0.0166016,-1.02466,-0.00391267,-0.0052729,-0.00200257
0.104248,0.0141602,-1.02271,-0.0027798,-0.00514585,-0.000396441
0.106934,0.00952148,-1.02588,-0.00323211,-0.00554114,-0.000386888
0.110596,0.0109863,-1.0249,-0.00315423,-0.00229188,-0.00193544
0.110596,0.0129395,-1.02856,-0.00255893,-0.00535239,0.000188362
0.108887,0.0146484,-1.02466,-0.00249727,-0.00574271,-0.000335467
0.104248,0.0241699,-1.02344,-0.0024371,-0.00508504,-0.000846674
0.104736,0.0273438,-1.02197,-0.00237837,-0.00392393,0.000212309
0.104736,0.0236816,-1.02368,-0.00180177,-0.00434867,-0.000831388
0.105225,0.013916,-1.02295,-0.00175835,-0.0032053,0.000227227
0.108398,0.00830078,-1.02588,-0.00275457,-0.00312806,0.000741042
0.109131,0.00927734,-1.02539,-0.00113032,-0.0025334,-0.000834686
0.109863,0.00976562,-1.02734,-0.00214166,-0.00403022,-0.00133386
0.110596,0.0151367,-1.03076,-0.00209006,-0.00237524,-0.000782432
0.107178,0.0170898,-1.02686,-0.00359757,-0.00179871,0.000275003
0.108398,0.0244141,-1.02417,-0.00143372,-0.00331324,-0.000250914
0.108398,0.0253906,-1.02368,-0.000879877,-0.00219482,-0.000764159
0.104736,0.0236816,-1.02246,-0.00189726,-0.00266123,-0.000745745
0.104736,0.0222168,-1.02344,-0.00133225,-0.00363568,-0.000208485
0.103516,0.0219727,-1.02148,-0.00181944,-0.0025095,-0.000203461
0.107178,0.0112305,-1.02319,-0.00229489,-0.00348761,-0.000198558
0.10791,0.0107422,-1.02734,-0.00327817,-0.00288428,-0.00175165
0.108643,0.010498,-1.0271,-0.00267989,-0.00229549,-0.000151566
0.109619,0.0090332,-1.02441,-0.00209602,-0.00172088,-0.00118649
0.111816,0.00976562,-1.02661,-0.00204551,-0.00167941,-0.0011579
0.110107,0.0151367,-1.02637,-0.00147693,-0.00215824,-0.000610712
0.108643,0.0185547,-1.02393,-0.00196064,-0.00262552,0.000961875
0.106201,0.0227051,-1.02026,-0.00087481,-0.00360084,0.000419407
0.107422,0.0244141,-1.02368,-0.0024116,-0.00143691,-0.00062928
0.106689,0.0241699,-1.02222,-0.00235349,-0.00451803,0.000424464
0.104492,0.0241699,-1.02173,-0.00177749,-0.002332,-0.00114364
0.10498,0.0212402,-1.02393,-0.00173466,-0.00123722,-0.000596788
0.107422,0.0178223,-1.02344,-0.00169286,-0.00224599,-0.0011017
0.108887,0.0124512,-1.02271,-0.00165207,-0.00115329,-0.00107515
0.110107,0.00805664,-1.02563,-0.00213155,-0.00216408,-0.00156853
0.109619,0.0065918,-1.02344,-0.00259948,-0.00159264,2.71334e-05
0.109619,0.0100098,-1.02881,-0.000978967,-0.00155427,-0.000492811
0.110596,0.00976562,-1.02686,-0.000955378,-0.00203611,-0.00203881
0.108154,0.013916,-1.02808,-0.000932356,0.00060941,-0.000431808
0.112061,0.0178223,-1.02295,-0.00142918,-0.000963147,-0.000421403
0.108154,0.0205078,-1.02441,-0.000875452,-0.000939938,-0.000411249
0.108643,0.0249023,-1.02295,-0.00137365,-0.00247516,-0.000401339
0.104736,0.0227051,-1.02271,-0.000821257,-0.000857647,-0.000391668
0.106201,0.0246582,-1.021,-0.00135321,-0.00245369,-0.000391621
0.105957,0.0224609,-1.02271,-0.000820995,0.000738898,0.000672523
0.104736,0.0212402,-1.01611,-0.00188499,-0.000325288,0.000672442
0.105713,0.0192871,-1.02563,-0.00135272,-0.00138935,-0.000391736
0.107422,0.0144043,-1.02222,-0.000820506,-0.00138918,0.00014036
0.106934,0.0109863,-1.02393,-0.000820408,-0.00351721,-0.000391706
0.10791,0.0090332,-1.02808,-0.00028826,0.000739607,0.000672438
0.110107,0.00708008,-1.02515,-0.000820274,-0.00351687,0.000672357
0.109375,0.00830078,-1.02466,-0.00135222,-0.000324156,0.000672276
0.111084,0.0119629,-1.02441,-0.000287964,-0.000856165,0.000672195
0.111816,0.0163574,-1.02808,-0.000819978,-0.00298426,0.000672114
0.109375,0.020752,-1.0271,-0.000287831,0.000208395,-0.000924112
0.106201,0.0224609,-1.0249,0.000776301,-0.000323679,-0.000391952
0.105225,0.0253906,-1.02197,-0.000819938,-0.00032364,-0.000391905
0.106689,0.0251465,-1.01953,-0.00081984,-0.00298384,0.000672239
0.104248,0.0209961,-1.02124,-0.00241589,-0.00138734,-0.00198808
0.105957,0.0197754,-1.0271,-0.000819449,-0.00245127,0.000140349
0.104492,0.0158691,-1.02515,-0.0013514,-0.00191892,-0.000391716
0.10791,0.0129395,-1.02173,-0.000819188,-0.00351484,-0.000923717
0.107178,0.00830078,-1.02588,-0.00028704,-0.00457851,-0.000391558
0.111328,0.0107422,-1.0271,-0.000819054,0.000742525,0.000140538
0.108398,0.0107422,-1.03223,-0.001351,-0.00457805,-0.00198767
0.112305,0.0134277,-1.02588,0.000777353,-0.000853158,0.000140761
0.108887,0.0168457,-1.02466,-0.000286838,-0.0024492,-0.000391305
0.106201,0.0212402,-1.02393,0.000777293,-0.000320712,-0.000923306
0.104492,0.0263672,-1.02295,-0.000818946,-0.00191682,0.000140902
